[08/21/17, 13:26:20:862] info: ╔═════════════════════════════════════════════════════════════════════════════╗
[08/21/17, 13:26:20:863] info: ║      Slack 2.7.1, linux 4.12.8-2-ARCH on x64 at 08/21/17, 13:26:20:856      ║
[08/21/17, 13:26:20:864] info: ╚═════════════════════════════════════════════════════════════════════════════╝
[08/21/17, 13:26:21:386] info: TranslationLookup: locale set to en-US for renderer
[08/21/17, 13:26:21:450] info: WebViewLifeCycle: Creating subscribable lifecycle object
{ objectId: 'T033A3GM6', assignedId: 1 }
[08/21/17, 13:26:21:452] info: WebView LifeCycle: New webview component created for T033A3GM6:1', with state 'unloaded'
[08/21/17, 13:26:21:454] info: WebViewLifeCycle: Creating subscribable lifecycle object
{ objectId: 'T23HGJQ92', assignedId: 2 }
[08/21/17, 13:26:21:455] info: WebView LifeCycle: New webview component created for T23HGJQ92:2', with state 'unloaded'
[08/21/17, 13:26:21:457] info: WebViewLifeCycle: Creating subscribable lifecycle object
{ objectId: 'T4LJMNVAA', assignedId: 3 }
[08/21/17, 13:26:21:458] info: WebView LifeCycle: New webview component created for T4LJMNVAA:3', with state 'unloaded'
[08/21/17, 13:26:21:463] info: TeamsDisplay: T033A3GM6 usage: 14897935
[08/21/17, 13:26:21:464] info: TeamsDisplay: T23HGJQ92 usage: 0
[08/21/17, 13:26:21:464] info: TeamsDisplay: T4LJMNVAA usage: 0
[08/21/17, 13:26:21:467] info: Store: SET_NETWORK_STATUS online
[08/21/17, 13:26:21:598] info: Checking network connection to Slack...
[08/21/17, 13:26:21:612] info: Store: APP_STARTED
{ updated: { events: { eventId: 1 } } }
[08/21/17, 13:26:22:502] info: Store: SAVE_WINDOW_SETTINGS
{ updated: { windowFrame: { windowSettings: [Object] } } }
[08/21/17, 13:26:26:383] info: Store: SELECT_CHANNEL
{ updated: { appTeams: { selectedChannelId: 'C4K83EDMX' } } }
[08/21/17, 13:26:26:412] info: Store: SELECT_CHANNEL
{ updated: { appTeams: { selectedChannelId: 'C2A91B17T' } } }
[08/21/17, 13:26:26:601] info: Store: SELECT_CHANNEL
{ updated: { appTeams: { selectedChannelId: 'D3PBL01Q8' } } }
[08/21/17, 13:26:27:566] info: WebViewLifeCycle: State changed
{ id: 'T23HGJQ92',
  componentId: 2,
  newState: 'page-loaded',
  data: null }
[08/21/17, 13:26:27:567] info: Store: page-loaded
[08/21/17, 13:26:27:706] info: TeamView: Bugsnag user: U3P3K4XM3
[08/21/17, 13:26:27:711] info: WebViewLifeCycle: State changed
{ id: 'T033A3GM6',
  componentId: 1,
  newState: 'page-loaded',
  data: null }
[08/21/17, 13:26:27:712] info: Store: page-loaded
[08/21/17, 13:26:28:127] info: WebViewLifeCycle: State changed
{ id: 'T4LJMNVAA',
  componentId: 3,
  newState: 'page-loaded',
  data: null }
[08/21/17, 13:26:28:132] info: Store: page-loaded
[08/21/17, 13:26:28:900] info: Webapp finished loading
[08/21/17, 13:26:28:906] info: WebViewLifeCycle: State changed
{ id: 'T23HGJQ92',
  componentId: 2,
  newState: 'webapp-loaded',
  data: null }
[08/21/17, 13:26:28:908] info: Store: webapp-loaded
[08/21/17, 13:26:29:698] info: Webapp finished loading
[08/21/17, 13:26:29:700] info: WebViewLifeCycle: State changed
{ id: 'T033A3GM6',
  componentId: 1,
  newState: 'webapp-loaded',
  data: null }
[08/21/17, 13:26:29:701] info: Store: webapp-loaded
[08/21/17, 13:26:29:766] info: Webapp finished loading
[08/21/17, 13:26:29:772] info: WebViewLifeCycle: State changed
{ id: 'T4LJMNVAA',
  componentId: 3,
  newState: 'webapp-loaded',
  data: null }
[08/21/17, 13:26:29:774] info: Store: webapp-loaded
[08/21/17, 13:26:31:401] info: Store: NEW_NOTIFICATION
{ updated: { notifications: { notifications: [Object], newNotification: [Object] } },
  deleted: {} }
[08/21/17, 13:26:39:769] info: Store: SELECT_CHANNEL
{ updated: { appTeams: { selectedChannelId: 'D3R624WVB' } } }
[08/21/17, 13:26:51:407] info: Store: SELECT_CHANNEL
{ updated: { appTeams: { selectedChannelId: 'D3Q6NTT5J' } } }
[08/21/17, 13:26:55:015] info: Store: NEW_NOTIFICATION
{ updated: { notifications: { notifications: [Object], newNotification: [Object] } },
  deleted: {} }
[08/21/17, 13:27:03:537] info: Store: NEW_NOTIFICATION
{ updated: { notifications: { notifications: [Object], newNotification: [Object] } },
  deleted: {} }
[08/21/17, 13:27:03:611] info: Store: SELECT_CHANNEL
{ updated: { appTeams: { selectedChannelId: 'D3R624WVB' } } }
[08/21/17, 13:27:36:324] info: Store: NEW_NOTIFICATION
{ updated: { notifications: { notifications: [Object], newNotification: [Object] } },
  deleted: {} }
[08/21/17, 13:27:48:398] info: Store: SAVE_WINDOW_SETTINGS
{ updated: { windowFrame: { windowSettings: [Object] } } }
[08/21/17, 13:45:56:600] info: Store: NEW_NOTIFICATION
{ updated: { notifications: { notifications: [Object], newNotification: [Object] } },
  deleted: {} }
[08/21/17, 13:48:23:001] info: Store: NEW_NOTIFICATION
{ updated: { notifications: { notifications: [Object], newNotification: [Object] } },
  deleted: {} }
[08/21/17, 13:49:38:936] info: Store: NEW_NOTIFICATION
{ updated: { notifications: { notifications: [Object], newNotification: [Object] } },
  deleted: {} }
[08/21/17, 13:51:28:399] info: Store: SELECT_CHANNEL
{ updated: { appTeams: { selectedChannelId: 'G65LMC23C' } } }
[08/21/17, 13:51:47:788] info: Store: NEW_NOTIFICATION
{ updated: { notifications: { notifications: [Object], newNotification: [Object] } },
  deleted: {} }
[08/21/17, 13:53:02:626] info: Store: NEW_NOTIFICATION
{ updated: { notifications: { notifications: [Object], newNotification: [Object] } },
  deleted: {} }
[08/21/17, 13:53:11:330] info: Store: SELECT_CHANNEL
{ updated: { appTeams: { selectedChannelId: 'D3R624WVB' } } }
[08/21/17, 14:15:08:452] info: Store: NEW_NOTIFICATION
{ updated: { notifications: { notifications: [Object], newNotification: [Object] } },
  deleted: {} }
[08/21/17, 14:15:21:476] info: Store: SELECT_CHANNEL
{ updated: { appTeams: { selectedChannelId: 'G65LMC23C' } } }
[08/21/17, 14:19:11:183] info: Store: NEW_NOTIFICATION
{ updated: { notifications: { notifications: [Object], newNotification: [Object] } },
  deleted: {} }
[08/21/17, 14:19:21:528] info: Store: SELECT_CHANNEL
{ updated: { appTeams: { selectedChannelId: 'D3Q6NTT5J' } } }
[08/21/17, 14:20:53:229] info: Store: NEW_NOTIFICATION
{ updated: { notifications: { notifications: [Object], newNotification: [Object] } },
  deleted: {} }
[08/21/17, 14:21:15:962] info: Store: NEW_NOTIFICATION
{ updated: { notifications: { notifications: [Object], newNotification: [Object] } },
  deleted: {} }
[08/21/17, 14:21:37:485] info: Store: NEW_NOTIFICATION
{ updated: { notifications: { notifications: [Object], newNotification: [Object] } },
  deleted: {} }
[08/21/17, 14:28:13:360] info: Store: NEW_NOTIFICATION
{ updated: { notifications: { notifications: [Object], newNotification: [Object] } },
  deleted: {} }
[08/21/17, 14:28:42:601] info: Store: SELECT_CHANNEL
{ updated: { appTeams: { selectedChannelId: 'D3R624WVB' } } }
[08/21/17, 14:40:06:260] info: Store: NEW_NOTIFICATION
{ updated: { notifications: { notifications: [Object], newNotification: [Object] } },
  deleted: {} }
[08/21/17, 14:48:18:230] info: Store: NEW_NOTIFICATION
{ updated: { notifications: { notifications: [Object], newNotification: [Object] } },
  deleted: {} }
[08/21/17, 14:50:04:643] info: Store: NEW_NOTIFICATION
{ updated: { notifications: { notifications: [Object], newNotification: [Object] } },
  deleted: {} }
[08/21/17, 14:50:17:210] info: Store: NEW_NOTIFICATION
{ updated: { notifications: { notifications: [Object], newNotification: [Object] } },
  deleted: {} }
[08/21/17, 14:50:38:320] info: Store: NEW_NOTIFICATION
{ updated: { notifications: { notifications: [Object], newNotification: [Object] } },
  deleted: {} }
[08/21/17, 14:52:00:726] info: Store: NEW_NOTIFICATION
{ updated: { notifications: { notifications: [Object], newNotification: [Object] } },
  deleted: {} }
[08/21/17, 14:52:06:241] info: Store: NEW_NOTIFICATION
{ updated: { notifications: { notifications: [Object], newNotification: [Object] } },
  deleted: {} }
[08/21/17, 14:52:49:703] info: Store: NEW_NOTIFICATION
{ updated: { notifications: { notifications: [Object], newNotification: [Object] } },
  deleted: {} }
[08/21/17, 14:52:54:491] info: Store: NEW_NOTIFICATION
{ updated: { notifications: { notifications: [Object], newNotification: [Object] } },
  deleted: {} }
[08/21/17, 14:52:55:573] info: Store: NEW_NOTIFICATION
{ updated: { notifications: { notifications: [Object], newNotification: [Object] } },
  deleted: {} }
[08/21/17, 15:40:13:875] info: Store: NEW_NOTIFICATION
{ updated: { notifications: { notifications: [Object], newNotification: [Object] } },
  deleted: {} }
[08/21/17, 15:40:34:759] info: Store: NEW_NOTIFICATION
{ updated: { notifications: { notifications: [Object], newNotification: [Object] } },
  deleted: {} }
[08/21/17, 15:40:43:046] info: Store: NEW_NOTIFICATION
{ updated: { notifications: { notifications: [Object], newNotification: [Object] } },
  deleted: {} }
[08/21/17, 15:41:00:545] info: Store: NEW_NOTIFICATION
{ updated: { notifications: { notifications: [Object], newNotification: [Object] } },
  deleted: {} }
[08/21/17, 15:56:32:018] info: Store: NEW_NOTIFICATION
{ updated: { notifications: { notifications: [Object], newNotification: [Object] } },
  deleted: {} }
[08/21/17, 15:56:36:433] info: Store: CLICK_NOTIFICATION
{ notificationId: 'X6V6IoikN7YBv9G',
  channel: 'C3NU8JFCL',
  teamId: 'T033A3GM6',
  messageId: '1503323791.000348',
  threadTimestamp: undefined }
[08/21/17, 15:56:36:448] info: Store: CLICK_NOTIFICATION
{ updated: 
   { events: { '68': [Object], eventId: 68 },
     notifications: { notifications: [Object] } } }
[08/21/17, 15:56:38:462] info: Store: SELECT_CHANNEL
{ updated: { appTeams: { selectedChannelId: 'C3NU8JFCL' } } }
[08/21/17, 19:16:51:069] info: Store: SELECT_CHANNEL
{ updated: { appTeams: { selectedChannelId: 'C033A3GMJ' } } }
[08/21/17, 19:17:13:237] info: Store: NEW_NOTIFICATION
{ updated: { notifications: { notifications: [Object], newNotification: [Object] } },
  deleted: {} }
[08/21/17, 19:17:22:401] info: Store: CLICK_NOTIFICATION
{ notificationId: 'MjBwc5hW5GyPz8o',
  channel: 'C23HW8MS5',
  teamId: 'T23HGJQ92',
  messageId: '1503335832.000516',
  threadTimestamp: undefined }
[08/21/17, 19:17:22:415] info: Store: CLICK_NOTIFICATION
{ updated: 
   { events: { '74': [Object], eventId: 74 },
     notifications: { notifications: [Object] } } }
[08/21/17, 19:17:22:442] info: Store: SELECT_CHANNEL
{ updated: { appTeams: { selectedChannelId: 'C23HW8MS5' } } }
[08/21/17, 19:17:22:758] info: Store: SELECT_TEAM
{ updated: { appTeams: { selectedTeamId: 'T23HGJQ92' } } }
[08/21/17, 19:17:22:763] info: TeamsDisplay: Team T033A3GM6 was active for 21061297ms
[08/21/17, 19:18:04:111] info: Store: NEW_NOTIFICATION
{ updated: { notifications: { notifications: [Object], newNotification: [Object] } },
  deleted: {} }
[08/21/17, 19:18:13:500] info: Store: NEW_NOTIFICATION
{ updated: { notifications: { notifications: [Object], newNotification: [Object] } },
  deleted: {} }
[08/22/17, 10:02:37:996] info: Store: FOREGROUND_APP
{ updated: { events: { foregroundApp: [Object] } } }
[08/22/17, 10:02:40:578] info: Store: FOREGROUND_APP
{ updated: { events: { foregroundApp: [Object] } } }
[08/22/17, 10:02:51:969] info: Store: SELECT_TEAM T033A3GM6
[08/22/17, 10:02:51:990] info: Store: SELECT_TEAM
{ updated: { appTeams: { selectedTeamId: 'T033A3GM6' } } }
[08/22/17, 10:02:52:019] info: TeamsDisplay: Team T23HGJQ92 was active for 53129254ms
[08/22/17, 10:02:55:969] info: Store: SELECT_CHANNEL
{ updated: { appTeams: { selectedChannelId: 'D3Q6NTT5J' } } }
[08/22/17, 11:06:44:892] info: Store: NEW_NOTIFICATION
{ updated: { notifications: { notifications: [Object], newNotification: [Object] } },
  deleted: {} }
[08/22/17, 11:06:57:350] info: Store: SELECT_CHANNEL
{ updated: { appTeams: { selectedChannelId: 'D3PBL01Q8' } } }
[08/22/17, 11:07:34:739] info: Store: SELECT_CHANNEL
{ updated: { appTeams: { selectedChannelId: 'C033A3GML' } } }
[08/22/17, 11:07:36:278] info: Store: SELECT_CHANNEL
{ updated: { appTeams: { selectedChannelId: 'C04CTP01B' } } }
[08/22/17, 11:07:42:288] info: Store: SELECT_CHANNEL
{ updated: { appTeams: { selectedChannelId: 'C033A3GML' } } }
[08/22/17, 11:07:57:525] info: Store: SELECT_CHANNEL
{ updated: { appTeams: { selectedChannelId: 'C0A1SNAAH' } } }
[08/22/17, 11:08:00:946] info: Store: SELECT_CHANNEL
{ updated: { appTeams: { selectedChannelId: 'C3MEY9LF2' } } }
[08/22/17, 11:08:01:921] info: Store: NEW_NOTIFICATION
{ updated: { notifications: { notifications: [Object], newNotification: [Object] } },
  deleted: {} }
[08/22/17, 11:08:03:558] info: Store: SELECT_CHANNEL
{ updated: { appTeams: { selectedChannelId: 'C0SAJ5JFM' } } }
[08/22/17, 11:08:09:924] info: Store: SELECT_CHANNEL
{ updated: { appTeams: { selectedChannelId: 'C6737KPEG' } } }
[08/22/17, 11:08:14:893] info: Store: SELECT_CHANNEL
{ updated: { appTeams: { selectedChannelId: 'D3PBL01Q8' } } }
[08/22/17, 11:33:32:189] info: Store: NEW_NOTIFICATION
{ updated: { notifications: { notifications: [Object], newNotification: [Object] } },
  deleted: {} }
[08/22/17, 11:33:44:378] info: Store: SAVE_WINDOW_SETTINGS
{ updated: { windowFrame: { windowSettings: [Object] } } }
[08/22/17, 11:33:50:593] info: Store: SAVE_WINDOW_SETTINGS
{ updated: { windowFrame: { windowSettings: [Object] } } }
[08/22/17, 11:33:54:382] info: Store: SELECT_CHANNEL
{ updated: { appTeams: { selectedChannelId: 'D3Q6NTT5J' } } }
[08/22/17, 11:34:18:498] info: Store: SAVE_WINDOW_SETTINGS
{ updated: { windowFrame: { windowSettings: [Object] } } }
[08/22/17, 11:42:48:398] info: Store: NEW_NOTIFICATION
{ updated: { notifications: { notifications: [Object], newNotification: [Object] } },
  deleted: {} }
[08/22/17, 11:43:02:429] info: Store: SELECT_CHANNEL
{ updated: { appTeams: { selectedChannelId: 'D3PBL01Q8' } } }
[08/22/17, 11:43:34:033] info: Store: SELECT_CHANNEL
{ updated: { appTeams: { selectedChannelId: 'D3Q6NTT5J' } } }
[08/22/17, 11:44:13:647] info: Store: NEW_NOTIFICATION
{ updated: { notifications: { notifications: [Object], newNotification: [Object] } },
  deleted: {} }
[08/22/17, 11:44:29:089] info: Store: SELECT_CHANNEL
{ updated: { appTeams: { selectedChannelId: 'D3PBL01Q8' } } }
[08/22/17, 11:48:52:779] info: Store: NEW_NOTIFICATION
{ updated: { notifications: { notifications: [Object], newNotification: [Object] } },
  deleted: {} }
[08/22/17, 11:51:47:520] info: Store: NEW_NOTIFICATION
{ updated: { notifications: { notifications: [Object], newNotification: [Object] } },
  deleted: {} }
[08/22/17, 12:13:17:835] info: Store: NEW_NOTIFICATION
{ updated: { notifications: { notifications: [Object], newNotification: [Object] } },
  deleted: {} }
[08/22/17, 17:45:55:092] info: Store: NEW_NOTIFICATION
{ updated: { notifications: { notifications: [Object], newNotification: [Object] } },
  deleted: {} }
[08/22/17, 20:41:31:211] info: Store: QUIT_APP
{ updated: { events: { eventId: 159 } } }
[08/22/17, 20:41:31:236] info: Store: REMOVE_WINDOW
{ updated: {} }
[08/22/17, 20:41:31:277] info: TeamsDisplay: Team T033A3GM6 was active for 38319258ms
[08/22/17, 20:41:31:282] info: Store: UPDATE_TEAM_USAGE
{ T033A3GM6: 59380555, T23HGJQ92: 53129254 }
[08/22/17, 20:41:31:289] info: WebViewLifeCycle: State changed
{ id: 'T033A3GM6',
  componentId: 1,
  newState: 'component-disposed',
  data: null }
[08/22/17, 20:41:31:292] info: WebViewLifeCycle: Removing lifecycle object from storage
{ componentId: 1, id: 'T033A3GM6' }
[08/22/17, 20:41:31:294] info: WebViewLifeCycle: State changed
{ id: 'T23HGJQ92',
  componentId: 2,
  newState: 'component-disposed',
  data: null }
[08/22/17, 20:41:31:295] info: WebViewLifeCycle: Removing lifecycle object from storage
{ componentId: 2, id: 'T23HGJQ92' }
[08/22/17, 20:41:31:296] info: WebViewLifeCycle: State changed
{ id: 'T4LJMNVAA',
  componentId: 3,
  newState: 'component-disposed',
  data: null }
[08/22/17, 20:41:31:298] info: WebViewLifeCycle: Removing lifecycle object from storage
{ componentId: 3, id: 'T4LJMNVAA' }
[08/22/17, 20:41:31:305] info: Store: UPDATE_TEAM_USAGE
{ updated: { teams: { T033A3GM6: [Object], T23HGJQ92: [Object] } } }
