[09/04/17, 09:22:52:930] info: ╔═════════════════════════════════════════════════════════════════════════════╗
[09/04/17, 09:22:52:932] info: ║      Slack 2.7.1, linux 4.12.8-2-ARCH on x64 at 09/04/17, 09:22:52:923      ║
[09/04/17, 09:22:52:932] info: ╚═════════════════════════════════════════════════════════════════════════════╝
[09/04/17, 09:22:53:502] info: TranslationLookup: locale set to en-US for renderer
[09/04/17, 09:22:53:572] info: WebViewLifeCycle: Creating subscribable lifecycle object
{ objectId: 'T033A3GM6', assignedId: 1 }
[09/04/17, 09:22:53:574] info: WebView LifeCycle: New webview component created for T033A3GM6:1', with state 'unloaded'
[09/04/17, 09:22:53:576] info: WebViewLifeCycle: Creating subscribable lifecycle object
{ objectId: 'T23HGJQ92', assignedId: 2 }
[09/04/17, 09:22:53:578] info: WebView LifeCycle: New webview component created for T23HGJQ92:2', with state 'unloaded'
[09/04/17, 09:22:53:580] info: WebViewLifeCycle: Creating subscribable lifecycle object
{ objectId: 'T4LJMNVAA', assignedId: 3 }
[09/04/17, 09:22:53:581] info: WebView LifeCycle: New webview component created for T4LJMNVAA:3', with state 'unloaded'
[09/04/17, 09:22:53:587] info: TeamsDisplay: T033A3GM6 usage: 373410759
[09/04/17, 09:22:53:588] info: TeamsDisplay: T23HGJQ92 usage: 57857773
[09/04/17, 09:22:53:589] info: TeamsDisplay: T4LJMNVAA usage: 0
[09/04/17, 09:22:53:591] info: Store: SET_NETWORK_STATUS online
[09/04/17, 09:22:53:809] info: Checking network connection to Slack...
[09/04/17, 09:22:53:826] info: Store: APP_STARTED
{ updated: { events: { eventId: 1 } } }
[09/04/17, 09:22:54:637] info: Store: SAVE_WINDOW_SETTINGS
{ updated: { windowFrame: { windowSettings: [Object] } } }
[09/04/17, 09:22:55:605] info: Store: SET_LOGIN_DIALOG true
[09/04/17, 09:22:55:638] info: Store: SET_LOGIN_DIALOG
{ updated: { dialog: { isShowingLoginDialog: true } } }
[09/04/17, 09:22:55:662] info: WebViewLifeCycle: Creating subscribable lifecycle object
{ objectId: 'login', assignedId: 4 }
[09/04/17, 09:22:55:665] info: WebView LifeCycle: New webview component created for login:4', with state 'unloaded'
[09/04/17, 09:22:55:684] info: Store: FOREGROUND_APP
{ updated: { events: { foregroundApp: [Object] } } }
[09/04/17, 09:22:58:325] info: WebViewLifeCycle: State changed
{ id: 'login',
  componentId: 4,
  newState: 'page-loaded',
  data: null }
[09/04/17, 09:22:58:327] info: Store: page-loaded
[09/04/17, 09:23:00:746] info: Store: SELECT_CHANNEL
{ updated: { appTeams: { selectedChannelId: 'D4MP6QDB8' } } }
[09/04/17, 09:23:00:848] info: Store: SELECT_CHANNEL
{ updated: { appTeams: { selectedChannelId: 'C28QY27RT' } } }
[09/04/17, 09:23:01:208] info: Store: SELECT_CHANNEL
{ updated: { appTeams: { selectedChannelId: 'C3NU8JFCL' } } }
[09/04/17, 09:23:01:839] info: WebViewLifeCycle: State changed
{ id: 'T4LJMNVAA',
  componentId: 3,
  newState: 'page-loaded',
  data: null }
[09/04/17, 09:23:01:846] info: Store: page-loaded
[09/04/17, 09:23:02:928] info: WebViewLifeCycle: State changed
{ id: 'T23HGJQ92',
  componentId: 2,
  newState: 'page-loaded',
  data: null }
[09/04/17, 09:23:02:930] info: Store: page-loaded
[09/04/17, 09:23:02:938] info: Webapp finished loading
[09/04/17, 09:23:02:940] info: WebViewLifeCycle: State changed
{ id: 'T4LJMNVAA',
  componentId: 3,
  newState: 'webapp-loaded',
  data: null }
[09/04/17, 09:23:02:941] info: Store: webapp-loaded
[09/04/17, 09:23:03:007] info: TeamView: Bugsnag user: U3P3K4XM3
[09/04/17, 09:23:03:044] info: WebViewLifeCycle: State changed
{ id: 'T033A3GM6',
  componentId: 1,
  newState: 'page-loaded',
  data: null }
[09/04/17, 09:23:03:050] info: Store: page-loaded
[09/04/17, 09:23:04:986] info: Webapp finished loading
[09/04/17, 09:23:04:988] info: WebViewLifeCycle: State changed
{ id: 'T23HGJQ92',
  componentId: 2,
  newState: 'webapp-loaded',
  data: null }
[09/04/17, 09:23:04:990] info: Store: webapp-loaded
[09/04/17, 09:23:05:354] info: Webapp finished loading
[09/04/17, 09:23:05:356] info: WebViewLifeCycle: State changed
{ id: 'T033A3GM6',
  componentId: 1,
  newState: 'webapp-loaded',
  data: null }
[09/04/17, 09:23:05:357] info: Store: webapp-loaded
[09/04/17, 09:23:05:521] info: WebViewLifeCycle: State changed
{ id: 'login',
  componentId: 4,
  newState: 'page-loaded',
  data: null }
[09/04/17, 09:23:05:523] info: Store: page-loaded
[09/04/17, 09:23:08:715] info: WebView: Received redirect request from https://slack.com/signin to https://ajoursystem.slack.com/.
[09/04/17, 09:23:08:718] info: WebViewLifeCycle: State changed
{ id: 'login',
  componentId: 4,
  newState: 'page-redirect',
  data: null }
[09/04/17, 09:23:10:461] info: WebViewLifeCycle: State changed
{ id: 'login',
  componentId: 4,
  newState: 'page-loaded',
  data: null }
[09/04/17, 09:23:10:462] info: Store: page-loaded
[09/04/17, 09:23:25:343] info: WebViewLifeCycle: State changed
{ id: 'login',
  componentId: 4,
  newState: 'page-loaded',
  data: null }
[09/04/17, 09:23:25:344] info: Store: page-loaded
[09/04/17, 09:23:34:443] info: WebViewLifeCycle: State changed
{ id: 'login',
  componentId: 4,
  newState: 'page-loaded',
  data: null }
[09/04/17, 09:23:34:445] info: Store: page-loaded
[09/04/17, 09:23:47:894] info: WebView: Received redirect request from https://ajoursystem.slack.com/ to https://slack.com/checkcookie?redir=https%3A%2F%2Fajoursystem.slack.com%2Fsignin%3Fssb_success%3D1%26ssb_relogin%3D.
[09/04/17, 09:23:47:898] info: WebViewLifeCycle: State changed
{ id: 'login',
  componentId: 4,
  newState: 'page-redirect',
  data: null }
[09/04/17, 09:23:48:270] info: WebView: Received redirect request from https://slack.com/checkcookie?redir=https%3A%2F%2Fajoursystem.slack.com%2Fsignin%3Fssb_success%3D1%26ssb_relogin%3D to https://ajoursystem.slack.com/signin?ssb_success=1&ssb_relogin=.
[09/04/17, 09:23:48:274] info: WebViewLifeCycle: State changed
{ id: 'login',
  componentId: 4,
  newState: 'page-redirect',
  data: null }
[09/04/17, 09:23:49:270] info: Store: ADD_NEW_TEAM
{ updated: 
   { appTeams: 
      { selectedTeamId: 'T1608S4F7',
        teamsByIndex: [Object],
        teamsToSignOut: [] },
     events: { refreshTeam: [Object] },
     teams: { T1608S4F7: [Object] } },
  deleted: 
   { events: 
      { '1': true,
        '2': true,
        '3': true,
        '4': true,
        '5': true,
        '6': true,
        '7': true,
        '8': true,
        '9': true,
        '10': true,
        '11': true,
        '12': true,
        '13': true,
        '14': true,
        '15': true,
        refreshTeam: [Object] } } }
[09/04/17, 09:23:49:281] info: WebViewLifeCycle: Creating subscribable lifecycle object
{ objectId: 'T1608S4F7', assignedId: 5 }
[09/04/17, 09:23:49:285] info: WebView LifeCycle: New webview component created for T1608S4F7:5', with state 'unloaded'
[09/04/17, 09:23:49:287] info: TeamsDisplay: Team T033A3GM6 was active for 55697ms
[09/04/17, 09:23:49:327] info: Store: SET_LOGIN_DIALOG
{ updated: { dialog: { isShowingLoginDialog: false } } }
[09/04/17, 09:23:49:330] info: WebViewLifeCycle: State changed
{ id: 'login',
  componentId: 4,
  newState: 'component-disposed',
  data: null }
[09/04/17, 09:23:49:336] info: WebViewLifeCycle: Removing lifecycle object from storage
{ componentId: 4, id: 'login' }
[09/04/17, 09:23:49:349] warn: Base Component: Attempting to update LoginView when unmounted.
[09/04/17, 09:23:49:353] warn: Base Component: Attempting to update FullScreenModal when unmounted.
[09/04/17, 09:23:49:356] warn: Base Component: Attempting to update WebViewLifeCycleComponent when unmounted.
[09/04/17, 09:23:51:298] info: Store: SET_LOGIN_DIALOG true
[09/04/17, 09:23:51:325] info: Store: SET_LOGIN_DIALOG
{ updated: { dialog: { isShowingLoginDialog: true } } }
[09/04/17, 09:23:51:342] info: WebViewLifeCycle: Creating subscribable lifecycle object
{ objectId: 'login', assignedId: 6 }
[09/04/17, 09:23:51:345] info: WebView LifeCycle: New webview component created for login:6', with state 'unloaded'
[09/04/17, 09:23:51:354] info: Store: FOREGROUND_APP
{ updated: { events: { foregroundApp: [Object] } } }
[09/04/17, 09:23:52:632] info: WebViewLifeCycle: State changed
{ id: 'login',
  componentId: 6,
  newState: 'page-loaded',
  data: null }
[09/04/17, 09:23:52:633] info: Store: page-loaded
[09/04/17, 09:23:53:997] info: WebViewLifeCycle: State changed
{ id: 'T1608S4F7',
  componentId: 5,
  newState: 'page-loaded',
  data: null }
[09/04/17, 09:23:54:002] info: Store: page-loaded
[09/04/17, 09:23:54:991] info: Store: UPDATE_TEAM_ICONS
{ updated: { teams: { T1608S4F7: [Object] } } }
[09/04/17, 09:23:55:297] info: Store: SELECT_CHANNEL
{ updated: { appTeams: { selectedChannelId: 'C1608S78V' } } }
[09/04/17, 09:23:55:450] info: Store: UPDATE_TEAM_LOCALE
{ updated: { teams: { T1608S4F7: [Object] } } }
[09/04/17, 09:23:55:474] info: Store: UPDATE_TEAM_THEME
{ updated: { teams: { T1608S4F7: [Object] } } }
[09/04/17, 09:23:55:744] info: Store: SELECT_CHANNEL
{ updated: { appTeams: { selectedChannelId: 'D6V9QJ6BT' } } }
[09/04/17, 09:23:55:840] info: Webapp finished loading
[09/04/17, 09:23:55:842] info: WebViewLifeCycle: State changed
{ id: 'T1608S4F7',
  componentId: 5,
  newState: 'webapp-loaded',
  data: null }
[09/04/17, 09:23:55:843] info: Store: webapp-loaded
[09/04/17, 09:23:55:902] info: Store: [7] Store an API token for a team
{ updated: { tokens: { T1608S4F7: [Object] } } }
[09/04/17, 09:23:57:705] info: WebView: Received redirect request from https://slack.com/signin to https://codeodense.slack.com/.
[09/04/17, 09:23:57:708] info: WebViewLifeCycle: State changed
{ id: 'login',
  componentId: 6,
  newState: 'page-redirect',
  data: null }
[09/04/17, 09:24:00:383] info: WebViewLifeCycle: State changed
{ id: 'login',
  componentId: 6,
  newState: 'page-loaded',
  data: null }
[09/04/17, 09:24:00:384] info: Store: page-loaded
[09/04/17, 09:24:09:150] info: WebViewLifeCycle: State changed
{ id: 'login',
  componentId: 6,
  newState: 'page-loaded',
  data: null }
[09/04/17, 09:24:09:151] info: Store: page-loaded
[09/04/17, 09:24:23:707] info: WebViewLifeCycle: State changed
{ id: 'login',
  componentId: 6,
  newState: 'page-loaded',
  data: null }
[09/04/17, 09:24:23:708] info: Store: page-loaded
[09/04/17, 09:24:30:645] info: WebViewLifeCycle: State changed
{ id: 'login',
  componentId: 6,
  newState: 'page-loaded',
  data: null }
[09/04/17, 09:24:30:646] info: Store: page-loaded
[09/04/17, 09:24:51:638] info: Store: SET_LOGIN_DIALOG
[09/04/17, 09:24:51:686] info: Store: SET_LOGIN_DIALOG
{ updated: { dialog: { isShowingLoginDialog: false } } }
[09/04/17, 09:24:51:691] info: WebViewLifeCycle: State changed
{ id: 'login',
  componentId: 6,
  newState: 'component-disposed',
  data: null }
[09/04/17, 09:24:51:693] info: WebViewLifeCycle: Removing lifecycle object from storage
{ componentId: 6, id: 'login' }
[09/04/17, 09:24:51:708] warn: Base Component: Attempting to update LoginView when unmounted.
[09/04/17, 09:24:51:715] warn: Base Component: Attempting to update FullScreenModal when unmounted.
[09/04/17, 09:24:51:717] warn: Base Component: Attempting to update WebViewLifeCycleComponent when unmounted.
[09/04/17, 09:25:53:983] info: Store: SET_LOGIN_DIALOG true
[09/04/17, 09:25:54:626] info: Store: SET_LOGIN_DIALOG
{ updated: { dialog: { isShowingLoginDialog: true } } }
[09/04/17, 09:25:54:656] info: WebViewLifeCycle: Creating subscribable lifecycle object
{ objectId: 'login', assignedId: 7 }
[09/04/17, 09:25:54:663] info: WebView LifeCycle: New webview component created for login:7', with state 'unloaded'
[09/04/17, 09:25:54:674] info: Store: FOREGROUND_APP
{ updated: { events: { foregroundApp: [Object] } } }
[09/04/17, 09:26:02:458] info: WebViewLifeCycle: State changed
{ id: 'login',
  componentId: 7,
  newState: 'page-loaded',
  data: null }
[09/04/17, 09:26:02:471] info: Store: page-loaded
[09/04/17, 09:26:08:666] info: WebView: Received redirect request from https://slack.com/signin to https://codeodense.slack.com/.
[09/04/17, 09:26:08:668] info: WebViewLifeCycle: State changed
{ id: 'login',
  componentId: 7,
  newState: 'page-redirect',
  data: null }
[09/04/17, 09:26:10:328] info: WebViewLifeCycle: State changed
{ id: 'login',
  componentId: 7,
  newState: 'page-loaded',
  data: null }
[09/04/17, 09:26:10:329] info: Store: page-loaded
[09/04/17, 09:26:29:705] info: WebViewLifeCycle: State changed
{ id: 'login',
  componentId: 7,
  newState: 'page-loaded',
  data: null }
[09/04/17, 09:26:29:705] info: Store: page-loaded
[09/04/17, 09:27:05:492] info: WebViewLifeCycle: State changed
{ id: 'login',
  componentId: 7,
  newState: 'page-loaded',
  data: null }
[09/04/17, 09:27:05:495] info: Store: page-loaded
[09/04/17, 09:27:12:738] info: WebViewLifeCycle: State changed
{ id: 'login',
  componentId: 7,
  newState: 'page-loaded',
  data: null }
[09/04/17, 09:27:12:739] info: Store: page-loaded
[09/04/17, 09:27:19:468] info: WebViewLifeCycle: State changed
{ id: 'login',
  componentId: 7,
  newState: 'page-loaded',
  data: null }
[09/04/17, 09:27:19:469] info: Store: page-loaded
[09/04/17, 09:27:30:723] info: Store: SET_LOGIN_DIALOG
[09/04/17, 09:27:30:742] info: Store: SET_LOGIN_DIALOG
{ updated: { dialog: { isShowingLoginDialog: false } } }
[09/04/17, 09:27:30:749] info: WebViewLifeCycle: State changed
{ id: 'login',
  componentId: 7,
  newState: 'component-disposed',
  data: null }
[09/04/17, 09:27:30:754] info: WebViewLifeCycle: Removing lifecycle object from storage
{ componentId: 7, id: 'login' }
[09/04/17, 09:27:30:765] warn: Base Component: Attempting to update LoginView when unmounted.
[09/04/17, 09:27:30:767] warn: Base Component: Attempting to update FullScreenModal when unmounted.
[09/04/17, 09:27:30:768] warn: Base Component: Attempting to update WebViewLifeCycleComponent when unmounted.
[09/04/17, 09:29:54:769] info: Store: HANDLE_DEEP_LINK
{ updated: { events: { handleDeepLink: [Object] } } }
[09/04/17, 09:29:54:787] info: TeamsDisplay: Instructing team T033A3GM6 to handle the deep link slack://T1E5B7AMD/magic-login/236672258982-fH4gY5M85Q
[09/04/17, 09:29:55:626] info: Store: ADD_NEW_TEAM
{ updated: 
   { appTeams: 
      { selectedTeamId: 'T1E5B7AMD',
        teamsByIndex: [Object],
        teamsToSignOut: [] },
     events: { refreshTeam: [Object] },
     teams: { T1E5B7AMD: [Object] } },
  deleted: 
   { events: 
      { '1': true,
        '2': true,
        '3': true,
        '4': true,
        '5': true,
        '6': true,
        '7': true,
        '8': true,
        '9': true,
        '10': true,
        '11': true,
        '12': true,
        '13': true,
        '14': true,
        '15': true,
        '16': true,
        '17': true,
        '18': true,
        '19': true,
        '20': true,
        '21': true,
        '22': true,
        '23': true,
        '24': true,
        '25': true,
        '26': true,
        '27': true,
        '28': true,
        '29': true,
        '30': true,
        '31': true,
        '32': true,
        '33': true,
        '34': true,
        '35': true,
        '36': true,
        '37': true,
        '38': true,
        '39': true,
        '40': true,
        '41': true,
        '42': true,
        '43': true,
        '44': true,
        '45': true } } }
[09/04/17, 09:29:55:637] info: WebViewLifeCycle: Creating subscribable lifecycle object
{ objectId: 'T1E5B7AMD', assignedId: 8 }
[09/04/17, 09:29:55:641] info: WebView LifeCycle: New webview component created for T1E5B7AMD:8', with state 'unloaded'
[09/04/17, 09:29:55:647] info: TeamsDisplay: Team T1608S4F7 was active for 366360ms
[09/04/17, 09:29:59:507] info: WebViewLifeCycle: State changed
{ id: 'T1E5B7AMD',
  componentId: 8,
  newState: 'page-loaded',
  data: null }
[09/04/17, 09:29:59:510] info: Store: page-loaded
[09/04/17, 09:29:59:902] info: Store: SELECT_CHANNEL
{ updated: { appTeams: { selectedChannelId: 'C1E5B7C5V' } } }
[09/04/17, 09:29:59:912] info: Store: UPDATE_TEAM_LOCALE
{ updated: { teams: { T1E5B7AMD: [Object] } } }
[09/04/17, 09:29:59:941] info: Store: UPDATE_TEAM_THEME
{ updated: { teams: { T1E5B7AMD: [Object] } } }
[09/04/17, 09:30:01:735] info: Store: UPDATE_TEAM_ICONS
{ updated: { teams: { T1E5B7AMD: [Object] } } }
[09/04/17, 09:30:02:156] info: Webapp finished loading
[09/04/17, 09:30:02:157] info: WebViewLifeCycle: State changed
{ id: 'T1E5B7AMD',
  componentId: 8,
  newState: 'webapp-loaded',
  data: null }
[09/04/17, 09:30:02:158] info: Store: webapp-loaded
[09/04/17, 09:30:02:271] info: Store: [7] Store an API token for a team
{ updated: { tokens: { T1E5B7AMD: [Object] } } }
[09/04/17, 10:32:48:194] info: Store: SAVE_WINDOW_SETTINGS
{ updated: { windowFrame: { windowSettings: [Object] } } }
[09/04/17, 10:55:08:116] info: Store: SELECT_TEAM T033A3GM6
[09/04/17, 10:55:08:156] info: Store: SELECT_TEAM
{ updated: { appTeams: { selectedTeamId: 'T033A3GM6' } } }
[09/04/17, 10:55:08:169] info: TeamsDisplay: Team T1E5B7AMD was active for 5112521ms
[09/04/17, 11:11:57:941] info: Store: SAVE_WINDOW_SETTINGS
{ updated: { windowFrame: { windowSettings: [Object] } } }
[09/04/17, 11:12:12:224] info: Store: SAVE_WINDOW_SETTINGS
{ updated: { windowFrame: { windowSettings: [Object] } } }
[09/04/17, 11:31:14:722] info: Store: SAVE_WINDOW_SETTINGS
{ updated: { windowFrame: { windowSettings: [Object] } } }
