[09/04/17, 12:43:45:695] info: ╔═════════════════════════════════════════════════════════════════════════════╗
[09/04/17, 12:43:45:700] info: ║      Slack 2.7.1, linux 4.12.8-2-ARCH on x64 at 09/04/17, 12:43:45:660      ║
[09/04/17, 12:43:45:702] info: ╚═════════════════════════════════════════════════════════════════════════════╝
[09/04/17, 12:43:49:934] info: TranslationLookup: locale set to en-US for renderer
[09/04/17, 12:43:50:262] info: WebViewLifeCycle: Creating subscribable lifecycle object
{ objectId: 'T033A3GM6', assignedId: 1 }
[09/04/17, 12:43:50:272] info: WebView LifeCycle: New webview component created for T033A3GM6:1', with state 'unloaded'
[09/04/17, 12:43:50:280] info: WebViewLifeCycle: Creating subscribable lifecycle object
{ objectId: 'T23HGJQ92', assignedId: 2 }
[09/04/17, 12:43:50:289] info: WebView LifeCycle: New webview component created for T23HGJQ92:2', with state 'unloaded'
[09/04/17, 12:43:50:309] info: WebViewLifeCycle: Creating subscribable lifecycle object
{ objectId: 'T4LJMNVAA', assignedId: 3 }
[09/04/17, 12:43:50:316] info: WebView LifeCycle: New webview component created for T4LJMNVAA:3', with state 'unloaded'
[09/04/17, 12:43:50:322] info: WebViewLifeCycle: Creating subscribable lifecycle object
{ objectId: 'T1608S4F7', assignedId: 4 }
[09/04/17, 12:43:50:326] info: WebView LifeCycle: New webview component created for T1608S4F7:4', with state 'unloaded'
[09/04/17, 12:43:50:333] info: WebViewLifeCycle: Creating subscribable lifecycle object
{ objectId: 'T1E5B7AMD', assignedId: 5 }
[09/04/17, 12:43:50:359] info: WebView LifeCycle: New webview component created for T1E5B7AMD:5', with state 'unloaded'
[09/04/17, 12:43:50:419] info: TeamsDisplay: T033A3GM6 usage: 373410759
[09/04/17, 12:43:50:424] info: TeamsDisplay: T23HGJQ92 usage: 57857773
[09/04/17, 12:43:50:433] info: TeamsDisplay: T4LJMNVAA usage: 0
[09/04/17, 12:43:50:445] info: TeamsDisplay: T1608S4F7 usage: 0
[09/04/17, 12:43:50:449] info: TeamsDisplay: T1E5B7AMD usage: 0
[09/04/17, 12:43:50:467] info: Store: SET_NETWORK_STATUS online
[09/04/17, 12:43:50:708] info: Store: SAVE_WINDOW_SETTINGS
{ updated: { windowFrame: { windowSettings: [Object] } } }
[09/04/17, 12:43:51:182] info: Checking network connection to Slack...
[09/04/17, 12:43:51:204] info: Store: APP_STARTED
{ updated: { events: { eventId: 2 } } }
[09/04/17, 12:44:14:382] info: Store: SELECT_CHANNEL
{ updated: { appTeams: { selectedChannelId: 'C1E5B7C5V' } } }
[09/04/17, 12:44:14:510] info: Store: SELECT_CHANNEL
{ updated: { appTeams: { selectedChannelId: 'D6V9QJ6BT' } } }
[09/04/17, 12:44:17:070] info: Store: SELECT_CHANNEL
{ updated: { appTeams: { selectedChannelId: 'C28QY27RT' } } }
[09/04/17, 12:44:17:114] info: Store: SELECT_CHANNEL
{ updated: { appTeams: { selectedChannelId: 'D4MP6QDB8' } } }
[09/04/17, 12:44:18:318] info: WebViewLifeCycle: State changed
{ id: 'T1608S4F7',
  componentId: 4,
  newState: 'page-loaded',
  data: null }
[09/04/17, 12:44:18:332] info: Store: page-loaded
[09/04/17, 12:44:18:367] info: Store: SELECT_CHANNEL
{ updated: { appTeams: { selectedChannelId: 'C3NU8JFCL' } } }
[09/04/17, 12:44:20:424] info: WebViewLifeCycle: State changed
{ id: 'T1E5B7AMD',
  componentId: 5,
  newState: 'page-loaded',
  data: null }
[09/04/17, 12:44:20:430] info: Store: page-loaded
[09/04/17, 12:44:20:908] info: WebViewLifeCycle: State changed
{ id: 'T4LJMNVAA',
  componentId: 3,
  newState: 'page-loaded',
  data: null }
[09/04/17, 12:44:20:914] info: Store: page-loaded
[09/04/17, 12:44:21:411] info: Webapp finished loading
[09/04/17, 12:44:21:433] info: WebViewLifeCycle: State changed
{ id: 'T1608S4F7',
  componentId: 4,
  newState: 'webapp-loaded',
  data: null }
[09/04/17, 12:44:21:454] info: Store: webapp-loaded
[09/04/17, 12:44:23:791] info: WebViewLifeCycle: State changed
{ id: 'T23HGJQ92',
  componentId: 2,
  newState: 'page-loaded',
  data: null }
[09/04/17, 12:44:23:795] info: Store: page-loaded
[09/04/17, 12:44:24:524] info: TeamView: Bugsnag user: U3P3K4XM3
[09/04/17, 12:44:24:635] info: WebViewLifeCycle: State changed
{ id: 'T033A3GM6',
  componentId: 1,
  newState: 'page-loaded',
  data: null }
[09/04/17, 12:44:24:681] info: Store: page-loaded
[09/04/17, 12:44:24:846] info: Webapp finished loading
[09/04/17, 12:44:24:856] info: WebViewLifeCycle: State changed
{ id: 'T4LJMNVAA',
  componentId: 3,
  newState: 'webapp-loaded',
  data: null }
[09/04/17, 12:44:24:859] info: Store: webapp-loaded
[09/04/17, 12:44:26:041] info: Webapp finished loading
[09/04/17, 12:44:26:059] info: WebViewLifeCycle: State changed
{ id: 'T1E5B7AMD',
  componentId: 5,
  newState: 'webapp-loaded',
  data: null }
[09/04/17, 12:44:26:068] info: Store: webapp-loaded
[09/04/17, 12:44:28:703] info: Webapp finished loading
[09/04/17, 12:44:28:708] info: WebViewLifeCycle: State changed
{ id: 'T23HGJQ92',
  componentId: 2,
  newState: 'webapp-loaded',
  data: null }
[09/04/17, 12:44:28:711] info: Store: webapp-loaded
[09/04/17, 12:44:36:668] info: Webapp finished loading
[09/04/17, 12:44:36:674] info: WebViewLifeCycle: State changed
{ id: 'T033A3GM6',
  componentId: 1,
  newState: 'webapp-loaded',
  data: null }
[09/04/17, 12:44:36:678] info: Store: webapp-loaded
[09/04/17, 13:32:05:299] info: Store: SELECT_TEAM T1608S4F7
[09/04/17, 13:32:05:327] info: Store: SELECT_TEAM
{ updated: { appTeams: { selectedTeamId: 'T1608S4F7' } } }
[09/04/17, 13:32:05:331] info: TeamsDisplay: Team T033A3GM6 was active for 2894878ms
[09/04/17, 13:54:59:967] info: Store: SELECT_TEAM T033A3GM6
[09/04/17, 13:55:00:013] info: Store: SELECT_TEAM
{ updated: { appTeams: { selectedTeamId: 'T033A3GM6' } } }
[09/04/17, 13:55:00:028] info: TeamsDisplay: Team T1608S4F7 was active for 1374693ms
[09/04/17, 14:23:21:236] info: Store: NEW_NOTIFICATION
{ updated: { notifications: { notifications: [Object], newNotification: [Object] } },
  deleted: {} }
[09/04/17, 14:23:34:262] info: Store: NEW_NOTIFICATION
{ updated: { notifications: { notifications: [Object], newNotification: [Object] } },
  deleted: {} }
[09/04/17, 14:40:13:507] info: Store: NEW_NOTIFICATION
{ updated: { notifications: { notifications: [Object], newNotification: [Object] } },
  deleted: {} }
[09/04/17, 14:40:40:137] info: Store: NEW_NOTIFICATION
{ updated: { notifications: { notifications: [Object], newNotification: [Object] } },
  deleted: {} }
[09/04/17, 14:49:25:029] info: Store: NEW_NOTIFICATION
{ updated: { notifications: { notifications: [Object], newNotification: [Object] } },
  deleted: {} }
[09/04/17, 14:51:16:333] info: Store: NEW_NOTIFICATION
{ updated: { notifications: { notifications: [Object], newNotification: [Object] } },
  deleted: {} }
[09/04/17, 14:52:37:751] info: Store: NEW_NOTIFICATION
{ updated: { notifications: { notifications: [Object], newNotification: [Object] } },
  deleted: {} }
[09/04/17, 15:06:11:550] info: Store: NEW_NOTIFICATION
{ updated: { notifications: { notifications: [Object], newNotification: [Object] } },
  deleted: {} }
[09/04/17, 15:06:19:771] info: Store: SELECT_CHANNEL
{ updated: { appTeams: { selectedChannelId: 'D6PEXFVSR' } } }
[09/04/17, 15:07:22:195] info: Store: NEW_NOTIFICATION
{ updated: { notifications: { notifications: [Object], newNotification: [Object] } },
  deleted: {} }
[09/04/17, 15:07:37:952] info: Store: NEW_NOTIFICATION
{ updated: { notifications: { notifications: [Object], newNotification: [Object] } },
  deleted: {} }
[09/04/17, 15:08:52:915] info: Store: NEW_NOTIFICATION
{ updated: { notifications: { notifications: [Object], newNotification: [Object] } },
  deleted: {} }
[09/04/17, 15:09:42:448] info: Store: NEW_NOTIFICATION
{ updated: { notifications: { notifications: [Object], newNotification: [Object] } },
  deleted: {} }
[09/04/17, 15:26:56:182] info: Store: NEW_NOTIFICATION
{ updated: { notifications: { notifications: [Object], newNotification: [Object] } },
  deleted: {} }
[09/04/17, 15:27:06:048] info: Store: NEW_NOTIFICATION
{ updated: { notifications: { notifications: [Object], newNotification: [Object] } },
  deleted: {} }
[09/04/17, 15:30:05:763] info: Store: NEW_NOTIFICATION
{ updated: { notifications: { notifications: [Object], newNotification: [Object] } },
  deleted: {} }
[09/04/17, 17:05:24:325] info: Store: SAVE_WINDOW_SETTINGS
{ updated: { windowFrame: { windowSettings: [Object] } } }
[09/04/17, 20:00:56:145] info: Store: FOREGROUND_APP
{ updated: { events: { foregroundApp: [Object] } } }
[09/04/17, 20:00:58:131] info: Store: QUIT_APP
{ updated: { events: { eventId: 94 } } }
[09/04/17, 20:00:58:196] info: Store: REMOVE_WINDOW
{ updated: {} }
[09/04/17, 20:00:58:221] info: TeamsDisplay: Team T033A3GM6 was active for 21958197ms
[09/04/17, 20:00:58:223] info: Store: UPDATE_TEAM_USAGE
{ T033A3GM6: 24853075, T1608S4F7: 1374693 }
[09/04/17, 20:00:58:229] info: WebViewLifeCycle: State changed
{ id: 'T033A3GM6',
  componentId: 1,
  newState: 'component-disposed',
  data: null }
[09/04/17, 20:00:58:231] info: WebViewLifeCycle: Removing lifecycle object from storage
{ componentId: 1, id: 'T033A3GM6' }
[09/04/17, 20:00:58:232] info: WebViewLifeCycle: State changed
{ id: 'T23HGJQ92',
  componentId: 2,
  newState: 'component-disposed',
  data: null }
[09/04/17, 20:00:58:235] info: WebViewLifeCycle: Removing lifecycle object from storage
{ componentId: 2, id: 'T23HGJQ92' }
[09/04/17, 20:00:58:243] info: WebViewLifeCycle: State changed
{ id: 'T4LJMNVAA',
  componentId: 3,
  newState: 'component-disposed',
  data: null }
[09/04/17, 20:00:58:250] info: WebViewLifeCycle: Removing lifecycle object from storage
{ componentId: 3, id: 'T4LJMNVAA' }
[09/04/17, 20:00:58:253] info: WebViewLifeCycle: State changed
{ id: 'T1608S4F7',
  componentId: 4,
  newState: 'component-disposed',
  data: null }
[09/04/17, 20:00:58:255] info: WebViewLifeCycle: Removing lifecycle object from storage
{ componentId: 4, id: 'T1608S4F7' }
[09/04/17, 20:00:58:256] info: WebViewLifeCycle: State changed
{ id: 'T1E5B7AMD',
  componentId: 5,
  newState: 'component-disposed',
  data: null }
[09/04/17, 20:00:58:257] info: WebViewLifeCycle: Removing lifecycle object from storage
{ componentId: 5, id: 'T1E5B7AMD' }
[09/04/17, 20:00:58:264] info: Store: UPDATE_TEAM_USAGE
{ updated: { teams: { T033A3GM6: [Object], T1608S4F7: [Object] } } }
