[08/30/17, 15:22:26:303] info: ╔═════════════════════════════════════════════════════════════════════════════╗
[08/30/17, 15:22:26:306] info: ║      Slack 2.7.1, linux 4.12.8-2-ARCH on x64 at 08/30/17, 15:22:26:296      ║
[08/30/17, 15:22:26:307] info: ╚═════════════════════════════════════════════════════════════════════════════╝
[08/30/17, 15:22:26:938] info: TranslationLookup: locale set to en-US for renderer
[08/30/17, 15:22:27:004] info: WebViewLifeCycle: Creating subscribable lifecycle object
{ objectId: 'T033A3GM6', assignedId: 1 }
[08/30/17, 15:22:27:006] info: WebView LifeCycle: New webview component created for T033A3GM6:1', with state 'unloaded'
[08/30/17, 15:22:27:008] info: WebViewLifeCycle: Creating subscribable lifecycle object
{ objectId: 'T23HGJQ92', assignedId: 2 }
[08/30/17, 15:22:27:009] info: WebView LifeCycle: New webview component created for T23HGJQ92:2', with state 'unloaded'
[08/30/17, 15:22:27:012] info: WebViewLifeCycle: Creating subscribable lifecycle object
{ objectId: 'T4LJMNVAA', assignedId: 3 }
[08/30/17, 15:22:27:013] info: WebView LifeCycle: New webview component created for T4LJMNVAA:3', with state 'unloaded'
[08/30/17, 15:22:27:018] info: TeamsDisplay: T033A3GM6 usage: 373410759
[08/30/17, 15:22:27:019] info: TeamsDisplay: T23HGJQ92 usage: 57857773
[08/30/17, 15:22:27:019] info: TeamsDisplay: T4LJMNVAA usage: 0
[08/30/17, 15:22:27:021] info: Store: SET_NETWORK_STATUS online
[08/30/17, 15:22:27:295] info: Checking network connection to Slack...
[08/30/17, 15:22:27:329] info: Store: APP_STARTED
{ updated: { events: { eventId: 1 } } }
[08/30/17, 15:22:28:107] info: Store: SAVE_WINDOW_SETTINGS
{ updated: { windowFrame: { windowSettings: [Object] } } }
[08/30/17, 15:22:41:918] info: Store: SELECT_CHANNEL
{ updated: { appTeams: { selectedChannelId: 'C28QY27RT' } } }
[08/30/17, 15:22:41:982] info: Store: SELECT_CHANNEL
{ updated: { appTeams: { selectedChannelId: 'C4K83EDMX' } } }
[08/30/17, 15:22:42:088] info: Store: SELECT_CHANNEL
{ updated: { appTeams: { selectedChannelId: 'D3Q6NTT5J' } } }
[08/30/17, 15:22:43:304] info: WebViewLifeCycle: State changed
{ id: 'T23HGJQ92',
  componentId: 2,
  newState: 'page-loaded',
  data: null }
[08/30/17, 15:22:43:306] info: Store: page-loaded
[08/30/17, 15:22:43:724] info: WebViewLifeCycle: State changed
{ id: 'T4LJMNVAA',
  componentId: 3,
  newState: 'page-loaded',
  data: null }
[08/30/17, 15:22:43:729] info: Store: page-loaded
[08/30/17, 15:22:43:824] info: TeamView: Bugsnag user: U3P3K4XM3
[08/30/17, 15:22:43:841] info: WebViewLifeCycle: State changed
{ id: 'T033A3GM6',
  componentId: 1,
  newState: 'page-loaded',
  data: null }
[08/30/17, 15:22:43:844] info: Store: page-loaded
[08/30/17, 15:22:44:365] info: Webapp finished loading
[08/30/17, 15:22:44:368] info: WebViewLifeCycle: State changed
{ id: 'T23HGJQ92',
  componentId: 2,
  newState: 'webapp-loaded',
  data: null }
[08/30/17, 15:22:44:370] info: Store: webapp-loaded
[08/30/17, 15:22:46:602] info: Webapp finished loading
[08/30/17, 15:22:46:604] info: WebViewLifeCycle: State changed
{ id: 'T4LJMNVAA',
  componentId: 3,
  newState: 'webapp-loaded',
  data: null }
[08/30/17, 15:22:46:605] info: Store: webapp-loaded
[08/30/17, 15:22:46:657] info: Webapp finished loading
[08/30/17, 15:22:46:661] info: WebViewLifeCycle: State changed
{ id: 'T033A3GM6',
  componentId: 1,
  newState: 'webapp-loaded',
  data: null }
[08/30/17, 15:22:46:662] info: Store: webapp-loaded
[08/30/17, 15:23:11:490] info: Store: SELECT_CHANNEL
{ updated: { appTeams: { selectedChannelId: 'D3R624WVB' } } }
[08/30/17, 15:23:24:240] info: Store: SELECT_TEAM T4LJMNVAA
[08/30/17, 15:23:24:266] info: Store: SELECT_TEAM
{ updated: { appTeams: { selectedTeamId: 'T4LJMNVAA' } } }
[08/30/17, 15:23:24:279] info: TeamsDisplay: Team T033A3GM6 was active for 57257ms
[08/30/17, 15:23:28:612] info: Store: SELECT_CHANNEL
{ updated: { appTeams: { selectedChannelId: 'D4MP6QDB8' } } }
[08/30/17, 15:23:33:531] info: Store: SELECT_TEAM T033A3GM6
[08/30/17, 15:23:33:565] info: Store: SELECT_TEAM
{ updated: { appTeams: { selectedTeamId: 'T033A3GM6' } } }
[08/30/17, 15:23:33:570] info: TeamsDisplay: Team T4LJMNVAA was active for 9292ms
[08/30/17, 15:23:41:111] info: Store: SELECT_CHANNEL
{ updated: { appTeams: { selectedChannelId: 'D3T7SH4Q7' } } }
[08/30/17, 15:24:37:934] info: Store: SELECT_CHANNEL
{ updated: { appTeams: { selectedChannelId: 'C5DPKTP2N' } } }
[08/30/17, 15:25:24:016] info: Store: NEW_NOTIFICATION
{ updated: { notifications: { notifications: [Object], newNotification: [Object] } },
  deleted: {} }
[08/30/17, 15:25:30:681] info: Store: SELECT_CHANNEL
{ updated: { appTeams: { selectedChannelId: 'D3T7SH4Q7' } } }
[08/30/17, 15:27:51:861] info: Store: SELECT_CHANNEL
{ updated: { appTeams: { selectedChannelId: 'D6GANQQE7' } } }
[08/30/17, 15:28:04:735] info: Store: NEW_NOTIFICATION
{ updated: { notifications: { notifications: [Object], newNotification: [Object] } },
  deleted: {} }
[08/30/17, 15:28:06:660] info: Store: SELECT_CHANNEL
{ updated: { appTeams: { selectedChannelId: 'D3T7SH4Q7' } } }
[08/30/17, 15:28:12:749] info: Store: SELECT_CHANNEL
{ updated: { appTeams: { selectedChannelId: 'C0DBB0THB' } } }
[08/30/17, 15:28:35:378] info: Store: SELECT_CHANNEL
{ updated: { appTeams: { selectedChannelId: 'C6737KPEG' } } }
[08/30/17, 15:28:48:048] info: Store: SELECT_CHANNEL
{ updated: { appTeams: { selectedChannelId: 'C033A3GMJ' } } }
[08/30/17, 15:28:49:619] info: Store: SELECT_CHANNEL
{ updated: { appTeams: { selectedChannelId: 'C0A1SNAAH' } } }
[08/30/17, 15:29:04:361] info: Store: SELECT_CHANNEL
{ updated: { appTeams: { selectedChannelId: 'C04CTP01B' } } }
[08/30/17, 15:29:06:154] info: Store: SELECT_CHANNEL
{ updated: { appTeams: { selectedChannelId: 'C033A3GML' } } }
[08/30/17, 15:33:20:863] info: Store: SELECT_CHANNEL
{ updated: { appTeams: { selectedChannelId: 'D6GANQQE7' } } }
[08/30/17, 15:33:27:550] info: Store: SELECT_CHANNEL
{ updated: { appTeams: { selectedChannelId: 'C3NU8JFCL' } } }
[08/30/17, 16:08:57:256] info: Store: NEW_NOTIFICATION
{ updated: { notifications: { notifications: [Object], newNotification: [Object] } },
  deleted: {} }
[08/30/17, 16:09:17:924] info: Store: NEW_NOTIFICATION
{ updated: { notifications: { notifications: [Object], newNotification: [Object] } },
  deleted: {} }
[08/30/17, 16:11:51:368] info: Store: NEW_NOTIFICATION
{ updated: { notifications: { notifications: [Object], newNotification: [Object] } },
  deleted: {} }
[08/30/17, 16:11:58:248] info: Store: NEW_NOTIFICATION
{ updated: { notifications: { notifications: [Object], newNotification: [Object] } },
  deleted: {} }
[08/30/17, 20:57:39:442] info: Store: NEW_NOTIFICATION
{ updated: { notifications: { notifications: [Object], newNotification: [Object] } },
  deleted: {} }
[08/31/17, 07:19:57:083] info: Store: SELECT_CHANNEL
{ updated: { appTeams: { selectedChannelId: 'D6GANQQE7' } } }
[08/31/17, 07:22:04:497] info: Store: SELECT_CHANNEL
{ updated: { appTeams: { selectedChannelId: 'C6737KPEG' } } }
[08/31/17, 07:22:16:116] info: Store: SELECT_CHANNEL
{ updated: { appTeams: { selectedChannelId: 'C033A3GMJ' } } }
[08/31/17, 07:22:33:841] info: Store: SELECT_CHANNEL
{ updated: { appTeams: { selectedChannelId: 'C04CTP01B' } } }
[08/31/17, 07:22:50:491] info: Store: SELECT_CHANNEL
{ updated: { appTeams: { selectedChannelId: 'C033A3GML' } } }
[08/31/17, 07:23:03:431] info: Store: SELECT_CHANNEL
{ updated: { appTeams: { selectedChannelId: 'C033A3GMJ' } } }
[08/31/17, 07:23:11:052] info: Store: SELECT_CHANNEL
{ updated: { appTeams: { selectedChannelId: 'C04CTP01B' } } }
[08/31/17, 07:24:47:142] info: Store: SELECT_CHANNEL
{ updated: { appTeams: { selectedChannelId: 'C033A3GMJ' } } }
[08/31/17, 07:24:48:167] info: Store: SELECT_CHANNEL
{ updated: { appTeams: { selectedChannelId: 'C3NU8JFCL' } } }
