[08/23/17, 16:09:11:632] info: ╔═════════════════════════════════════════════════════════════════════════════╗
[08/23/17, 16:09:11:634] info: ║      Slack 2.7.1, linux 4.12.8-2-ARCH on x64 at 08/23/17, 16:09:11:619      ║
[08/23/17, 16:09:11:635] info: ╚═════════════════════════════════════════════════════════════════════════════╝
[08/23/17, 16:09:12:070] info: updateSuspendResume: true
[08/23/17, 16:09:12:071] warn: updateSpellcheckerLanguage: Tried to update language, but spellchecker not initialized
[08/23/17, 16:09:22:096] info: Store: SELECT_CHANNEL C4K83EDMX
[08/23/17, 16:09:22:102] info: Store: UPDATE_TEAM_LOCALE
{ locale: 'en-US', teamId: undefined }
[08/23/17, 16:09:24:126] info: Store: UPDATE_TEAM_ICONS
{ icons: 
   { image_34: 'https://s3-us-west-2.amazonaws.com/slack-files2/avatars/2017-03-17/156636512934_2ce0746eb0a0861fa917_34.jpg',
     image_44: 'https://s3-us-west-2.amazonaws.com/slack-files2/avatars/2017-03-17/156636512934_2ce0746eb0a0861fa917_44.jpg',
     image_68: 'https://s3-us-west-2.amazonaws.com/slack-files2/avatars/2017-03-17/156636512934_2ce0746eb0a0861fa917_68.jpg',
     image_88: 'https://s3-us-west-2.amazonaws.com/slack-files2/avatars/2017-03-17/156636512934_2ce0746eb0a0861fa917_88.jpg',
     image_102: 'https://s3-us-west-2.amazonaws.com/slack-files2/avatars/2017-03-17/156636512934_2ce0746eb0a0861fa917_102.jpg',
     image_132: 'https://s3-us-west-2.amazonaws.com/slack-files2/avatars/2017-03-17/156636512934_2ce0746eb0a0861fa917_132.jpg',
     image_230: 'https://s3-us-west-2.amazonaws.com/slack-files2/avatars/2017-03-17/156636512934_2ce0746eb0a0861fa917_230.jpg',
     image_original: 'https://s3-us-west-2.amazonaws.com/slack-files2/avatars/2017-03-17/156636512934_2ce0746eb0a0861fa917_original.jpg' },
  teamId: 'T4LJMNVAA' }
[08/23/17, 16:09:24:730] info: Store: UPDATE_TEAM_LOCALE
{ locale: 'en-US', teamId: 'T4LJMNVAA' }
[08/23/17, 16:09:24:943] info: Store: UPDATE_TEAM_THEME
{ theme: 
   { column_bg: '#4D394B',
     menu_bg: '#3E313C',
     active_item: '#4C9689',
     active_item_text: '#FFFFFF',
     hover_item: '#3E313C',
     text_color: '#FFFFFF',
     active_presence: '#38978D',
     badge: '#EB4D5C' },
  teamId: 'T4LJMNVAA' }
[08/23/17, 16:09:26:715] info: Raw Locale list: ["C","en_US.utf8","POSIX",""]
[08/23/17, 16:09:26:716] info: Filtered Locale list: ["en_US"]
[08/23/17, 16:09:26:718] info: Counts: {"en":["en_US"]}
[08/23/17, 16:09:26:719] info: Setting en
[08/23/17, 16:09:26:721] info: Result: {"en":"en-US"}
[08/23/17, 16:09:26:725] info: Requesting to load en-US, alternatives are ["en-US","en-US","en-US"]
[08/23/17, 16:09:26:727] info: Loading dictionary for language en-US
[08/23/17, 16:09:26:729] info: Returning local copy: /home/alp/.config/Slack/dictionaries/en-US.bdic
[08/23/17, 16:09:26:969] info: Setting current spellchecker to en-US, requested language was en-US
[08/23/17, 16:09:26:971] info: Creating node-spellchecker instance
[08/23/17, 16:09:26:977] info: Actually installing spell check provider to Electron
[08/23/17, 16:09:27:035] info: Loading dictionary for language en-US
[08/23/17, 16:09:27:037] info: Returning local copy: /home/alp/.config/Slack/dictionaries/en-US.bdic
[08/23/17, 16:09:27:040] info: Setting current spellchecker to en-US, requested language was en-US
[08/23/17, 16:36:16:803] info: Store: UPDATE_TEAM_ICONS
{ icons: 
   { image_34: 'https://s3-us-west-2.amazonaws.com/slack-files2/avatars/2017-03-17/156636512934_2ce0746eb0a0861fa917_34.jpg',
     image_44: 'https://s3-us-west-2.amazonaws.com/slack-files2/avatars/2017-03-17/156636512934_2ce0746eb0a0861fa917_44.jpg',
     image_68: 'https://s3-us-west-2.amazonaws.com/slack-files2/avatars/2017-03-17/156636512934_2ce0746eb0a0861fa917_68.jpg',
     image_88: 'https://s3-us-west-2.amazonaws.com/slack-files2/avatars/2017-03-17/156636512934_2ce0746eb0a0861fa917_88.jpg',
     image_102: 'https://s3-us-west-2.amazonaws.com/slack-files2/avatars/2017-03-17/156636512934_2ce0746eb0a0861fa917_102.jpg',
     image_132: 'https://s3-us-west-2.amazonaws.com/slack-files2/avatars/2017-03-17/156636512934_2ce0746eb0a0861fa917_132.jpg',
     image_230: 'https://s3-us-west-2.amazonaws.com/slack-files2/avatars/2017-03-17/156636512934_2ce0746eb0a0861fa917_230.jpg',
     image_original: 'https://s3-us-west-2.amazonaws.com/slack-files2/avatars/2017-03-17/156636512934_2ce0746eb0a0861fa917_original.jpg' },
  teamId: 'T4LJMNVAA' }
[08/23/17, 16:36:17:324] info: Store: UPDATE_TEAM_LOCALE
{ locale: 'en-US', teamId: 'T4LJMNVAA' }
[08/23/17, 21:06:29:697] info: Store: UPDATE_TEAM_ICONS
{ icons: 
   { image_34: 'https://s3-us-west-2.amazonaws.com/slack-files2/avatars/2017-03-17/156636512934_2ce0746eb0a0861fa917_34.jpg',
     image_44: 'https://s3-us-west-2.amazonaws.com/slack-files2/avatars/2017-03-17/156636512934_2ce0746eb0a0861fa917_44.jpg',
     image_68: 'https://s3-us-west-2.amazonaws.com/slack-files2/avatars/2017-03-17/156636512934_2ce0746eb0a0861fa917_68.jpg',
     image_88: 'https://s3-us-west-2.amazonaws.com/slack-files2/avatars/2017-03-17/156636512934_2ce0746eb0a0861fa917_88.jpg',
     image_102: 'https://s3-us-west-2.amazonaws.com/slack-files2/avatars/2017-03-17/156636512934_2ce0746eb0a0861fa917_102.jpg',
     image_132: 'https://s3-us-west-2.amazonaws.com/slack-files2/avatars/2017-03-17/156636512934_2ce0746eb0a0861fa917_132.jpg',
     image_230: 'https://s3-us-west-2.amazonaws.com/slack-files2/avatars/2017-03-17/156636512934_2ce0746eb0a0861fa917_230.jpg',
     image_original: 'https://s3-us-west-2.amazonaws.com/slack-files2/avatars/2017-03-17/156636512934_2ce0746eb0a0861fa917_original.jpg' },
  teamId: 'T4LJMNVAA' }
[08/23/17, 21:06:30:961] info: Store: UPDATE_TEAM_LOCALE
{ locale: 'en-US', teamId: 'T4LJMNVAA' }
[08/24/17, 09:01:32:756] info: Window is unloading, winssb is no longer accessible
[08/24/17, 09:01:34:045] info: Window is unloading, winssb is no longer accessible
[08/24/17, 09:01:34:950] info: ╔═════════════════════════════════════════════════════════════════════════════╗
[08/24/17, 09:01:34:952] info: ║      Slack 2.7.1, linux 4.12.8-2-ARCH on x64 at 08/24/17, 09:01:34:939      ║
[08/24/17, 09:01:34:953] info: ╚═════════════════════════════════════════════════════════════════════════════╝
[08/24/17, 09:01:36:268] info: updateSuspendResume: true
[08/24/17, 09:01:36:270] warn: updateSpellcheckerLanguage: Tried to update language, but spellchecker not initialized
[08/24/17, 09:01:39:306] info: Store: SELECT_CHANNEL C4K83EDMX
[08/24/17, 09:01:39:324] info: Store: UPDATE_TEAM_LOCALE
{ locale: 'en-US', teamId: undefined }
[08/24/17, 09:01:42:033] info: Store: UPDATE_TEAM_THEME
{ theme: 
   { column_bg: '#4D394B',
     menu_bg: '#3E313C',
     active_item: '#4C9689',
     active_item_text: '#FFFFFF',
     hover_item: '#3E313C',
     text_color: '#FFFFFF',
     active_presence: '#38978D',
     badge: '#EB4D5C' },
  teamId: 'T4LJMNVAA' }
[08/24/17, 09:01:42:435] info: Store: UPDATE_TEAM_ICONS
{ icons: 
   { image_34: 'https://s3-us-west-2.amazonaws.com/slack-files2/avatars/2017-03-17/156636512934_2ce0746eb0a0861fa917_34.jpg',
     image_44: 'https://s3-us-west-2.amazonaws.com/slack-files2/avatars/2017-03-17/156636512934_2ce0746eb0a0861fa917_44.jpg',
     image_68: 'https://s3-us-west-2.amazonaws.com/slack-files2/avatars/2017-03-17/156636512934_2ce0746eb0a0861fa917_68.jpg',
     image_88: 'https://s3-us-west-2.amazonaws.com/slack-files2/avatars/2017-03-17/156636512934_2ce0746eb0a0861fa917_88.jpg',
     image_102: 'https://s3-us-west-2.amazonaws.com/slack-files2/avatars/2017-03-17/156636512934_2ce0746eb0a0861fa917_102.jpg',
     image_132: 'https://s3-us-west-2.amazonaws.com/slack-files2/avatars/2017-03-17/156636512934_2ce0746eb0a0861fa917_132.jpg',
     image_230: 'https://s3-us-west-2.amazonaws.com/slack-files2/avatars/2017-03-17/156636512934_2ce0746eb0a0861fa917_230.jpg',
     image_original: 'https://s3-us-west-2.amazonaws.com/slack-files2/avatars/2017-03-17/156636512934_2ce0746eb0a0861fa917_original.jpg' },
  teamId: 'T4LJMNVAA' }
[08/24/17, 09:01:43:053] info: Store: UPDATE_TEAM_LOCALE
{ locale: 'en-US', teamId: 'T4LJMNVAA' }
[08/24/17, 09:01:45:220] info: Raw Locale list: ["C","en_US.utf8","POSIX",""]
[08/24/17, 09:01:45:229] info: Filtered Locale list: ["en_US"]
[08/24/17, 09:01:45:231] info: Counts: {"en":["en_US"]}
[08/24/17, 09:01:45:233] info: Setting en
[08/24/17, 09:01:45:237] info: Result: {"en":"en-US"}
[08/24/17, 09:01:45:241] info: Requesting to load en-US, alternatives are ["en-US","en-US","en-US"]
[08/24/17, 09:01:45:244] info: Loading dictionary for language en-US
[08/24/17, 09:01:45:245] info: Returning local copy: /home/alp/.config/Slack/dictionaries/en-US.bdic
[08/24/17, 09:01:45:362] info: Setting current spellchecker to en-US, requested language was en-US
[08/24/17, 09:01:45:364] info: Creating node-spellchecker instance
[08/24/17, 09:01:45:369] info: Actually installing spell check provider to Electron
[08/24/17, 09:01:45:921] info: Loading dictionary for language en-US
[08/24/17, 09:01:45:922] info: Returning local copy: /home/alp/.config/Slack/dictionaries/en-US.bdic
[08/24/17, 09:01:45:924] info: Setting current spellchecker to en-US, requested language was en-US
