[08/23/17, 16:09:12:005] info: ╔═════════════════════════════════════════════════════════════════════════════╗
[08/23/17, 16:09:12:011] info: ║      Slack 2.7.1, linux 4.12.8-2-ARCH on x64 at 08/23/17, 16:09:11:992      ║
[08/23/17, 16:09:12:014] info: ╚═════════════════════════════════════════════════════════════════════════════╝
[08/23/17, 16:09:12:440] info: updateSuspendResume: true
[08/23/17, 16:09:12:442] warn: updateSpellcheckerLanguage: Tried to update language, but spellchecker not initialized
[08/23/17, 16:09:22:438] info: Store: SELECT_CHANNEL D3PBL01Q8
[08/23/17, 16:09:22:447] info: Store: UPDATE_TEAM_LOCALE
{ locale: 'en-US', teamId: undefined }
[08/23/17, 16:09:24:873] info: Store: UPDATE_TEAM_ICONS
{ icons: 
   { image_34: 'https://s3-us-west-2.amazonaws.com/slack-files2/avatars/2016-02-26/23279656691_9851fdfd7d9ca1a8e57c_34.png',
     image_44: 'https://s3-us-west-2.amazonaws.com/slack-files2/avatars/2016-02-26/23279656691_9851fdfd7d9ca1a8e57c_44.png',
     image_68: 'https://s3-us-west-2.amazonaws.com/slack-files2/avatars/2016-02-26/23279656691_9851fdfd7d9ca1a8e57c_68.png',
     image_88: 'https://s3-us-west-2.amazonaws.com/slack-files2/avatars/2016-02-26/23279656691_9851fdfd7d9ca1a8e57c_88.png',
     image_102: 'https://s3-us-west-2.amazonaws.com/slack-files2/avatars/2016-02-26/23279656691_9851fdfd7d9ca1a8e57c_102.png',
     image_132: 'https://s3-us-west-2.amazonaws.com/slack-files2/avatars/2016-02-26/23279656691_9851fdfd7d9ca1a8e57c_132.png',
     image_original: 'https://s3-us-west-2.amazonaws.com/slack-files2/avatars/2016-02-26/23279656691_9851fdfd7d9ca1a8e57c_original.png',
     image_230: 'https://s3-us-west-2.amazonaws.com/slack-files2/avatars/2016-02-26/23279656691_9851fdfd7d9ca1a8e57c_132.png' },
  teamId: 'T033A3GM6' }
[08/23/17, 16:09:24:945] info: Store: UPDATE_TEAM_THEME
{ theme: 
   { column_bg: '#303E4D',
     menu_bg: '#2C3849',
     active_item: '#6698C8',
     active_item_text: '#FFFFFF',
     hover_item: '#4A5664',
     text_color: '#FFFFFF',
     active_presence: '#94E864',
     badge: '#78AF8F' },
  teamId: 'T033A3GM6' }
[08/23/17, 16:09:25:602] info: Raw Locale list: ["C","en_US.utf8","POSIX",""]
[08/23/17, 16:09:25:603] info: Filtered Locale list: ["en_US"]
[08/23/17, 16:09:25:604] info: Counts: {"en":["en_US"]}
[08/23/17, 16:09:25:605] info: Setting en
[08/23/17, 16:09:25:607] info: Result: {"en":"en-US"}
[08/23/17, 16:09:25:611] info: Requesting to load en-US, alternatives are ["en-US","en-US","en-US"]
[08/23/17, 16:09:25:613] info: Loading dictionary for language en-US
[08/23/17, 16:09:25:614] info: Returning local copy: /home/alp/.config/Slack/dictionaries/en-US.bdic
[08/23/17, 16:09:25:618] info: Setting current spellchecker to en-US, requested language was en-US
[08/23/17, 16:09:25:619] info: Creating node-spellchecker instance
[08/23/17, 16:09:25:622] info: Actually installing spell check provider to Electron
[08/23/17, 16:09:26:064] info: Store: UPDATE_TEAM_LOCALE
{ locale: 'en-US', teamId: 'T033A3GM6' }
[08/23/17, 16:09:27:499] info: Loading dictionary for language en-US
[08/23/17, 16:09:27:500] info: Returning local copy: /home/alp/.config/Slack/dictionaries/en-US.bdic
[08/23/17, 16:09:27:848] info: Setting current spellchecker to en-US, requested language was en-US
[08/23/17, 16:09:29:879] info: Store: SELECT_CHANNEL D3Q6NTT5J
[08/23/17, 16:09:30:263] info: Loading dictionary for language en-US
[08/23/17, 16:09:30:266] info: Returning local copy: /home/alp/.config/Slack/dictionaries/en-US.bdic
[08/23/17, 16:09:30:295] info: Setting current spellchecker to en-US, requested language was en-US
[08/23/17, 16:09:45:881] info: Unloading spellchecker
[08/23/17, 16:09:49:064] info: Restoring spellchecker
[08/23/17, 16:09:49:067] info: Loading dictionary for language en-US
[08/23/17, 16:09:49:069] info: Returning local copy: /home/alp/.config/Slack/dictionaries/en-US.bdic
[08/23/17, 16:09:49:144] info: Setting current spellchecker to en-US, requested language was en-US
[08/23/17, 16:09:49:146] info: Creating node-spellchecker instance
[08/23/17, 16:09:56:406] info: Store: SELECT_CHANNEL C3NU8JFCL
[08/23/17, 16:09:57:617] info: Loading dictionary for language en-US
[08/23/17, 16:09:57:619] info: Returning local copy: /home/alp/.config/Slack/dictionaries/en-US.bdic
[08/23/17, 16:09:57:622] info: Setting current spellchecker to en-US, requested language was en-US
[08/23/17, 16:10:02:704] info: Unloading spellchecker
[08/23/17, 16:11:28:369] info: Restoring spellchecker
[08/23/17, 16:11:28:372] info: Loading dictionary for language en-US
[08/23/17, 16:11:28:373] info: Returning local copy: /home/alp/.config/Slack/dictionaries/en-US.bdic
[08/23/17, 16:11:28:394] info: Setting current spellchecker to en-US, requested language was en-US
[08/23/17, 16:11:28:395] info: Creating node-spellchecker instance
[08/23/17, 16:11:30:816] warn: Unable to read quiet hours setting: windows-quiet-hours works only on Windows
[08/23/17, 16:11:30:817] warn: Unable to read quiet hours setting: windows-quiet-hours works only on Windows
[08/23/17, 16:11:30:825] info: Store: NEW_NOTIFICATION
{ id: 'Rp7UrhO305y3g8',
  title: '[REDACTED]',
  subtitle: '[REDACTED]',
  content: '[REDACTED]',
  launchUri: 'slack://channel?id=D3Q6NTT5J&message=1503497490.000200&team=T033A3GM6',
  imageUri: null,
  channel: 'D3Q6NTT5J',
  msg: '1503497490.000200',
  avatarImage: 'https://ca.slack-edge.com/T033A3GM6-U33KMME3T-7c9c31a62f3e-512',
  ssbFilename: undefined,
  interactive: undefined,
  teamId: 'T033A3GM6' }
[08/23/17, 16:11:32:735] info: Unloading spellchecker
[08/23/17, 16:11:33:398] info: Restoring spellchecker
[08/23/17, 16:11:33:402] info: Loading dictionary for language en-US
[08/23/17, 16:11:33:404] info: Returning local copy: /home/alp/.config/Slack/dictionaries/en-US.bdic
[08/23/17, 16:11:33:428] info: Setting current spellchecker to en-US, requested language was en-US
[08/23/17, 16:11:33:430] info: Creating node-spellchecker instance
[08/23/17, 16:11:37:112] info: Store: SELECT_CHANNEL D3Q6NTT5J
[08/23/17, 16:11:38:846] info: Loading dictionary for language en-US
[08/23/17, 16:11:38:847] info: Returning local copy: /home/alp/.config/Slack/dictionaries/en-US.bdic
[08/23/17, 16:11:38:849] info: Setting current spellchecker to en-US, requested language was en-US
[08/23/17, 16:13:19:448] info: Unloading spellchecker
[08/23/17, 16:13:42:779] warn: Unable to read quiet hours setting: windows-quiet-hours works only on Windows
[08/23/17, 16:13:42:780] warn: Unable to read quiet hours setting: windows-quiet-hours works only on Windows
[08/23/17, 16:13:42:786] info: Store: NEW_NOTIFICATION
{ id: 'lZPi1iqngPvLXM',
  title: '[REDACTED]',
  subtitle: '[REDACTED]',
  content: '[REDACTED]',
  launchUri: 'slack://channel?id=D3Q6NTT5J&message=1503497621.000766&team=T033A3GM6',
  imageUri: null,
  channel: 'D3Q6NTT5J',
  msg: '1503497621.000766',
  avatarImage: 'https://ca.slack-edge.com/T033A3GM6-U33KMME3T-7c9c31a62f3e-512',
  ssbFilename: undefined,
  interactive: undefined,
  teamId: 'T033A3GM6' }
[08/23/17, 16:13:46:598] warn: Unable to read quiet hours setting: windows-quiet-hours works only on Windows
[08/23/17, 16:13:46:599] warn: Unable to read quiet hours setting: windows-quiet-hours works only on Windows
[08/23/17, 16:13:46:602] info: Store: NEW_NOTIFICATION
{ id: 'lZPiOsqngPvlP7',
  title: '[REDACTED]',
  subtitle: '[REDACTED]',
  content: '[REDACTED]',
  launchUri: 'slack://channel?id=D3Q6NTT5J&message=1503497625.000728&team=T033A3GM6',
  imageUri: null,
  channel: 'D3Q6NTT5J',
  msg: '1503497625.000728',
  avatarImage: 'https://ca.slack-edge.com/T033A3GM6-U33KMME3T-7c9c31a62f3e-512',
  ssbFilename: undefined,
  interactive: undefined,
  teamId: 'T033A3GM6' }
[08/23/17, 16:13:56:934] info: Restoring spellchecker
[08/23/17, 16:13:56:942] info: Loading dictionary for language en-US
[08/23/17, 16:13:56:945] info: Returning local copy: /home/alp/.config/Slack/dictionaries/en-US.bdic
[08/23/17, 16:13:57:050] info: Setting current spellchecker to en-US, requested language was en-US
[08/23/17, 16:13:57:052] info: Creating node-spellchecker instance
[08/23/17, 16:15:47:886] info: Unloading spellchecker
[08/23/17, 16:16:00:977] info: Restoring spellchecker
[08/23/17, 16:16:00:979] info: Loading dictionary for language en-US
[08/23/17, 16:16:00:982] info: Returning local copy: /home/alp/.config/Slack/dictionaries/en-US.bdic
[08/23/17, 16:16:01:070] info: Setting current spellchecker to en-US, requested language was en-US
[08/23/17, 16:16:01:074] info: Creating node-spellchecker instance
[08/23/17, 16:16:02:500] warn: Unable to read quiet hours setting: windows-quiet-hours works only on Windows
[08/23/17, 16:16:02:501] warn: Unable to read quiet hours setting: windows-quiet-hours works only on Windows
[08/23/17, 16:16:02:505] info: Store: NEW_NOTIFICATION
{ id: 'Rp7UgtO305LABW',
  title: '[REDACTED]',
  subtitle: '[REDACTED]',
  content: '[REDACTED]',
  launchUri: 'slack://channel?id=D3PBL01Q8&message=1503497760.000084&team=T033A3GM6',
  imageUri: null,
  channel: 'D3PBL01Q8',
  msg: '1503497760.000084',
  avatarImage: 'https://ca.slack-edge.com/T033A3GM6-U03SLRJBM-f7cad22c0bbd-512',
  ssbFilename: undefined,
  interactive: undefined,
  teamId: 'T033A3GM6' }
[08/23/17, 16:16:05:990] info: Store: SELECT_CHANNEL D3PBL01Q8
[08/23/17, 16:16:06:999] info: Loading dictionary for language en-US
[08/23/17, 16:16:07:000] info: Returning local copy: /home/alp/.config/Slack/dictionaries/en-US.bdic
[08/23/17, 16:16:07:002] info: Setting current spellchecker to en-US, requested language was en-US
[08/23/17, 16:17:14:966] warn: Unable to read quiet hours setting: windows-quiet-hours works only on Windows
[08/23/17, 16:17:14:968] warn: Unable to read quiet hours setting: windows-quiet-hours works only on Windows
[08/23/17, 16:17:14:978] info: Store: NEW_NOTIFICATION
{ id: '4AJiluW1NwD9qL',
  title: '[REDACTED]',
  subtitle: '[REDACTED]',
  content: '[REDACTED]',
  launchUri: 'slack://channel?id=D3Q6NTT5J&message=1503497834.000118&team=T033A3GM6',
  imageUri: null,
  channel: 'D3Q6NTT5J',
  msg: '1503497834.000118',
  avatarImage: 'https://ca.slack-edge.com/T033A3GM6-U33KMME3T-7c9c31a62f3e-512',
  ssbFilename: undefined,
  interactive: undefined,
  teamId: 'T033A3GM6' }
[08/23/17, 16:17:29:850] warn: Unable to read quiet hours setting: windows-quiet-hours works only on Windows
[08/23/17, 16:17:29:851] warn: Unable to read quiet hours setting: windows-quiet-hours works only on Windows
[08/23/17, 16:17:29:858] info: Store: NEW_NOTIFICATION
{ id: 'Pn8fNCj2Z5vG0A',
  title: '[REDACTED]',
  subtitle: '[REDACTED]',
  content: '[REDACTED]',
  launchUri: 'slack://channel?id=D3Q6NTT5J&message=1503497848.000662&team=T033A3GM6',
  imageUri: null,
  channel: 'D3Q6NTT5J',
  msg: '1503497848.000662',
  avatarImage: 'https://ca.slack-edge.com/T033A3GM6-U33KMME3T-7c9c31a62f3e-512',
  ssbFilename: undefined,
  interactive: undefined,
  teamId: 'T033A3GM6' }
[08/23/17, 16:17:30:074] info: Store: SELECT_CHANNEL D3Q6NTT5J
[08/23/17, 16:17:31:080] info: Loading dictionary for language en-US
[08/23/17, 16:17:31:081] info: Returning local copy: /home/alp/.config/Slack/dictionaries/en-US.bdic
[08/23/17, 16:17:31:083] info: Setting current spellchecker to en-US, requested language was en-US
[08/23/17, 16:18:10:748] info: Unloading spellchecker
[08/23/17, 16:18:12:939] info: Restoring spellchecker
[08/23/17, 16:18:12:950] info: Loading dictionary for language en-US
[08/23/17, 16:18:12:953] info: Returning local copy: /home/alp/.config/Slack/dictionaries/en-US.bdic
[08/23/17, 16:18:12:999] info: Setting current spellchecker to en-US, requested language was en-US
[08/23/17, 16:18:13:001] info: Creating node-spellchecker instance
[08/23/17, 16:18:15:407] info: Unloading spellchecker
[08/23/17, 16:18:19:107] warn: Unable to read quiet hours setting: windows-quiet-hours works only on Windows
[08/23/17, 16:18:19:108] warn: Unable to read quiet hours setting: windows-quiet-hours works only on Windows
[08/23/17, 16:18:19:112] info: Store: NEW_NOTIFICATION
{ id: 'EYBhgFP8xW2rjn',
  title: '[REDACTED]',
  subtitle: '[REDACTED]',
  content: '[REDACTED]',
  launchUri: 'slack://channel?id=D3PBL01Q8&message=1503497897.000477&team=T033A3GM6',
  imageUri: null,
  channel: 'D3PBL01Q8',
  msg: '1503497897.000477',
  avatarImage: 'https://ca.slack-edge.com/T033A3GM6-U03SLRJBM-f7cad22c0bbd-512',
  ssbFilename: undefined,
  interactive: undefined,
  teamId: 'T033A3GM6' }
[08/23/17, 16:18:20:647] info: Restoring spellchecker
[08/23/17, 16:18:20:651] info: Loading dictionary for language en-US
[08/23/17, 16:18:20:655] info: Returning local copy: /home/alp/.config/Slack/dictionaries/en-US.bdic
[08/23/17, 16:18:20:694] info: Setting current spellchecker to en-US, requested language was en-US
[08/23/17, 16:18:20:696] info: Creating node-spellchecker instance
[08/23/17, 16:18:23:494] info: Store: SELECT_CHANNEL D3PBL01Q8
[08/23/17, 16:18:24:512] info: Loading dictionary for language en-US
[08/23/17, 16:18:24:513] info: Returning local copy: /home/alp/.config/Slack/dictionaries/en-US.bdic
[08/23/17, 16:18:24:515] info: Setting current spellchecker to en-US, requested language was en-US
[08/23/17, 16:18:48:168] info: Unloading spellchecker
[08/23/17, 16:18:49:641] info: Restoring spellchecker
[08/23/17, 16:18:49:658] info: Loading dictionary for language en-US
[08/23/17, 16:18:49:665] info: Returning local copy: /home/alp/.config/Slack/dictionaries/en-US.bdic
[08/23/17, 16:18:49:681] info: Setting current spellchecker to en-US, requested language was en-US
[08/23/17, 16:18:49:683] info: Creating node-spellchecker instance
[08/23/17, 16:19:03:198] warn: Unable to read quiet hours setting: windows-quiet-hours works only on Windows
[08/23/17, 16:19:03:199] warn: Unable to read quiet hours setting: windows-quiet-hours works only on Windows
[08/23/17, 16:19:03:203] info: Store: NEW_NOTIFICATION
{ id: 'jXPCAH76xvOW2W',
  title: '[REDACTED]',
  subtitle: '[REDACTED]',
  content: '[REDACTED]',
  launchUri: 'slack://channel?id=D3Q6NTT5J&message=1503497938.000757&team=T033A3GM6',
  imageUri: null,
  channel: 'D3Q6NTT5J',
  msg: '1503497938.000757',
  avatarImage: 'https://ca.slack-edge.com/T033A3GM6-U33KMME3T-7c9c31a62f3e-512',
  ssbFilename: undefined,
  interactive: undefined,
  teamId: 'T033A3GM6' }
[08/23/17, 16:19:03:491] info: Unloading spellchecker
[08/23/17, 16:19:04:113] info: Restoring spellchecker
[08/23/17, 16:19:04:115] info: Loading dictionary for language en-US
[08/23/17, 16:19:04:117] info: Returning local copy: /home/alp/.config/Slack/dictionaries/en-US.bdic
[08/23/17, 16:19:04:121] info: Setting current spellchecker to en-US, requested language was en-US
[08/23/17, 16:19:04:122] info: Creating node-spellchecker instance
[08/23/17, 16:19:06:500] warn: Unable to read quiet hours setting: windows-quiet-hours works only on Windows
[08/23/17, 16:19:06:501] warn: Unable to read quiet hours setting: windows-quiet-hours works only on Windows
[08/23/17, 16:19:06:503] info: Store: NEW_NOTIFICATION
{ id: 'OmRhEIrGj7Kvnv',
  title: '[REDACTED]',
  subtitle: '[REDACTED]',
  content: '[REDACTED]',
  launchUri: 'slack://channel?id=D3Q6NTT5J&message=1503497942.000425&team=T033A3GM6',
  imageUri: null,
  channel: 'D3Q6NTT5J',
  msg: '1503497942.000425',
  avatarImage: 'https://ca.slack-edge.com/T033A3GM6-U33KMME3T-7c9c31a62f3e-512',
  ssbFilename: undefined,
  interactive: undefined,
  teamId: 'T033A3GM6' }
[08/23/17, 16:19:06:601] info: Store: SELECT_CHANNEL D3Q6NTT5J
[08/23/17, 16:19:07:592] info: Loading dictionary for language en-US
[08/23/17, 16:19:07:593] info: Returning local copy: /home/alp/.config/Slack/dictionaries/en-US.bdic
[08/23/17, 16:19:07:622] info: Setting current spellchecker to en-US, requested language was en-US
[08/23/17, 16:19:49:349] warn: Unable to read quiet hours setting: windows-quiet-hours works only on Windows
[08/23/17, 16:19:49:351] warn: Unable to read quiet hours setting: windows-quiet-hours works only on Windows
[08/23/17, 16:19:49:362] info: Store: NEW_NOTIFICATION
{ id: '4AJiESW1NwJyWp',
  title: '[REDACTED]',
  subtitle: '[REDACTED]',
  content: '[REDACTED]',
  launchUri: 'slack://channel?id=D3PBL01Q8&message=1503497988.000397&team=T033A3GM6',
  imageUri: null,
  channel: 'D3PBL01Q8',
  msg: '1503497988.000397',
  avatarImage: 'https://ca.slack-edge.com/T033A3GM6-U03SLRJBM-f7cad22c0bbd-512',
  ssbFilename: undefined,
  interactive: undefined,
  teamId: 'T033A3GM6' }
[08/23/17, 16:19:52:963] info: Store: SELECT_CHANNEL D3PBL01Q8
[08/23/17, 16:19:53:945] info: Loading dictionary for language en-US
[08/23/17, 16:19:53:946] info: Returning local copy: /home/alp/.config/Slack/dictionaries/en-US.bdic
[08/23/17, 16:19:53:949] info: Setting current spellchecker to en-US, requested language was en-US
[08/23/17, 16:21:03:453] info: Unloading spellchecker
[08/23/17, 16:21:05:896] info: Restoring spellchecker
[08/23/17, 16:21:05:916] info: Loading dictionary for language en-US
[08/23/17, 16:21:05:924] info: Returning local copy: /home/alp/.config/Slack/dictionaries/en-US.bdic
[08/23/17, 16:21:05:947] info: Setting current spellchecker to en-US, requested language was en-US
[08/23/17, 16:21:05:949] info: Creating node-spellchecker instance
[08/23/17, 16:21:08:109] info: Unloading spellchecker
[08/23/17, 16:22:40:979] warn: Unable to read quiet hours setting: windows-quiet-hours works only on Windows
[08/23/17, 16:22:40:980] warn: Unable to read quiet hours setting: windows-quiet-hours works only on Windows
[08/23/17, 16:22:40:986] info: Store: NEW_NOTIFICATION
{ id: 'EYBhBTP8xWrYV6',
  title: '[REDACTED]',
  subtitle: '[REDACTED]',
  content: '[REDACTED]',
  launchUri: 'slack://channel?id=D3PBL01Q8&message=1503498159.000235&team=T033A3GM6',
  imageUri: null,
  channel: 'D3PBL01Q8',
  msg: '1503498159.000235',
  avatarImage: 'https://ca.slack-edge.com/T033A3GM6-U03SLRJBM-f7cad22c0bbd-512',
  ssbFilename: undefined,
  interactive: undefined,
  teamId: 'T033A3GM6' }
[08/23/17, 16:23:10:637] warn: Unable to read quiet hours setting: windows-quiet-hours works only on Windows
[08/23/17, 16:23:10:639] warn: Unable to read quiet hours setting: windows-quiet-hours works only on Windows
[08/23/17, 16:23:10:642] info: Store: NEW_NOTIFICATION
{ id: '4AJiGUW1Nw2pBr',
  title: '[REDACTED]',
  subtitle: '[REDACTED]',
  content: '[REDACTED]',
  launchUri: 'slack://channel?id=D3Q6NTT5J&message=1503498190.000223&team=T033A3GM6',
  imageUri: null,
  channel: 'D3Q6NTT5J',
  msg: '1503498190.000223',
  avatarImage: 'https://ca.slack-edge.com/T033A3GM6-U33KMME3T-7c9c31a62f3e-512',
  ssbFilename: undefined,
  interactive: undefined,
  teamId: 'T033A3GM6' }
[08/23/17, 16:23:32:242] warn: Unable to read quiet hours setting: windows-quiet-hours works only on Windows
[08/23/17, 16:23:32:243] warn: Unable to read quiet hours setting: windows-quiet-hours works only on Windows
[08/23/17, 16:23:32:246] info: Store: NEW_NOTIFICATION
{ id: 'EYBhocP8xWRx46',
  title: '[REDACTED]',
  subtitle: '[REDACTED]',
  content: '[REDACTED]',
  launchUri: 'slack://channel?id=D3Q6NTT5J&message=1503498211.000464&team=T033A3GM6',
  imageUri: null,
  channel: 'D3Q6NTT5J',
  msg: '1503498211.000464',
  avatarImage: 'https://ca.slack-edge.com/T033A3GM6-U33KMME3T-7c9c31a62f3e-512',
  ssbFilename: undefined,
  interactive: undefined,
  teamId: 'T033A3GM6' }
[08/23/17, 16:24:04:059] info: Restoring spellchecker
[08/23/17, 16:24:04:067] info: Loading dictionary for language en-US
[08/23/17, 16:24:04:069] info: Returning local copy: /home/alp/.config/Slack/dictionaries/en-US.bdic
[08/23/17, 16:24:04:136] info: Setting current spellchecker to en-US, requested language was en-US
[08/23/17, 16:24:04:140] info: Creating node-spellchecker instance
[08/23/17, 16:24:33:535] info: Store: SELECT_CHANNEL D3Q6NTT5J
[08/23/17, 16:24:34:571] info: Loading dictionary for language en-US
[08/23/17, 16:24:34:572] info: Returning local copy: /home/alp/.config/Slack/dictionaries/en-US.bdic
[08/23/17, 16:24:34:576] info: Setting current spellchecker to en-US, requested language was en-US
[08/23/17, 16:25:40:672] warn: Unable to read quiet hours setting: windows-quiet-hours works only on Windows
[08/23/17, 16:25:40:673] warn: Unable to read quiet hours setting: windows-quiet-hours works only on Windows
[08/23/17, 16:25:40:678] info: Store: NEW_NOTIFICATION
{ id: 'YzRH0fVkj58vn8',
  title: '[REDACTED]',
  subtitle: '[REDACTED]',
  content: '[REDACTED]',
  launchUri: 'slack://channel?id=D3PBL01Q8&message=1503498340.000026&team=T033A3GM6',
  imageUri: null,
  channel: 'D3PBL01Q8',
  msg: '1503498340.000026',
  avatarImage: 'https://ca.slack-edge.com/T033A3GM6-U03SLRJBM-f7cad22c0bbd-512',
  ssbFilename: undefined,
  interactive: undefined,
  teamId: 'T033A3GM6' }
[08/23/17, 16:25:46:322] info: Store: SELECT_CHANNEL D3PBL01Q8
[08/23/17, 16:25:47:192] info: Loading dictionary for language en-US
[08/23/17, 16:25:47:193] info: Returning local copy: /home/alp/.config/Slack/dictionaries/en-US.bdic
[08/23/17, 16:25:47:198] info: Setting current spellchecker to en-US, requested language was en-US
[08/23/17, 16:26:02:559] info: Unloading spellchecker
[08/23/17, 16:26:38:239] warn: Unable to read quiet hours setting: windows-quiet-hours works only on Windows
[08/23/17, 16:26:38:241] warn: Unable to read quiet hours setting: windows-quiet-hours works only on Windows
[08/23/17, 16:26:38:247] info: Store: NEW_NOTIFICATION
{ id: 'WxRUlhn5LGE2JZ',
  title: '[REDACTED]',
  subtitle: '[REDACTED]',
  content: '[REDACTED]',
  launchUri: 'slack://channel?id=D3Q6NTT5J&message=1503498397.000276&team=T033A3GM6',
  imageUri: null,
  channel: 'D3Q6NTT5J',
  msg: '1503498397.000276',
  avatarImage: 'https://ca.slack-edge.com/T033A3GM6-U33KMME3T-7c9c31a62f3e-512',
  ssbFilename: undefined,
  interactive: undefined,
  teamId: 'T033A3GM6' }
[08/23/17, 16:26:45:901] warn: Unable to read quiet hours setting: windows-quiet-hours works only on Windows
[08/23/17, 16:26:45:903] warn: Unable to read quiet hours setting: windows-quiet-hours works only on Windows
[08/23/17, 16:26:45:905] info: Store: NEW_NOTIFICATION
{ id: 'Pn8fMij2Z57kRl',
  title: '[REDACTED]',
  subtitle: '[REDACTED]',
  content: '[REDACTED]',
  launchUri: 'slack://channel?id=D3Q6NTT5J&message=1503498405.000463&team=T033A3GM6',
  imageUri: null,
  channel: 'D3Q6NTT5J',
  msg: '1503498405.000463',
  avatarImage: 'https://ca.slack-edge.com/T033A3GM6-U33KMME3T-7c9c31a62f3e-512',
  ssbFilename: undefined,
  interactive: undefined,
  teamId: 'T033A3GM6' }
[08/23/17, 16:26:52:669] warn: Unable to read quiet hours setting: windows-quiet-hours works only on Windows
[08/23/17, 16:26:52:670] warn: Unable to read quiet hours setting: windows-quiet-hours works only on Windows
[08/23/17, 16:26:52:672] info: Store: NEW_NOTIFICATION
{ id: 'EYBh9sP8xWYRVv',
  title: '[REDACTED]',
  subtitle: '[REDACTED]',
  content: '[REDACTED]',
  launchUri: 'slack://channel?id=D3Q6NTT5J&message=1503498411.000583&team=T033A3GM6',
  imageUri: null,
  channel: 'D3Q6NTT5J',
  msg: '1503498411.000583',
  avatarImage: 'https://ca.slack-edge.com/T033A3GM6-U33KMME3T-7c9c31a62f3e-512',
  ssbFilename: undefined,
  interactive: undefined,
  teamId: 'T033A3GM6' }
[08/23/17, 16:27:04:497] warn: Unable to read quiet hours setting: windows-quiet-hours works only on Windows
[08/23/17, 16:27:04:498] warn: Unable to read quiet hours setting: windows-quiet-hours works only on Windows
[08/23/17, 16:27:04:501] info: Store: NEW_NOTIFICATION
{ id: 'BVyiotjRr5yZL4',
  title: '[REDACTED]',
  subtitle: '[REDACTED]',
  content: '[REDACTED]',
  launchUri: 'slack://channel?id=D3Q6NTT5J&message=1503498423.000488&team=T033A3GM6',
  imageUri: null,
  channel: 'D3Q6NTT5J',
  msg: '1503498423.000488',
  avatarImage: 'https://ca.slack-edge.com/T033A3GM6-U33KMME3T-7c9c31a62f3e-512',
  ssbFilename: undefined,
  interactive: undefined,
  teamId: 'T033A3GM6' }
[08/23/17, 16:27:17:328] warn: Unable to read quiet hours setting: windows-quiet-hours works only on Windows
[08/23/17, 16:27:17:329] warn: Unable to read quiet hours setting: windows-quiet-hours works only on Windows
[08/23/17, 16:27:17:333] info: Store: NEW_NOTIFICATION
{ id: '8GlsluMPRrO7WK',
  title: '[REDACTED]',
  subtitle: '[REDACTED]',
  content: '[REDACTED]',
  launchUri: 'slack://channel?id=D3PBL01Q8&message=1503498431.000437&team=T033A3GM6',
  imageUri: null,
  channel: 'D3PBL01Q8',
  msg: '1503498431.000437',
  avatarImage: 'https://ca.slack-edge.com/T033A3GM6-U03SLRJBM-f7cad22c0bbd-512',
  ssbFilename: undefined,
  interactive: undefined,
  teamId: 'T033A3GM6' }
[08/23/17, 16:27:43:713] info: Restoring spellchecker
[08/23/17, 16:27:43:717] info: Loading dictionary for language en-US
[08/23/17, 16:27:43:719] info: Returning local copy: /home/alp/.config/Slack/dictionaries/en-US.bdic
[08/23/17, 16:27:43:780] info: Setting current spellchecker to en-US, requested language was en-US
[08/23/17, 16:27:43:781] info: Creating node-spellchecker instance
[08/23/17, 16:28:09:146] info: Store: SELECT_CHANNEL D3Q6NTT5J
[08/23/17, 16:28:10:375] info: Loading dictionary for language en-US
[08/23/17, 16:28:10:378] info: Returning local copy: /home/alp/.config/Slack/dictionaries/en-US.bdic
[08/23/17, 16:28:10:384] info: Setting current spellchecker to en-US, requested language was en-US
[08/23/17, 16:28:47:504] info: Unloading spellchecker
[08/23/17, 16:30:25:527] info: Restoring spellchecker
[08/23/17, 16:30:25:530] info: Loading dictionary for language en-US
[08/23/17, 16:30:25:532] info: Returning local copy: /home/alp/.config/Slack/dictionaries/en-US.bdic
[08/23/17, 16:30:25:549] info: Setting current spellchecker to en-US, requested language was en-US
[08/23/17, 16:30:25:550] info: Creating node-spellchecker instance
[08/23/17, 16:30:30:092] info: Unloading spellchecker
[08/23/17, 16:30:53:001] info: Restoring spellchecker
[08/23/17, 16:30:53:015] info: Loading dictionary for language en-US
[08/23/17, 16:30:53:022] info: Returning local copy: /home/alp/.config/Slack/dictionaries/en-US.bdic
[08/23/17, 16:30:53:130] info: Setting current spellchecker to en-US, requested language was en-US
[08/23/17, 16:30:53:134] info: Creating node-spellchecker instance
[08/23/17, 16:30:54:543] info: Unloading spellchecker
[08/23/17, 16:33:07:878] info: Restoring spellchecker
[08/23/17, 16:33:07:880] info: Loading dictionary for language en-US
[08/23/17, 16:33:07:882] info: Returning local copy: /home/alp/.config/Slack/dictionaries/en-US.bdic
[08/23/17, 16:33:07:915] info: Setting current spellchecker to en-US, requested language was en-US
[08/23/17, 16:33:07:919] info: Creating node-spellchecker instance
[08/23/17, 16:33:13:910] info: Store: SELECT_CHANNEL D3PBL01Q8
[08/23/17, 16:33:14:786] info: Loading dictionary for language en-US
[08/23/17, 16:33:14:787] info: Returning local copy: /home/alp/.config/Slack/dictionaries/en-US.bdic
[08/23/17, 16:33:14:789] info: Setting current spellchecker to en-US, requested language was en-US
[08/23/17, 16:33:16:514] info: Unloading spellchecker
[08/23/17, 16:36:16:942] info: Store: UPDATE_TEAM_ICONS
{ icons: 
   { image_34: 'https://s3-us-west-2.amazonaws.com/slack-files2/avatars/2016-02-26/23279656691_9851fdfd7d9ca1a8e57c_34.png',
     image_44: 'https://s3-us-west-2.amazonaws.com/slack-files2/avatars/2016-02-26/23279656691_9851fdfd7d9ca1a8e57c_44.png',
     image_68: 'https://s3-us-west-2.amazonaws.com/slack-files2/avatars/2016-02-26/23279656691_9851fdfd7d9ca1a8e57c_68.png',
     image_88: 'https://s3-us-west-2.amazonaws.com/slack-files2/avatars/2016-02-26/23279656691_9851fdfd7d9ca1a8e57c_88.png',
     image_102: 'https://s3-us-west-2.amazonaws.com/slack-files2/avatars/2016-02-26/23279656691_9851fdfd7d9ca1a8e57c_102.png',
     image_132: 'https://s3-us-west-2.amazonaws.com/slack-files2/avatars/2016-02-26/23279656691_9851fdfd7d9ca1a8e57c_132.png',
     image_original: 'https://s3-us-west-2.amazonaws.com/slack-files2/avatars/2016-02-26/23279656691_9851fdfd7d9ca1a8e57c_original.png',
     image_230: 'https://s3-us-west-2.amazonaws.com/slack-files2/avatars/2016-02-26/23279656691_9851fdfd7d9ca1a8e57c_132.png' },
  teamId: 'T033A3GM6' }
[08/23/17, 16:36:17:399] info: Store: UPDATE_TEAM_LOCALE
{ locale: 'en-US', teamId: 'T033A3GM6' }
[08/23/17, 16:52:32:190] warn: Unable to read quiet hours setting: windows-quiet-hours works only on Windows
[08/23/17, 16:52:32:193] warn: Unable to read quiet hours setting: windows-quiet-hours works only on Windows
[08/23/17, 16:52:32:201] info: Store: NEW_NOTIFICATION
{ id: 'DXACRCZDBYJ4JW',
  title: '[REDACTED]',
  subtitle: '[REDACTED]',
  content: '[REDACTED]',
  launchUri: 'slack://channel?id=D3Q6NTT5J&message=1503499951.000109&team=T033A3GM6',
  imageUri: null,
  channel: 'D3Q6NTT5J',
  msg: '1503499951.000109',
  avatarImage: 'https://ca.slack-edge.com/T033A3GM6-U33KMME3T-7c9c31a62f3e-512',
  ssbFilename: undefined,
  interactive: undefined,
  teamId: 'T033A3GM6' }
[08/23/17, 16:52:36:134] warn: Unable to read quiet hours setting: windows-quiet-hours works only on Windows
[08/23/17, 16:52:36:135] warn: Unable to read quiet hours setting: windows-quiet-hours works only on Windows
[08/23/17, 16:52:36:139] info: Store: NEW_NOTIFICATION
{ id: 'NlRizFRGVoY6NJ',
  title: '[REDACTED]',
  subtitle: '[REDACTED]',
  content: '[REDACTED]',
  launchUri: 'slack://channel?id=D3Q6NTT5J&message=1503499955.000558&team=T033A3GM6',
  imageUri: null,
  channel: 'D3Q6NTT5J',
  msg: '1503499955.000558',
  avatarImage: 'https://ca.slack-edge.com/T033A3GM6-U33KMME3T-7c9c31a62f3e-512',
  ssbFilename: undefined,
  interactive: undefined,
  teamId: 'T033A3GM6' }
[08/23/17, 21:06:23:273] info: Store: UPDATE_TEAM_ICONS
{ icons: 
   { image_34: 'https://s3-us-west-2.amazonaws.com/slack-files2/avatars/2016-02-26/23279656691_9851fdfd7d9ca1a8e57c_34.png',
     image_44: 'https://s3-us-west-2.amazonaws.com/slack-files2/avatars/2016-02-26/23279656691_9851fdfd7d9ca1a8e57c_44.png',
     image_68: 'https://s3-us-west-2.amazonaws.com/slack-files2/avatars/2016-02-26/23279656691_9851fdfd7d9ca1a8e57c_68.png',
     image_88: 'https://s3-us-west-2.amazonaws.com/slack-files2/avatars/2016-02-26/23279656691_9851fdfd7d9ca1a8e57c_88.png',
     image_102: 'https://s3-us-west-2.amazonaws.com/slack-files2/avatars/2016-02-26/23279656691_9851fdfd7d9ca1a8e57c_102.png',
     image_132: 'https://s3-us-west-2.amazonaws.com/slack-files2/avatars/2016-02-26/23279656691_9851fdfd7d9ca1a8e57c_132.png',
     image_original: 'https://s3-us-west-2.amazonaws.com/slack-files2/avatars/2016-02-26/23279656691_9851fdfd7d9ca1a8e57c_original.png',
     image_230: 'https://s3-us-west-2.amazonaws.com/slack-files2/avatars/2016-02-26/23279656691_9851fdfd7d9ca1a8e57c_132.png' },
  teamId: 'T033A3GM6' }
[08/23/17, 21:06:23:610] info: Store: UPDATE_TEAM_LOCALE
{ locale: 'en-US', teamId: 'T033A3GM6' }
[08/24/17, 09:01:31:802] info: Window is unloading, winssb is no longer accessible
[08/24/17, 09:01:32:978] info: Window is unloading, winssb is no longer accessible
[08/24/17, 09:01:34:626] info: ╔═════════════════════════════════════════════════════════════════════════════╗
[08/24/17, 09:01:34:628] info: ║      Slack 2.7.1, linux 4.12.8-2-ARCH on x64 at 08/24/17, 09:01:34:618      ║
[08/24/17, 09:01:34:629] info: ╚═════════════════════════════════════════════════════════════════════════════╝
[08/24/17, 09:01:35:051] info: updateSuspendResume: true
[08/24/17, 09:01:35:053] warn: updateSpellcheckerLanguage: Tried to update language, but spellchecker not initialized
[08/24/17, 09:01:37:972] info: Store: SELECT_CHANNEL D3PBL01Q8
[08/24/17, 09:01:37:977] info: Store: UPDATE_TEAM_LOCALE
{ locale: 'en-US', teamId: undefined }
[08/24/17, 09:01:42:938] info: Store: UPDATE_TEAM_ICONS
{ icons: 
   { image_34: 'https://s3-us-west-2.amazonaws.com/slack-files2/avatars/2016-02-26/23279656691_9851fdfd7d9ca1a8e57c_34.png',
     image_44: 'https://s3-us-west-2.amazonaws.com/slack-files2/avatars/2016-02-26/23279656691_9851fdfd7d9ca1a8e57c_44.png',
     image_68: 'https://s3-us-west-2.amazonaws.com/slack-files2/avatars/2016-02-26/23279656691_9851fdfd7d9ca1a8e57c_68.png',
     image_88: 'https://s3-us-west-2.amazonaws.com/slack-files2/avatars/2016-02-26/23279656691_9851fdfd7d9ca1a8e57c_88.png',
     image_102: 'https://s3-us-west-2.amazonaws.com/slack-files2/avatars/2016-02-26/23279656691_9851fdfd7d9ca1a8e57c_102.png',
     image_132: 'https://s3-us-west-2.amazonaws.com/slack-files2/avatars/2016-02-26/23279656691_9851fdfd7d9ca1a8e57c_132.png',
     image_original: 'https://s3-us-west-2.amazonaws.com/slack-files2/avatars/2016-02-26/23279656691_9851fdfd7d9ca1a8e57c_original.png',
     image_230: 'https://s3-us-west-2.amazonaws.com/slack-files2/avatars/2016-02-26/23279656691_9851fdfd7d9ca1a8e57c_132.png' },
  teamId: 'T033A3GM6' }
[08/24/17, 09:01:43:269] info: Store: UPDATE_TEAM_LOCALE
{ locale: 'en-US', teamId: 'T033A3GM6' }
[08/24/17, 09:01:43:660] info: Store: UPDATE_TEAM_THEME
{ theme: 
   { column_bg: '#303E4D',
     menu_bg: '#2C3849',
     active_item: '#6698C8',
     active_item_text: '#FFFFFF',
     hover_item: '#4A5664',
     text_color: '#FFFFFF',
     active_presence: '#94E864',
     badge: '#78AF8F' },
  teamId: 'T033A3GM6' }
[08/24/17, 09:01:46:240] info: Raw Locale list: ["C","en_US.utf8","POSIX",""]
[08/24/17, 09:01:46:241] info: Filtered Locale list: ["en_US"]
[08/24/17, 09:01:46:242] info: Counts: {"en":["en_US"]}
[08/24/17, 09:01:46:243] info: Setting en
[08/24/17, 09:01:46:246] info: Result: {"en":"en-US"}
[08/24/17, 09:01:46:256] info: Requesting to load en-US, alternatives are ["en-US","en-US","en-US"]
[08/24/17, 09:01:46:258] info: Loading dictionary for language en-US
[08/24/17, 09:01:46:259] info: Returning local copy: /home/alp/.config/Slack/dictionaries/en-US.bdic
[08/24/17, 09:01:46:486] info: Requesting to load en-US, alternatives are ["en-US","en-US","en-US"]
[08/24/17, 09:01:46:487] info: Loading dictionary for language en-US
[08/24/17, 09:01:46:488] info: Returning local copy: /home/alp/.config/Slack/dictionaries/en-US.bdic
[08/24/17, 09:01:46:660] info: Setting current spellchecker to en-US, requested language was en-US
[08/24/17, 09:01:46:662] info: Creating node-spellchecker instance
[08/24/17, 09:01:46:664] info: Actually installing spell check provider to Electron
[08/24/17, 09:01:46:778] info: Setting current spellchecker to en-US, requested language was en-US
[08/24/17, 09:09:51:244] info: Unloading spellchecker
[08/24/17, 09:09:57:087] info: Restoring spellchecker
[08/24/17, 09:09:57:096] info: Loading dictionary for language en-US
[08/24/17, 09:09:57:099] info: Returning local copy: /home/alp/.config/Slack/dictionaries/en-US.bdic
[08/24/17, 09:09:57:147] info: Setting current spellchecker to en-US, requested language was en-US
[08/24/17, 09:09:57:150] info: Creating node-spellchecker instance
[08/24/17, 09:10:00:503] info: Unloading spellchecker
[08/24/17, 09:45:56:722] warn: Unable to read quiet hours setting: windows-quiet-hours works only on Windows
[08/24/17, 09:45:56:723] warn: Unable to read quiet hours setting: windows-quiet-hours works only on Windows
[08/24/17, 09:45:56:729] info: Store: NEW_NOTIFICATION
{ id: 'D9kgUBhZD8l8qLR',
  title: '[REDACTED]',
  subtitle: '[REDACTED]',
  content: '[REDACTED]',
  launchUri: 'slack://channel?id=D3Q6NTT5J&message=1503560755.000249&team=T033A3GM6',
  imageUri: null,
  channel: 'D3Q6NTT5J',
  msg: '1503560755.000249',
  avatarImage: 'https://ca.slack-edge.com/T033A3GM6-U33KMME3T-7c9c31a62f3e-512',
  ssbFilename: undefined,
  interactive: undefined,
  teamId: 'T033A3GM6' }
[08/24/17, 09:51:50:005] warn: Unable to read quiet hours setting: windows-quiet-hours works only on Windows
[08/24/17, 09:51:50:008] warn: Unable to read quiet hours setting: windows-quiet-hours works only on Windows
[08/24/17, 09:51:50:016] info: Store: NEW_NOTIFICATION
{ id: 'G56lfBiQGrkP6AM',
  title: '[REDACTED]',
  subtitle: '[REDACTED]',
  content: '[REDACTED]',
  launchUri: 'slack://channel?id=C3NU8JFCL&message=1503561109.000087&team=T033A3GM6',
  imageUri: null,
  channel: 'C3NU8JFCL',
  msg: '1503561109.000087',
  avatarImage: 'https://ca.slack-edge.com/T033A3GM6-U033Q8W0Y-g9119c696cc5-512',
  ssbFilename: undefined,
  interactive: undefined,
  teamId: 'T033A3GM6' }
[08/24/17, 10:29:40:995] info: Restoring spellchecker
[08/24/17, 10:29:40:997] info: Loading dictionary for language en-US
[08/24/17, 10:29:41:000] info: Returning local copy: /home/alp/.config/Slack/dictionaries/en-US.bdic
[08/24/17, 10:29:41:020] info: Setting current spellchecker to en-US, requested language was en-US
[08/24/17, 10:29:41:025] info: Creating node-spellchecker instance
[08/24/17, 10:29:44:349] info: Store: SELECT_CHANNEL D3Q6NTT5J
[08/24/17, 10:29:45:159] info: Loading dictionary for language en-US
[08/24/17, 10:29:45:159] info: Returning local copy: /home/alp/.config/Slack/dictionaries/en-US.bdic
[08/24/17, 10:29:45:161] info: Setting current spellchecker to en-US, requested language was en-US
[08/24/17, 10:30:08:573] info: Unloading spellchecker
[08/24/17, 10:30:09:964] info: Restoring spellchecker
[08/24/17, 10:30:09:972] info: Loading dictionary for language en-US
[08/24/17, 10:30:09:976] info: Returning local copy: /home/alp/.config/Slack/dictionaries/en-US.bdic
[08/24/17, 10:30:09:997] info: Setting current spellchecker to en-US, requested language was en-US
[08/24/17, 10:30:09:999] info: Creating node-spellchecker instance
[08/24/17, 10:30:34:711] info: Store: SELECT_CHANNEL C04CTP01B
[08/24/17, 10:30:37:095] info: Store: SELECT_CHANNEL C3NU8JFCL
[08/24/17, 10:30:37:717] info: Loading dictionary for language en-US
[08/24/17, 10:30:37:719] info: Returning local copy: /home/alp/.config/Slack/dictionaries/en-US.bdic
[08/24/17, 10:30:37:747] info: Setting current spellchecker to en-US, requested language was en-US
[08/24/17, 10:30:38:233] info: Loading dictionary for language en-US
[08/24/17, 10:30:38:235] info: Returning local copy: /home/alp/.config/Slack/dictionaries/en-US.bdic
[08/24/17, 10:30:38:237] info: Setting current spellchecker to en-US, requested language was en-US
[08/24/17, 10:30:49:078] info: Unloading spellchecker
[08/24/17, 11:00:18:416] warn: Unable to read quiet hours setting: windows-quiet-hours works only on Windows
[08/24/17, 11:00:18:422] warn: Unable to read quiet hours setting: windows-quiet-hours works only on Windows
[08/24/17, 11:00:18:430] info: Store: NEW_NOTIFICATION
{ id: '1rwycnsX0m13ZjV',
  title: '[REDACTED]',
  subtitle: '[REDACTED]',
  content: '[REDACTED]',
  launchUri: 'slack://channel?id=C3NU8JFCL&message=1503565216.000413&team=T033A3GM6',
  imageUri: null,
  channel: 'C3NU8JFCL',
  msg: '1503565216.000413',
  avatarImage: 'https://ca.slack-edge.com/T033A3GM6-U03SJBB4K-g4487fc7c8c9-512',
  ssbFilename: undefined,
  interactive: undefined,
  teamId: 'T033A3GM6' }
[08/24/17, 11:00:34:391] warn: Unable to read quiet hours setting: windows-quiet-hours works only on Windows
[08/24/17, 11:00:34:392] warn: Unable to read quiet hours setting: windows-quiet-hours works only on Windows
[08/24/17, 11:00:34:396] info: Store: NEW_NOTIFICATION
{ id: 'ZV6LFoty0MP3Dx9',
  title: '[REDACTED]',
  subtitle: '[REDACTED]',
  content: '[REDACTED]',
  launchUri: 'slack://channel?id=C3NU8JFCL&message=1503565233.000267&team=T033A3GM6',
  imageUri: null,
  channel: 'C3NU8JFCL',
  msg: '1503565233.000267',
  avatarImage: 'https://ca.slack-edge.com/T033A3GM6-U03SJBB4K-g4487fc7c8c9-512',
  ssbFilename: undefined,
  interactive: undefined,
  teamId: 'T033A3GM6' }
[08/24/17, 11:34:38:838] info: Restoring spellchecker
[08/24/17, 11:34:38:840] info: Loading dictionary for language en-US
[08/24/17, 11:34:38:842] info: Returning local copy: /home/alp/.config/Slack/dictionaries/en-US.bdic
[08/24/17, 11:34:38:876] info: Setting current spellchecker to en-US, requested language was en-US
[08/24/17, 11:34:38:878] info: Creating node-spellchecker instance
[08/24/17, 11:34:41:003] info: Store: SELECT_CHANNEL D3Q6NTT5J
[08/24/17, 11:34:41:817] info: Loading dictionary for language en-US
[08/24/17, 11:34:41:818] info: Returning local copy: /home/alp/.config/Slack/dictionaries/en-US.bdic
[08/24/17, 11:34:41:820] info: Setting current spellchecker to en-US, requested language was en-US
[08/24/17, 11:34:51:237] info: Unloading spellchecker
