[08/15/17, 10:27:38:835] info: ╔═════════════════════════════════════════════════════════════════════════════╗
[08/15/17, 10:27:38:837] info: ║      Slack 2.7.0, linux 4.12.6-1-ARCH on x64 at 08/15/17, 10:27:38:829      ║
[08/15/17, 10:27:38:837] info: ╚═════════════════════════════════════════════════════════════════════════════╝
[08/15/17, 10:27:46:695] info: Window is unloading, winssb is no longer accessible
[08/15/17, 10:27:47:422] info: ╔═════════════════════════════════════════════════════════════════════════════╗
[08/15/17, 10:27:47:423] info: ║      Slack 2.7.0, linux 4.12.6-1-ARCH on x64 at 08/15/17, 10:27:47:419      ║
[08/15/17, 10:27:47:424] info: ╚═════════════════════════════════════════════════════════════════════════════╝
[08/15/17, 10:27:50:026] info: Window is unloading, winssb is no longer accessible
[08/15/17, 10:27:50:245] info: Window is unloading, winssb is no longer accessible
[08/15/17, 10:27:52:015] info: ╔═════════════════════════════════════════════════════════════════════════════╗
[08/15/17, 10:27:52:016] info: ║      Slack 2.7.0, linux 4.12.6-1-ARCH on x64 at 08/15/17, 10:27:52:009      ║
[08/15/17, 10:27:52:017] info: ╚═════════════════════════════════════════════════════════════════════════════╝
[08/15/17, 10:28:04:663] info: Window is unloading, winssb is no longer accessible
[08/15/17, 10:28:06:365] info: ╔═════════════════════════════════════════════════════════════════════════════╗
[08/15/17, 10:28:06:367] info: ║      Slack 2.7.0, linux 4.12.6-1-ARCH on x64 at 08/15/17, 10:28:06:361      ║
[08/15/17, 10:28:06:368] info: ╚═════════════════════════════════════════════════════════════════════════════╝
[08/15/17, 10:28:15:411] info: Window is unloading, winssb is no longer accessible
[08/15/17, 10:28:16:434] info: ╔═════════════════════════════════════════════════════════════════════════════╗
[08/15/17, 10:28:16:435] info: ║      Slack 2.7.0, linux 4.12.6-1-ARCH on x64 at 08/15/17, 10:28:16:431      ║
[08/15/17, 10:28:16:436] info: ╚═════════════════════════════════════════════════════════════════════════════╝
[08/16/17, 08:57:34:684] info: ╔═════════════════════════════════════════════════════════════════════════════╗
[08/16/17, 08:57:34:686] info: ║      Slack 2.7.0, linux 4.12.6-1-ARCH on x64 at 08/16/17, 08:57:34:674      ║
[08/16/17, 08:57:34:687] info: ╚═════════════════════════════════════════════════════════════════════════════╝
[08/16/17, 08:57:35:110] info: updateSuspendResume: true
[08/16/17, 08:57:35:114] warn: updateSpellcheckerLanguage: Tried to update language, but spellchecker not initialized
[08/16/17, 08:57:39:303] info: Store: SELECT_CHANNEL C4K83EDMX
[08/16/17, 08:57:39:309] info: Store: UPDATE_TEAM_LOCALE
{ locale: 'en-US', teamId: undefined }
[08/16/17, 08:57:43:192] info: Store: UPDATE_TEAM_LOCALE
{ locale: 'en-US', teamId: undefined }
[08/16/17, 08:57:44:024] info: Store: UPDATE_TEAM_THEME
{ theme: 
   { column_bg: '#4D394B',
     menu_bg: '#3E313C',
     active_item: '#4C9689',
     active_item_text: '#FFFFFF',
     hover_item: '#3E313C',
     text_color: '#FFFFFF',
     active_presence: '#38978D',
     badge: '#EB4D5C' },
  teamId: 'T4LJMNVAA' }
[08/16/17, 08:57:44:026] info: Store: UPDATE_TEAM_ICONS
{ icons: 
   { image_34: 'https://s3-us-west-2.amazonaws.com/slack-files2/avatars/2017-03-17/156636512934_2ce0746eb0a0861fa917_34.jpg',
     image_44: 'https://s3-us-west-2.amazonaws.com/slack-files2/avatars/2017-03-17/156636512934_2ce0746eb0a0861fa917_44.jpg',
     image_68: 'https://s3-us-west-2.amazonaws.com/slack-files2/avatars/2017-03-17/156636512934_2ce0746eb0a0861fa917_68.jpg',
     image_88: 'https://s3-us-west-2.amazonaws.com/slack-files2/avatars/2017-03-17/156636512934_2ce0746eb0a0861fa917_88.jpg',
     image_102: 'https://s3-us-west-2.amazonaws.com/slack-files2/avatars/2017-03-17/156636512934_2ce0746eb0a0861fa917_102.jpg',
     image_132: 'https://s3-us-west-2.amazonaws.com/slack-files2/avatars/2017-03-17/156636512934_2ce0746eb0a0861fa917_132.jpg',
     image_230: 'https://s3-us-west-2.amazonaws.com/slack-files2/avatars/2017-03-17/156636512934_2ce0746eb0a0861fa917_230.jpg',
     image_original: 'https://s3-us-west-2.amazonaws.com/slack-files2/avatars/2017-03-17/156636512934_2ce0746eb0a0861fa917_original.jpg' },
  teamId: 'T4LJMNVAA' }
[08/16/17, 08:57:45:286] info: Raw Locale list: ["C","en_US.utf8","POSIX",""]
[08/16/17, 08:57:45:288] info: Filtered Locale list: ["en_US"]
[08/16/17, 08:57:45:289] info: Counts: {"en":["en_US"]}
[08/16/17, 08:57:45:291] info: Setting en
[08/16/17, 08:57:45:294] info: Result: {"en":"en-US"}
[08/16/17, 08:57:45:300] info: Requesting to load en-US, alternatives are ["en-US","en-US","en-US"]
[08/16/17, 08:57:45:302] info: Loading dictionary for language en-US
[08/16/17, 08:57:45:303] info: Returning local copy: /home/alp/.config/Slack/dictionaries/en-US.bdic
[08/16/17, 08:57:45:323] info: Setting current spellchecker to en-US, requested language was en-US
[08/16/17, 08:57:45:324] info: Creating node-spellchecker instance
[08/16/17, 08:57:45:328] info: Actually installing spell check provider to Electron
[08/16/17, 08:57:45:697] info: Loading dictionary for language en-US
[08/16/17, 08:57:45:700] info: Returning local copy: /home/alp/.config/Slack/dictionaries/en-US.bdic
[08/16/17, 08:57:45:709] info: Setting current spellchecker to en-US, requested language was en-US
[08/16/17, 14:34:48:219] info: Unloading spellchecker
[08/16/17, 14:34:48:296] info: Restoring spellchecker
[08/16/17, 14:34:48:320] info: Loading dictionary for language en-US
[08/16/17, 14:34:48:332] info: Returning local copy: /home/alp/.config/Slack/dictionaries/en-US.bdic
[08/16/17, 14:34:48:365] info: Setting current spellchecker to en-US, requested language was en-US
[08/16/17, 14:34:48:368] info: Creating node-spellchecker instance
[08/16/17, 14:34:48:440] info: Unloading spellchecker
[08/16/17, 14:35:04:603] info: Restoring spellchecker
[08/16/17, 14:35:04:605] info: Loading dictionary for language en-US
[08/16/17, 14:35:04:607] info: Returning local copy: /home/alp/.config/Slack/dictionaries/en-US.bdic
[08/16/17, 14:35:04:623] info: Setting current spellchecker to en-US, requested language was en-US
[08/16/17, 14:35:04:625] info: Creating node-spellchecker instance
[08/16/17, 14:35:09:533] info: Unloading spellchecker
[08/16/17, 14:35:09:910] info: Restoring spellchecker
[08/16/17, 14:35:09:917] info: Loading dictionary for language en-US
[08/16/17, 14:35:09:927] info: Returning local copy: /home/alp/.config/Slack/dictionaries/en-US.bdic
[08/16/17, 14:35:09:942] info: Setting current spellchecker to en-US, requested language was en-US
[08/16/17, 14:35:09:947] info: Creating node-spellchecker instance
[08/16/17, 14:35:10:066] info: Unloading spellchecker
[08/16/17, 14:35:43:259] info: Restoring spellchecker
[08/16/17, 14:35:43:262] info: Loading dictionary for language en-US
[08/16/17, 14:35:43:269] info: Returning local copy: /home/alp/.config/Slack/dictionaries/en-US.bdic
[08/16/17, 14:35:43:349] info: Setting current spellchecker to en-US, requested language was en-US
[08/16/17, 14:35:43:352] info: Creating node-spellchecker instance
[08/16/17, 14:35:48:294] info: Unloading spellchecker
[08/16/17, 14:35:49:065] info: Restoring spellchecker
[08/16/17, 14:35:49:080] info: Loading dictionary for language en-US
[08/16/17, 14:35:49:088] info: Returning local copy: /home/alp/.config/Slack/dictionaries/en-US.bdic
[08/16/17, 14:35:49:103] info: Setting current spellchecker to en-US, requested language was en-US
[08/16/17, 14:35:49:108] info: Creating node-spellchecker instance
[08/16/17, 14:35:49:516] info: Unloading spellchecker
[08/16/17, 14:37:38:555] info: Restoring spellchecker
[08/16/17, 14:37:38:561] info: Loading dictionary for language en-US
[08/16/17, 14:37:38:566] info: Returning local copy: /home/alp/.config/Slack/dictionaries/en-US.bdic
[08/16/17, 14:37:38:581] info: Setting current spellchecker to en-US, requested language was en-US
[08/16/17, 14:37:38:583] info: Creating node-spellchecker instance
[08/16/17, 14:37:44:648] info: Store: [2] Start a download
[08/16/17, 14:37:53:699] info: Unloading spellchecker
[08/16/17, 14:37:53:792] info: Restoring spellchecker
[08/16/17, 14:37:53:793] info: Loading dictionary for language en-US
[08/16/17, 14:37:53:795] info: Returning local copy: /home/alp/.config/Slack/dictionaries/en-US.bdic
[08/16/17, 14:37:53:891] info: Setting current spellchecker to en-US, requested language was en-US
[08/16/17, 14:37:53:894] info: Creating node-spellchecker instance
[08/16/17, 14:37:54:009] info: Unloading spellchecker
[08/16/17, 14:37:54:776] info: Restoring spellchecker
[08/16/17, 14:37:54:786] info: Loading dictionary for language en-US
[08/16/17, 14:37:54:789] info: Returning local copy: /home/alp/.config/Slack/dictionaries/en-US.bdic
[08/16/17, 14:37:54:869] info: Setting current spellchecker to en-US, requested language was en-US
[08/16/17, 14:37:54:871] info: Creating node-spellchecker instance
[08/16/17, 14:37:55:581] info: Unloading spellchecker
[08/16/17, 14:37:55:694] info: Restoring spellchecker
[08/16/17, 14:37:55:704] info: Loading dictionary for language en-US
[08/16/17, 14:37:55:714] info: Returning local copy: /home/alp/.config/Slack/dictionaries/en-US.bdic
[08/16/17, 14:37:55:783] info: Unloading spellchecker
[08/16/17, 14:37:55:822] info: Setting current spellchecker to en-US, requested language was en-US
[08/16/17, 14:37:55:826] info: Creating node-spellchecker instance
[08/17/17, 11:22:09:558] info: ╔═════════════════════════════════════════════════════════════════════════════╗
[08/17/17, 11:22:09:560] info: ║      Slack 2.7.0, linux 4.12.6-1-ARCH on x64 at 08/17/17, 11:22:09:548      ║
[08/17/17, 11:22:09:561] info: ╚═════════════════════════════════════════════════════════════════════════════╝
[08/17/17, 11:22:10:037] info: updateSuspendResume: true
[08/17/17, 11:22:10:038] warn: updateSpellcheckerLanguage: Tried to update language, but spellchecker not initialized
[08/17/17, 11:22:12:942] info: Store: SELECT_CHANNEL C4K83EDMX
[08/17/17, 11:22:12:949] info: Store: UPDATE_TEAM_LOCALE
{ locale: 'en-US', teamId: undefined }
[08/17/17, 11:22:15:002] info: Store: UPDATE_TEAM_THEME
{ theme: 
   { column_bg: '#4D394B',
     menu_bg: '#3E313C',
     active_item: '#4C9689',
     active_item_text: '#FFFFFF',
     hover_item: '#3E313C',
     text_color: '#FFFFFF',
     active_presence: '#38978D',
     badge: '#EB4D5C' },
  teamId: 'T4LJMNVAA' }
[08/17/17, 11:22:15:120] info: Store: UPDATE_TEAM_ICONS
{ icons: 
   { image_34: 'https://s3-us-west-2.amazonaws.com/slack-files2/avatars/2017-03-17/156636512934_2ce0746eb0a0861fa917_34.jpg',
     image_44: 'https://s3-us-west-2.amazonaws.com/slack-files2/avatars/2017-03-17/156636512934_2ce0746eb0a0861fa917_44.jpg',
     image_68: 'https://s3-us-west-2.amazonaws.com/slack-files2/avatars/2017-03-17/156636512934_2ce0746eb0a0861fa917_68.jpg',
     image_88: 'https://s3-us-west-2.amazonaws.com/slack-files2/avatars/2017-03-17/156636512934_2ce0746eb0a0861fa917_88.jpg',
     image_102: 'https://s3-us-west-2.amazonaws.com/slack-files2/avatars/2017-03-17/156636512934_2ce0746eb0a0861fa917_102.jpg',
     image_132: 'https://s3-us-west-2.amazonaws.com/slack-files2/avatars/2017-03-17/156636512934_2ce0746eb0a0861fa917_132.jpg',
     image_230: 'https://s3-us-west-2.amazonaws.com/slack-files2/avatars/2017-03-17/156636512934_2ce0746eb0a0861fa917_230.jpg',
     image_original: 'https://s3-us-west-2.amazonaws.com/slack-files2/avatars/2017-03-17/156636512934_2ce0746eb0a0861fa917_original.jpg' },
  teamId: 'T4LJMNVAA' }
[08/17/17, 11:22:15:751] info: Store: UPDATE_TEAM_LOCALE
{ locale: 'en-US', teamId: 'T4LJMNVAA' }
[08/17/17, 11:22:17:163] info: Raw Locale list: ["C","en_US.utf8","POSIX",""]
[08/17/17, 11:22:17:165] info: Filtered Locale list: ["en_US"]
[08/17/17, 11:22:17:166] info: Counts: {"en":["en_US"]}
[08/17/17, 11:22:17:167] info: Setting en
[08/17/17, 11:22:17:170] info: Result: {"en":"en-US"}
[08/17/17, 11:22:17:174] info: Requesting to load en-US, alternatives are ["en-US","en-US","en-US"]
[08/17/17, 11:22:17:178] info: Loading dictionary for language en-US
[08/17/17, 11:22:17:180] info: Returning local copy: /home/alp/.config/Slack/dictionaries/en-US.bdic
[08/17/17, 11:22:17:191] info: Setting current spellchecker to en-US, requested language was en-US
[08/17/17, 11:22:17:192] info: Creating node-spellchecker instance
[08/17/17, 11:22:17:196] info: Actually installing spell check provider to Electron
[08/17/17, 11:22:17:209] info: Loading dictionary for language en-US
[08/17/17, 11:22:17:210] info: Returning local copy: /home/alp/.config/Slack/dictionaries/en-US.bdic
[08/17/17, 11:22:17:212] info: Setting current spellchecker to en-US, requested language was en-US
[08/17/17, 21:15:10:157] info: Store: UPDATE_TEAM_ICONS
{ icons: 
   { image_34: 'https://s3-us-west-2.amazonaws.com/slack-files2/avatars/2017-03-17/156636512934_2ce0746eb0a0861fa917_34.jpg',
     image_44: 'https://s3-us-west-2.amazonaws.com/slack-files2/avatars/2017-03-17/156636512934_2ce0746eb0a0861fa917_44.jpg',
     image_68: 'https://s3-us-west-2.amazonaws.com/slack-files2/avatars/2017-03-17/156636512934_2ce0746eb0a0861fa917_68.jpg',
     image_88: 'https://s3-us-west-2.amazonaws.com/slack-files2/avatars/2017-03-17/156636512934_2ce0746eb0a0861fa917_88.jpg',
     image_102: 'https://s3-us-west-2.amazonaws.com/slack-files2/avatars/2017-03-17/156636512934_2ce0746eb0a0861fa917_102.jpg',
     image_132: 'https://s3-us-west-2.amazonaws.com/slack-files2/avatars/2017-03-17/156636512934_2ce0746eb0a0861fa917_132.jpg',
     image_230: 'https://s3-us-west-2.amazonaws.com/slack-files2/avatars/2017-03-17/156636512934_2ce0746eb0a0861fa917_230.jpg',
     image_original: 'https://s3-us-west-2.amazonaws.com/slack-files2/avatars/2017-03-17/156636512934_2ce0746eb0a0861fa917_original.jpg' },
  teamId: 'T4LJMNVAA' }
[08/17/17, 21:15:10:684] info: Store: UPDATE_TEAM_LOCALE
{ locale: 'en-US', teamId: 'T4LJMNVAA' }
[08/18/17, 09:51:01:403] info: Store: UPDATE_TEAM_ICONS
{ icons: 
   { image_34: 'https://s3-us-west-2.amazonaws.com/slack-files2/avatars/2017-03-17/156636512934_2ce0746eb0a0861fa917_34.jpg',
     image_44: 'https://s3-us-west-2.amazonaws.com/slack-files2/avatars/2017-03-17/156636512934_2ce0746eb0a0861fa917_44.jpg',
     image_68: 'https://s3-us-west-2.amazonaws.com/slack-files2/avatars/2017-03-17/156636512934_2ce0746eb0a0861fa917_68.jpg',
     image_88: 'https://s3-us-west-2.amazonaws.com/slack-files2/avatars/2017-03-17/156636512934_2ce0746eb0a0861fa917_88.jpg',
     image_102: 'https://s3-us-west-2.amazonaws.com/slack-files2/avatars/2017-03-17/156636512934_2ce0746eb0a0861fa917_102.jpg',
     image_132: 'https://s3-us-west-2.amazonaws.com/slack-files2/avatars/2017-03-17/156636512934_2ce0746eb0a0861fa917_132.jpg',
     image_230: 'https://s3-us-west-2.amazonaws.com/slack-files2/avatars/2017-03-17/156636512934_2ce0746eb0a0861fa917_230.jpg',
     image_original: 'https://s3-us-west-2.amazonaws.com/slack-files2/avatars/2017-03-17/156636512934_2ce0746eb0a0861fa917_original.jpg' },
  teamId: 'T4LJMNVAA' }
[08/18/17, 09:51:05:903] info: Store: UPDATE_TEAM_LOCALE
{ locale: 'en-US', teamId: 'T4LJMNVAA' }
[08/18/17, 17:43:35:897] info: Store: UPDATE_TEAM_ICONS
{ icons: 
   { image_34: 'https://s3-us-west-2.amazonaws.com/slack-files2/avatars/2017-03-17/156636512934_2ce0746eb0a0861fa917_34.jpg',
     image_44: 'https://s3-us-west-2.amazonaws.com/slack-files2/avatars/2017-03-17/156636512934_2ce0746eb0a0861fa917_44.jpg',
     image_68: 'https://s3-us-west-2.amazonaws.com/slack-files2/avatars/2017-03-17/156636512934_2ce0746eb0a0861fa917_68.jpg',
     image_88: 'https://s3-us-west-2.amazonaws.com/slack-files2/avatars/2017-03-17/156636512934_2ce0746eb0a0861fa917_88.jpg',
     image_102: 'https://s3-us-west-2.amazonaws.com/slack-files2/avatars/2017-03-17/156636512934_2ce0746eb0a0861fa917_102.jpg',
     image_132: 'https://s3-us-west-2.amazonaws.com/slack-files2/avatars/2017-03-17/156636512934_2ce0746eb0a0861fa917_132.jpg',
     image_230: 'https://s3-us-west-2.amazonaws.com/slack-files2/avatars/2017-03-17/156636512934_2ce0746eb0a0861fa917_230.jpg',
     image_original: 'https://s3-us-west-2.amazonaws.com/slack-files2/avatars/2017-03-17/156636512934_2ce0746eb0a0861fa917_original.jpg' },
  teamId: 'T4LJMNVAA' }
[08/18/17, 17:43:36:189] info: Store: UPDATE_TEAM_LOCALE
{ locale: 'en-US', teamId: 'T4LJMNVAA' }
[08/19/17, 13:39:12:442] info: Window is unloading, winssb is no longer accessible
[08/19/17, 13:39:13:201] info: ╔═════════════════════════════════════════════════════════════════════════════╗
[08/19/17, 13:39:13:203] info: ║      Slack 2.7.1, linux 4.12.6-1-ARCH on x64 at 08/19/17, 13:39:13:194      ║
[08/19/17, 13:39:13:204] info: ╚═════════════════════════════════════════════════════════════════════════════╝
[08/19/17, 13:39:13:566] info: updateSuspendResume: true
[08/19/17, 13:39:13:567] warn: updateSpellcheckerLanguage: Tried to update language, but spellchecker not initialized
[08/19/17, 13:39:16:212] info: Store: SELECT_CHANNEL C4K83EDMX
[08/19/17, 13:39:16:221] info: Store: UPDATE_TEAM_LOCALE
{ locale: 'en-US', teamId: undefined }
[08/19/17, 13:39:17:618] info: Raw Locale list: ["C","en_US.utf8","POSIX",""]
[08/19/17, 13:39:17:619] info: Filtered Locale list: ["en_US"]
[08/19/17, 13:39:17:620] info: Counts: {"en":["en_US"]}
[08/19/17, 13:39:17:621] info: Setting en
[08/19/17, 13:39:17:622] info: Result: {"en":"en-US"}
[08/19/17, 13:39:17:624] info: Requesting to load en-US, alternatives are ["en-US","en-US","en-US"]
[08/19/17, 13:39:17:626] info: Loading dictionary for language en-US
[08/19/17, 13:39:17:627] info: Returning local copy: /home/alp/.config/Slack/dictionaries/en-US.bdic
[08/19/17, 13:39:17:631] info: Setting current spellchecker to en-US, requested language was en-US
[08/19/17, 13:39:17:632] info: Creating node-spellchecker instance
[08/19/17, 13:39:17:635] info: Actually installing spell check provider to Electron
[08/19/17, 13:39:17:947] info: Store: UPDATE_TEAM_ICONS
{ icons: 
   { image_34: 'https://s3-us-west-2.amazonaws.com/slack-files2/avatars/2017-03-17/156636512934_2ce0746eb0a0861fa917_34.jpg',
     image_44: 'https://s3-us-west-2.amazonaws.com/slack-files2/avatars/2017-03-17/156636512934_2ce0746eb0a0861fa917_44.jpg',
     image_68: 'https://s3-us-west-2.amazonaws.com/slack-files2/avatars/2017-03-17/156636512934_2ce0746eb0a0861fa917_68.jpg',
     image_88: 'https://s3-us-west-2.amazonaws.com/slack-files2/avatars/2017-03-17/156636512934_2ce0746eb0a0861fa917_88.jpg',
     image_102: 'https://s3-us-west-2.amazonaws.com/slack-files2/avatars/2017-03-17/156636512934_2ce0746eb0a0861fa917_102.jpg',
     image_132: 'https://s3-us-west-2.amazonaws.com/slack-files2/avatars/2017-03-17/156636512934_2ce0746eb0a0861fa917_132.jpg',
     image_230: 'https://s3-us-west-2.amazonaws.com/slack-files2/avatars/2017-03-17/156636512934_2ce0746eb0a0861fa917_230.jpg',
     image_original: 'https://s3-us-west-2.amazonaws.com/slack-files2/avatars/2017-03-17/156636512934_2ce0746eb0a0861fa917_original.jpg' },
  teamId: 'T4LJMNVAA' }
[08/19/17, 13:39:18:348] info: Store: UPDATE_TEAM_LOCALE
{ locale: 'en-US', teamId: 'T4LJMNVAA' }
[08/19/17, 13:39:18:732] info: Store: UPDATE_TEAM_THEME
{ theme: 
   { column_bg: '#4D394B',
     menu_bg: '#3E313C',
     active_item: '#4C9689',
     active_item_text: '#FFFFFF',
     hover_item: '#3E313C',
     text_color: '#FFFFFF',
     active_presence: '#38978D',
     badge: '#EB4D5C' },
  teamId: 'T4LJMNVAA' }
[08/19/17, 13:39:18:775] info: Loading dictionary for language en-US
[08/19/17, 13:39:18:776] info: Returning local copy: /home/alp/.config/Slack/dictionaries/en-US.bdic
[08/19/17, 13:39:18:778] info: Setting current spellchecker to en-US, requested language was en-US
[08/20/17, 13:00:04:052] info: Store: UPDATE_TEAM_ICONS
{ icons: 
   { image_34: 'https://s3-us-west-2.amazonaws.com/slack-files2/avatars/2017-03-17/156636512934_2ce0746eb0a0861fa917_34.jpg',
     image_44: 'https://s3-us-west-2.amazonaws.com/slack-files2/avatars/2017-03-17/156636512934_2ce0746eb0a0861fa917_44.jpg',
     image_68: 'https://s3-us-west-2.amazonaws.com/slack-files2/avatars/2017-03-17/156636512934_2ce0746eb0a0861fa917_68.jpg',
     image_88: 'https://s3-us-west-2.amazonaws.com/slack-files2/avatars/2017-03-17/156636512934_2ce0746eb0a0861fa917_88.jpg',
     image_102: 'https://s3-us-west-2.amazonaws.com/slack-files2/avatars/2017-03-17/156636512934_2ce0746eb0a0861fa917_102.jpg',
     image_132: 'https://s3-us-west-2.amazonaws.com/slack-files2/avatars/2017-03-17/156636512934_2ce0746eb0a0861fa917_132.jpg',
     image_230: 'https://s3-us-west-2.amazonaws.com/slack-files2/avatars/2017-03-17/156636512934_2ce0746eb0a0861fa917_230.jpg',
     image_original: 'https://s3-us-west-2.amazonaws.com/slack-files2/avatars/2017-03-17/156636512934_2ce0746eb0a0861fa917_original.jpg' },
  teamId: 'T4LJMNVAA' }
[08/20/17, 13:00:08:233] info: Store: UPDATE_TEAM_LOCALE
{ locale: 'en-US', teamId: 'T4LJMNVAA' }
[08/20/17, 17:59:42:836] info: Store: UPDATE_TEAM_ICONS
{ icons: 
   { image_34: 'https://s3-us-west-2.amazonaws.com/slack-files2/avatars/2017-03-17/156636512934_2ce0746eb0a0861fa917_34.jpg',
     image_44: 'https://s3-us-west-2.amazonaws.com/slack-files2/avatars/2017-03-17/156636512934_2ce0746eb0a0861fa917_44.jpg',
     image_68: 'https://s3-us-west-2.amazonaws.com/slack-files2/avatars/2017-03-17/156636512934_2ce0746eb0a0861fa917_68.jpg',
     image_88: 'https://s3-us-west-2.amazonaws.com/slack-files2/avatars/2017-03-17/156636512934_2ce0746eb0a0861fa917_88.jpg',
     image_102: 'https://s3-us-west-2.amazonaws.com/slack-files2/avatars/2017-03-17/156636512934_2ce0746eb0a0861fa917_102.jpg',
     image_132: 'https://s3-us-west-2.amazonaws.com/slack-files2/avatars/2017-03-17/156636512934_2ce0746eb0a0861fa917_132.jpg',
     image_230: 'https://s3-us-west-2.amazonaws.com/slack-files2/avatars/2017-03-17/156636512934_2ce0746eb0a0861fa917_230.jpg',
     image_original: 'https://s3-us-west-2.amazonaws.com/slack-files2/avatars/2017-03-17/156636512934_2ce0746eb0a0861fa917_original.jpg' },
  teamId: 'T4LJMNVAA' }
[08/20/17, 17:59:43:265] info: Store: UPDATE_TEAM_LOCALE
{ locale: 'en-US', teamId: 'T4LJMNVAA' }
[08/21/17, 01:42:11:231] info: Store: UPDATE_TEAM_ICONS
{ icons: 
   { image_34: 'https://s3-us-west-2.amazonaws.com/slack-files2/avatars/2017-03-17/156636512934_2ce0746eb0a0861fa917_34.jpg',
     image_44: 'https://s3-us-west-2.amazonaws.com/slack-files2/avatars/2017-03-17/156636512934_2ce0746eb0a0861fa917_44.jpg',
     image_68: 'https://s3-us-west-2.amazonaws.com/slack-files2/avatars/2017-03-17/156636512934_2ce0746eb0a0861fa917_68.jpg',
     image_88: 'https://s3-us-west-2.amazonaws.com/slack-files2/avatars/2017-03-17/156636512934_2ce0746eb0a0861fa917_88.jpg',
     image_102: 'https://s3-us-west-2.amazonaws.com/slack-files2/avatars/2017-03-17/156636512934_2ce0746eb0a0861fa917_102.jpg',
     image_132: 'https://s3-us-west-2.amazonaws.com/slack-files2/avatars/2017-03-17/156636512934_2ce0746eb0a0861fa917_132.jpg',
     image_230: 'https://s3-us-west-2.amazonaws.com/slack-files2/avatars/2017-03-17/156636512934_2ce0746eb0a0861fa917_230.jpg',
     image_original: 'https://s3-us-west-2.amazonaws.com/slack-files2/avatars/2017-03-17/156636512934_2ce0746eb0a0861fa917_original.jpg' },
  teamId: 'T4LJMNVAA' }
[08/21/17, 01:42:16:599] info: Store: UPDATE_TEAM_LOCALE
{ locale: 'en-US', teamId: 'T4LJMNVAA' }
[08/21/17, 09:02:53:658] info: Store: UPDATE_TEAM_ICONS
{ icons: 
   { image_34: 'https://s3-us-west-2.amazonaws.com/slack-files2/avatars/2017-03-17/156636512934_2ce0746eb0a0861fa917_34.jpg',
     image_44: 'https://s3-us-west-2.amazonaws.com/slack-files2/avatars/2017-03-17/156636512934_2ce0746eb0a0861fa917_44.jpg',
     image_68: 'https://s3-us-west-2.amazonaws.com/slack-files2/avatars/2017-03-17/156636512934_2ce0746eb0a0861fa917_68.jpg',
     image_88: 'https://s3-us-west-2.amazonaws.com/slack-files2/avatars/2017-03-17/156636512934_2ce0746eb0a0861fa917_88.jpg',
     image_102: 'https://s3-us-west-2.amazonaws.com/slack-files2/avatars/2017-03-17/156636512934_2ce0746eb0a0861fa917_102.jpg',
     image_132: 'https://s3-us-west-2.amazonaws.com/slack-files2/avatars/2017-03-17/156636512934_2ce0746eb0a0861fa917_132.jpg',
     image_230: 'https://s3-us-west-2.amazonaws.com/slack-files2/avatars/2017-03-17/156636512934_2ce0746eb0a0861fa917_230.jpg',
     image_original: 'https://s3-us-west-2.amazonaws.com/slack-files2/avatars/2017-03-17/156636512934_2ce0746eb0a0861fa917_original.jpg' },
  teamId: 'T4LJMNVAA' }
[08/21/17, 09:02:57:229] info: Store: UPDATE_TEAM_LOCALE
{ locale: 'en-US', teamId: 'T4LJMNVAA' }
[08/21/17, 09:08:21:690] info: ╔═════════════════════════════════════════════════════════════════════════════╗
[08/21/17, 09:08:21:698] info: ║      Slack 2.7.1, linux 4.12.8-2-ARCH on x64 at 08/21/17, 09:08:21:672      ║
[08/21/17, 09:08:21:702] info: ╚═════════════════════════════════════════════════════════════════════════════╝
[08/21/17, 09:08:22:536] info: updateSuspendResume: true
[08/21/17, 09:08:22:539] warn: updateSpellcheckerLanguage: Tried to update language, but spellchecker not initialized
[08/21/17, 09:08:26:583] info: Store: SELECT_CHANNEL C4K83EDMX
[08/21/17, 09:08:26:593] info: Store: UPDATE_TEAM_LOCALE
{ locale: 'en-US', teamId: undefined }
[08/21/17, 09:08:30:130] info: Store: UPDATE_TEAM_ICONS
{ icons: 
   { image_34: 'https://s3-us-west-2.amazonaws.com/slack-files2/avatars/2017-03-17/156636512934_2ce0746eb0a0861fa917_34.jpg',
     image_44: 'https://s3-us-west-2.amazonaws.com/slack-files2/avatars/2017-03-17/156636512934_2ce0746eb0a0861fa917_44.jpg',
     image_68: 'https://s3-us-west-2.amazonaws.com/slack-files2/avatars/2017-03-17/156636512934_2ce0746eb0a0861fa917_68.jpg',
     image_88: 'https://s3-us-west-2.amazonaws.com/slack-files2/avatars/2017-03-17/156636512934_2ce0746eb0a0861fa917_88.jpg',
     image_102: 'https://s3-us-west-2.amazonaws.com/slack-files2/avatars/2017-03-17/156636512934_2ce0746eb0a0861fa917_102.jpg',
     image_132: 'https://s3-us-west-2.amazonaws.com/slack-files2/avatars/2017-03-17/156636512934_2ce0746eb0a0861fa917_132.jpg',
     image_230: 'https://s3-us-west-2.amazonaws.com/slack-files2/avatars/2017-03-17/156636512934_2ce0746eb0a0861fa917_230.jpg',
     image_original: 'https://s3-us-west-2.amazonaws.com/slack-files2/avatars/2017-03-17/156636512934_2ce0746eb0a0861fa917_original.jpg' },
  teamId: 'T4LJMNVAA' }
[08/21/17, 09:08:30:926] info: Store: UPDATE_TEAM_LOCALE
{ locale: 'en-US', teamId: 'T4LJMNVAA' }
[08/21/17, 09:08:31:609] info: Store: UPDATE_TEAM_THEME
{ theme: 
   { column_bg: '#4D394B',
     menu_bg: '#3E313C',
     active_item: '#4C9689',
     active_item_text: '#FFFFFF',
     hover_item: '#3E313C',
     text_color: '#FFFFFF',
     active_presence: '#38978D',
     badge: '#EB4D5C' },
  teamId: 'T4LJMNVAA' }
[08/21/17, 09:08:33:543] info: Raw Locale list: ["C","en_US.utf8","POSIX",""]
[08/21/17, 09:08:33:547] info: Filtered Locale list: ["en_US"]
[08/21/17, 09:08:33:551] info: Counts: {"en":["en_US"]}
[08/21/17, 09:08:33:553] info: Setting en
[08/21/17, 09:08:33:558] info: Result: {"en":"en-US"}
[08/21/17, 09:08:33:569] info: Requesting to load en-US, alternatives are ["en-US","en-US","en-US"]
[08/21/17, 09:08:33:587] info: Loading dictionary for language en-US
[08/21/17, 09:08:33:598] info: Returning local copy: /home/alp/.config/Slack/dictionaries/en-US.bdic
[08/21/17, 09:08:33:631] info: Setting current spellchecker to en-US, requested language was en-US
[08/21/17, 09:08:33:638] info: Creating node-spellchecker instance
[08/21/17, 09:08:33:645] info: Actually installing spell check provider to Electron
[08/21/17, 09:08:34:225] info: Loading dictionary for language en-US
[08/21/17, 09:08:34:227] info: Returning local copy: /home/alp/.config/Slack/dictionaries/en-US.bdic
[08/21/17, 09:08:34:231] info: Setting current spellchecker to en-US, requested language was en-US
[08/21/17, 13:26:23:001] info: ╔═════════════════════════════════════════════════════════════════════════════╗
[08/21/17, 13:26:23:003] info: ║      Slack 2.7.1, linux 4.12.8-2-ARCH on x64 at 08/21/17, 13:26:22:993      ║
[08/21/17, 13:26:23:004] info: ╚═════════════════════════════════════════════════════════════════════════════╝
[08/21/17, 13:26:23:434] info: updateSuspendResume: true
[08/21/17, 13:26:23:436] warn: updateSpellcheckerLanguage: Tried to update language, but spellchecker not initialized
[08/21/17, 13:26:26:373] info: Store: SELECT_CHANNEL C4K83EDMX
[08/21/17, 13:26:26:388] info: Store: UPDATE_TEAM_LOCALE
{ locale: 'en-US', teamId: undefined }
[08/21/17, 13:26:28:912] info: Store: UPDATE_TEAM_ICONS
{ icons: 
   { image_34: 'https://s3-us-west-2.amazonaws.com/slack-files2/avatars/2017-03-17/156636512934_2ce0746eb0a0861fa917_34.jpg',
     image_44: 'https://s3-us-west-2.amazonaws.com/slack-files2/avatars/2017-03-17/156636512934_2ce0746eb0a0861fa917_44.jpg',
     image_68: 'https://s3-us-west-2.amazonaws.com/slack-files2/avatars/2017-03-17/156636512934_2ce0746eb0a0861fa917_68.jpg',
     image_88: 'https://s3-us-west-2.amazonaws.com/slack-files2/avatars/2017-03-17/156636512934_2ce0746eb0a0861fa917_88.jpg',
     image_102: 'https://s3-us-west-2.amazonaws.com/slack-files2/avatars/2017-03-17/156636512934_2ce0746eb0a0861fa917_102.jpg',
     image_132: 'https://s3-us-west-2.amazonaws.com/slack-files2/avatars/2017-03-17/156636512934_2ce0746eb0a0861fa917_132.jpg',
     image_230: 'https://s3-us-west-2.amazonaws.com/slack-files2/avatars/2017-03-17/156636512934_2ce0746eb0a0861fa917_230.jpg',
     image_original: 'https://s3-us-west-2.amazonaws.com/slack-files2/avatars/2017-03-17/156636512934_2ce0746eb0a0861fa917_original.jpg' },
  teamId: 'T4LJMNVAA' }
[08/21/17, 13:26:29:518] info: Store: UPDATE_TEAM_LOCALE
{ locale: 'en-US', teamId: 'T4LJMNVAA' }
[08/21/17, 13:26:29:942] info: Store: UPDATE_TEAM_THEME
{ theme: 
   { column_bg: '#4D394B',
     menu_bg: '#3E313C',
     active_item: '#4C9689',
     active_item_text: '#FFFFFF',
     hover_item: '#3E313C',
     text_color: '#FFFFFF',
     active_presence: '#38978D',
     badge: '#EB4D5C' },
  teamId: 'T4LJMNVAA' }
[08/21/17, 13:26:30:842] info: Raw Locale list: ["C","en_US.utf8","POSIX",""]
[08/21/17, 13:26:30:844] info: Filtered Locale list: ["en_US"]
[08/21/17, 13:26:30:845] info: Counts: {"en":["en_US"]}
[08/21/17, 13:26:30:847] info: Setting en
[08/21/17, 13:26:30:849] info: Result: {"en":"en-US"}
[08/21/17, 13:26:30:852] info: Requesting to load en-US, alternatives are ["en-US","en-US","en-US"]
[08/21/17, 13:26:30:855] info: Loading dictionary for language en-US
[08/21/17, 13:26:30:856] info: Returning local copy: /home/alp/.config/Slack/dictionaries/en-US.bdic
[08/21/17, 13:26:30:905] info: Setting current spellchecker to en-US, requested language was en-US
[08/21/17, 13:26:30:906] info: Creating node-spellchecker instance
[08/21/17, 13:26:30:909] info: Actually installing spell check provider to Electron
[08/21/17, 13:26:30:910] info: Loading dictionary for language en-US
[08/21/17, 13:26:30:911] info: Returning local copy: /home/alp/.config/Slack/dictionaries/en-US.bdic
[08/21/17, 13:26:30:915] info: Setting current spellchecker to en-US, requested language was en-US
[08/21/17, 19:10:27:122] info: Store: UPDATE_TEAM_ICONS
{ icons: 
   { image_34: 'https://s3-us-west-2.amazonaws.com/slack-files2/avatars/2017-03-17/156636512934_2ce0746eb0a0861fa917_34.jpg',
     image_44: 'https://s3-us-west-2.amazonaws.com/slack-files2/avatars/2017-03-17/156636512934_2ce0746eb0a0861fa917_44.jpg',
     image_68: 'https://s3-us-west-2.amazonaws.com/slack-files2/avatars/2017-03-17/156636512934_2ce0746eb0a0861fa917_68.jpg',
     image_88: 'https://s3-us-west-2.amazonaws.com/slack-files2/avatars/2017-03-17/156636512934_2ce0746eb0a0861fa917_88.jpg',
     image_102: 'https://s3-us-west-2.amazonaws.com/slack-files2/avatars/2017-03-17/156636512934_2ce0746eb0a0861fa917_102.jpg',
     image_132: 'https://s3-us-west-2.amazonaws.com/slack-files2/avatars/2017-03-17/156636512934_2ce0746eb0a0861fa917_132.jpg',
     image_230: 'https://s3-us-west-2.amazonaws.com/slack-files2/avatars/2017-03-17/156636512934_2ce0746eb0a0861fa917_230.jpg',
     image_original: 'https://s3-us-west-2.amazonaws.com/slack-files2/avatars/2017-03-17/156636512934_2ce0746eb0a0861fa917_original.jpg' },
  teamId: 'T4LJMNVAA' }
[08/21/17, 19:10:27:805] info: Store: UPDATE_TEAM_LOCALE
{ locale: 'en-US', teamId: 'T4LJMNVAA' }
[08/22/17, 10:02:02:850] info: Store: UPDATE_TEAM_ICONS
{ icons: 
   { image_34: 'https://s3-us-west-2.amazonaws.com/slack-files2/avatars/2017-03-17/156636512934_2ce0746eb0a0861fa917_34.jpg',
     image_44: 'https://s3-us-west-2.amazonaws.com/slack-files2/avatars/2017-03-17/156636512934_2ce0746eb0a0861fa917_44.jpg',
     image_68: 'https://s3-us-west-2.amazonaws.com/slack-files2/avatars/2017-03-17/156636512934_2ce0746eb0a0861fa917_68.jpg',
     image_88: 'https://s3-us-west-2.amazonaws.com/slack-files2/avatars/2017-03-17/156636512934_2ce0746eb0a0861fa917_88.jpg',
     image_102: 'https://s3-us-west-2.amazonaws.com/slack-files2/avatars/2017-03-17/156636512934_2ce0746eb0a0861fa917_102.jpg',
     image_132: 'https://s3-us-west-2.amazonaws.com/slack-files2/avatars/2017-03-17/156636512934_2ce0746eb0a0861fa917_132.jpg',
     image_230: 'https://s3-us-west-2.amazonaws.com/slack-files2/avatars/2017-03-17/156636512934_2ce0746eb0a0861fa917_230.jpg',
     image_original: 'https://s3-us-west-2.amazonaws.com/slack-files2/avatars/2017-03-17/156636512934_2ce0746eb0a0861fa917_original.jpg' },
  teamId: 'T4LJMNVAA' }
[08/22/17, 10:02:03:732] info: Store: UPDATE_TEAM_LOCALE
{ locale: 'en-US', teamId: 'T4LJMNVAA' }
[08/22/17, 20:34:42:466] info: Store: UPDATE_TEAM_ICONS
{ icons: 
   { image_34: 'https://s3-us-west-2.amazonaws.com/slack-files2/avatars/2017-03-17/156636512934_2ce0746eb0a0861fa917_34.jpg',
     image_44: 'https://s3-us-west-2.amazonaws.com/slack-files2/avatars/2017-03-17/156636512934_2ce0746eb0a0861fa917_44.jpg',
     image_68: 'https://s3-us-west-2.amazonaws.com/slack-files2/avatars/2017-03-17/156636512934_2ce0746eb0a0861fa917_68.jpg',
     image_88: 'https://s3-us-west-2.amazonaws.com/slack-files2/avatars/2017-03-17/156636512934_2ce0746eb0a0861fa917_88.jpg',
     image_102: 'https://s3-us-west-2.amazonaws.com/slack-files2/avatars/2017-03-17/156636512934_2ce0746eb0a0861fa917_102.jpg',
     image_132: 'https://s3-us-west-2.amazonaws.com/slack-files2/avatars/2017-03-17/156636512934_2ce0746eb0a0861fa917_132.jpg',
     image_230: 'https://s3-us-west-2.amazonaws.com/slack-files2/avatars/2017-03-17/156636512934_2ce0746eb0a0861fa917_230.jpg',
     image_original: 'https://s3-us-west-2.amazonaws.com/slack-files2/avatars/2017-03-17/156636512934_2ce0746eb0a0861fa917_original.jpg' },
  teamId: 'T4LJMNVAA' }
[08/22/17, 20:34:42:942] info: Store: UPDATE_TEAM_LOCALE
{ locale: 'en-US', teamId: 'T4LJMNVAA' }
[08/24/17, 11:35:02:803] info: ╔═════════════════════════════════════════════════════════════════════════════╗
[08/24/17, 11:35:02:804] info: ║      Slack 2.7.1, linux 4.12.8-2-ARCH on x64 at 08/24/17, 11:35:02:793      ║
[08/24/17, 11:35:02:805] info: ╚═════════════════════════════════════════════════════════════════════════════╝
[08/24/17, 11:35:03:286] info: updateSuspendResume: true
[08/24/17, 11:35:03:289] warn: updateSpellcheckerLanguage: Tried to update language, but spellchecker not initialized
[08/24/17, 11:35:06:051] info: Store: SELECT_CHANNEL C4K83EDMX
[08/24/17, 11:35:06:062] info: Store: UPDATE_TEAM_LOCALE
{ locale: 'en-US', teamId: undefined }
[08/24/17, 11:35:08:936] info: Store: UPDATE_TEAM_ICONS
{ icons: 
   { image_34: 'https://s3-us-west-2.amazonaws.com/slack-files2/avatars/2017-03-17/156636512934_2ce0746eb0a0861fa917_34.jpg',
     image_44: 'https://s3-us-west-2.amazonaws.com/slack-files2/avatars/2017-03-17/156636512934_2ce0746eb0a0861fa917_44.jpg',
     image_68: 'https://s3-us-west-2.amazonaws.com/slack-files2/avatars/2017-03-17/156636512934_2ce0746eb0a0861fa917_68.jpg',
     image_88: 'https://s3-us-west-2.amazonaws.com/slack-files2/avatars/2017-03-17/156636512934_2ce0746eb0a0861fa917_88.jpg',
     image_102: 'https://s3-us-west-2.amazonaws.com/slack-files2/avatars/2017-03-17/156636512934_2ce0746eb0a0861fa917_102.jpg',
     image_132: 'https://s3-us-west-2.amazonaws.com/slack-files2/avatars/2017-03-17/156636512934_2ce0746eb0a0861fa917_132.jpg',
     image_230: 'https://s3-us-west-2.amazonaws.com/slack-files2/avatars/2017-03-17/156636512934_2ce0746eb0a0861fa917_230.jpg',
     image_original: 'https://s3-us-west-2.amazonaws.com/slack-files2/avatars/2017-03-17/156636512934_2ce0746eb0a0861fa917_original.jpg' },
  teamId: 'T4LJMNVAA' }
[08/24/17, 11:35:09:373] info: Store: UPDATE_TEAM_LOCALE
{ locale: 'en-US', teamId: 'T4LJMNVAA' }
[08/24/17, 11:35:09:838] info: Store: UPDATE_TEAM_THEME
{ theme: 
   { column_bg: '#4D394B',
     menu_bg: '#3E313C',
     active_item: '#4C9689',
     active_item_text: '#FFFFFF',
     hover_item: '#3E313C',
     text_color: '#FFFFFF',
     active_presence: '#38978D',
     badge: '#EB4D5C' },
  teamId: 'T4LJMNVAA' }
[08/24/17, 11:35:10:510] info: Raw Locale list: ["C","en_US.utf8","POSIX",""]
[08/24/17, 11:35:10:512] info: Filtered Locale list: ["en_US"]
[08/24/17, 11:35:10:514] info: Counts: {"en":["en_US"]}
[08/24/17, 11:35:10:515] info: Setting en
[08/24/17, 11:35:10:518] info: Result: {"en":"en-US"}
[08/24/17, 11:35:10:523] info: Requesting to load en-US, alternatives are ["en-US","en-US","en-US"]
[08/24/17, 11:35:10:525] info: Loading dictionary for language en-US
[08/24/17, 11:35:10:527] info: Returning local copy: /home/alp/.config/Slack/dictionaries/en-US.bdic
[08/24/17, 11:35:10:532] info: Setting current spellchecker to en-US, requested language was en-US
[08/24/17, 11:35:10:534] info: Creating node-spellchecker instance
[08/24/17, 11:35:10:538] info: Actually installing spell check provider to Electron
[08/24/17, 11:35:11:262] info: Loading dictionary for language en-US
[08/24/17, 11:35:11:263] info: Returning local copy: /home/alp/.config/Slack/dictionaries/en-US.bdic
[08/24/17, 11:35:11:277] info: Setting current spellchecker to en-US, requested language was en-US
[08/24/17, 17:46:24:934] info: Store: UPDATE_TEAM_ICONS
{ icons: 
   { image_34: 'https://s3-us-west-2.amazonaws.com/slack-files2/avatars/2017-03-17/156636512934_2ce0746eb0a0861fa917_34.jpg',
     image_44: 'https://s3-us-west-2.amazonaws.com/slack-files2/avatars/2017-03-17/156636512934_2ce0746eb0a0861fa917_44.jpg',
     image_68: 'https://s3-us-west-2.amazonaws.com/slack-files2/avatars/2017-03-17/156636512934_2ce0746eb0a0861fa917_68.jpg',
     image_88: 'https://s3-us-west-2.amazonaws.com/slack-files2/avatars/2017-03-17/156636512934_2ce0746eb0a0861fa917_88.jpg',
     image_102: 'https://s3-us-west-2.amazonaws.com/slack-files2/avatars/2017-03-17/156636512934_2ce0746eb0a0861fa917_102.jpg',
     image_132: 'https://s3-us-west-2.amazonaws.com/slack-files2/avatars/2017-03-17/156636512934_2ce0746eb0a0861fa917_132.jpg',
     image_230: 'https://s3-us-west-2.amazonaws.com/slack-files2/avatars/2017-03-17/156636512934_2ce0746eb0a0861fa917_230.jpg',
     image_original: 'https://s3-us-west-2.amazonaws.com/slack-files2/avatars/2017-03-17/156636512934_2ce0746eb0a0861fa917_original.jpg' },
  teamId: 'T4LJMNVAA' }
[08/24/17, 17:46:26:167] info: Store: UPDATE_TEAM_LOCALE
{ locale: 'en-US', teamId: 'T4LJMNVAA' }
[08/25/17, 09:11:56:723] info: Store: UPDATE_TEAM_ICONS
{ icons: 
   { image_34: 'https://s3-us-west-2.amazonaws.com/slack-files2/avatars/2017-03-17/156636512934_2ce0746eb0a0861fa917_34.jpg',
     image_44: 'https://s3-us-west-2.amazonaws.com/slack-files2/avatars/2017-03-17/156636512934_2ce0746eb0a0861fa917_44.jpg',
     image_68: 'https://s3-us-west-2.amazonaws.com/slack-files2/avatars/2017-03-17/156636512934_2ce0746eb0a0861fa917_68.jpg',
     image_88: 'https://s3-us-west-2.amazonaws.com/slack-files2/avatars/2017-03-17/156636512934_2ce0746eb0a0861fa917_88.jpg',
     image_102: 'https://s3-us-west-2.amazonaws.com/slack-files2/avatars/2017-03-17/156636512934_2ce0746eb0a0861fa917_102.jpg',
     image_132: 'https://s3-us-west-2.amazonaws.com/slack-files2/avatars/2017-03-17/156636512934_2ce0746eb0a0861fa917_132.jpg',
     image_230: 'https://s3-us-west-2.amazonaws.com/slack-files2/avatars/2017-03-17/156636512934_2ce0746eb0a0861fa917_230.jpg',
     image_original: 'https://s3-us-west-2.amazonaws.com/slack-files2/avatars/2017-03-17/156636512934_2ce0746eb0a0861fa917_original.jpg' },
  teamId: 'T4LJMNVAA' }
[08/25/17, 09:11:57:493] info: Store: UPDATE_TEAM_LOCALE
{ locale: 'en-US', teamId: 'T4LJMNVAA' }
[08/25/17, 14:58:19:272] info: Store: UPDATE_TEAM_ICONS
{ icons: 
   { image_34: 'https://s3-us-west-2.amazonaws.com/slack-files2/avatars/2017-03-17/156636512934_2ce0746eb0a0861fa917_34.jpg',
     image_44: 'https://s3-us-west-2.amazonaws.com/slack-files2/avatars/2017-03-17/156636512934_2ce0746eb0a0861fa917_44.jpg',
     image_68: 'https://s3-us-west-2.amazonaws.com/slack-files2/avatars/2017-03-17/156636512934_2ce0746eb0a0861fa917_68.jpg',
     image_88: 'https://s3-us-west-2.amazonaws.com/slack-files2/avatars/2017-03-17/156636512934_2ce0746eb0a0861fa917_88.jpg',
     image_102: 'https://s3-us-west-2.amazonaws.com/slack-files2/avatars/2017-03-17/156636512934_2ce0746eb0a0861fa917_102.jpg',
     image_132: 'https://s3-us-west-2.amazonaws.com/slack-files2/avatars/2017-03-17/156636512934_2ce0746eb0a0861fa917_132.jpg',
     image_230: 'https://s3-us-west-2.amazonaws.com/slack-files2/avatars/2017-03-17/156636512934_2ce0746eb0a0861fa917_230.jpg',
     image_original: 'https://s3-us-west-2.amazonaws.com/slack-files2/avatars/2017-03-17/156636512934_2ce0746eb0a0861fa917_original.jpg' },
  teamId: 'T4LJMNVAA' }
[08/25/17, 14:58:19:784] info: Store: UPDATE_TEAM_LOCALE
{ locale: 'en-US', teamId: 'T4LJMNVAA' }
[08/25/17, 15:45:17:194] info: Store: UPDATE_TEAM_ICONS
{ icons: 
   { image_34: 'https://s3-us-west-2.amazonaws.com/slack-files2/avatars/2017-03-17/156636512934_2ce0746eb0a0861fa917_34.jpg',
     image_44: 'https://s3-us-west-2.amazonaws.com/slack-files2/avatars/2017-03-17/156636512934_2ce0746eb0a0861fa917_44.jpg',
     image_68: 'https://s3-us-west-2.amazonaws.com/slack-files2/avatars/2017-03-17/156636512934_2ce0746eb0a0861fa917_68.jpg',
     image_88: 'https://s3-us-west-2.amazonaws.com/slack-files2/avatars/2017-03-17/156636512934_2ce0746eb0a0861fa917_88.jpg',
     image_102: 'https://s3-us-west-2.amazonaws.com/slack-files2/avatars/2017-03-17/156636512934_2ce0746eb0a0861fa917_102.jpg',
     image_132: 'https://s3-us-west-2.amazonaws.com/slack-files2/avatars/2017-03-17/156636512934_2ce0746eb0a0861fa917_132.jpg',
     image_230: 'https://s3-us-west-2.amazonaws.com/slack-files2/avatars/2017-03-17/156636512934_2ce0746eb0a0861fa917_230.jpg',
     image_original: 'https://s3-us-west-2.amazonaws.com/slack-files2/avatars/2017-03-17/156636512934_2ce0746eb0a0861fa917_original.jpg' },
  teamId: 'T4LJMNVAA' }
[08/25/17, 15:45:17:763] info: Store: UPDATE_TEAM_LOCALE
{ locale: 'en-US', teamId: 'T4LJMNVAA' }
[08/25/17, 19:34:31:269] info: Store: UPDATE_TEAM_ICONS
{ icons: 
   { image_34: 'https://s3-us-west-2.amazonaws.com/slack-files2/avatars/2017-03-17/156636512934_2ce0746eb0a0861fa917_34.jpg',
     image_44: 'https://s3-us-west-2.amazonaws.com/slack-files2/avatars/2017-03-17/156636512934_2ce0746eb0a0861fa917_44.jpg',
     image_68: 'https://s3-us-west-2.amazonaws.com/slack-files2/avatars/2017-03-17/156636512934_2ce0746eb0a0861fa917_68.jpg',
     image_88: 'https://s3-us-west-2.amazonaws.com/slack-files2/avatars/2017-03-17/156636512934_2ce0746eb0a0861fa917_88.jpg',
     image_102: 'https://s3-us-west-2.amazonaws.com/slack-files2/avatars/2017-03-17/156636512934_2ce0746eb0a0861fa917_102.jpg',
     image_132: 'https://s3-us-west-2.amazonaws.com/slack-files2/avatars/2017-03-17/156636512934_2ce0746eb0a0861fa917_132.jpg',
     image_230: 'https://s3-us-west-2.amazonaws.com/slack-files2/avatars/2017-03-17/156636512934_2ce0746eb0a0861fa917_230.jpg',
     image_original: 'https://s3-us-west-2.amazonaws.com/slack-files2/avatars/2017-03-17/156636512934_2ce0746eb0a0861fa917_original.jpg' },
  teamId: 'T4LJMNVAA' }
[08/25/17, 19:34:32:779] info: Store: UPDATE_TEAM_LOCALE
{ locale: 'en-US', teamId: 'T4LJMNVAA' }
[08/25/17, 23:28:22:098] info: Store: UPDATE_TEAM_ICONS
{ icons: 
   { image_34: 'https://s3-us-west-2.amazonaws.com/slack-files2/avatars/2017-03-17/156636512934_2ce0746eb0a0861fa917_34.jpg',
     image_44: 'https://s3-us-west-2.amazonaws.com/slack-files2/avatars/2017-03-17/156636512934_2ce0746eb0a0861fa917_44.jpg',
     image_68: 'https://s3-us-west-2.amazonaws.com/slack-files2/avatars/2017-03-17/156636512934_2ce0746eb0a0861fa917_68.jpg',
     image_88: 'https://s3-us-west-2.amazonaws.com/slack-files2/avatars/2017-03-17/156636512934_2ce0746eb0a0861fa917_88.jpg',
     image_102: 'https://s3-us-west-2.amazonaws.com/slack-files2/avatars/2017-03-17/156636512934_2ce0746eb0a0861fa917_102.jpg',
     image_132: 'https://s3-us-west-2.amazonaws.com/slack-files2/avatars/2017-03-17/156636512934_2ce0746eb0a0861fa917_132.jpg',
     image_230: 'https://s3-us-west-2.amazonaws.com/slack-files2/avatars/2017-03-17/156636512934_2ce0746eb0a0861fa917_230.jpg',
     image_original: 'https://s3-us-west-2.amazonaws.com/slack-files2/avatars/2017-03-17/156636512934_2ce0746eb0a0861fa917_original.jpg' },
  teamId: 'T4LJMNVAA' }
[08/25/17, 23:28:22:552] info: Store: UPDATE_TEAM_LOCALE
{ locale: 'en-US', teamId: 'T4LJMNVAA' }
[08/27/17, 23:28:03:030] info: ╔═════════════════════════════════════════════════════════════════════════════╗
[08/27/17, 23:28:03:033] info: ║      Slack 2.7.1, linux 4.12.8-2-ARCH on x64 at 08/27/17, 23:28:03:002      ║
[08/27/17, 23:28:03:039] info: ╚═════════════════════════════════════════════════════════════════════════════╝
[08/27/17, 23:28:03:942] info: updateSuspendResume: true
[08/27/17, 23:28:03:944] warn: updateSpellcheckerLanguage: Tried to update language, but spellchecker not initialized
[08/27/17, 23:28:07:831] info: Store: SELECT_CHANNEL C4K83EDMX
[08/27/17, 23:28:07:851] info: Store: UPDATE_TEAM_LOCALE
{ locale: 'en-US', teamId: undefined }
[08/27/17, 23:28:10:164] info: Store: UPDATE_TEAM_THEME
{ theme: 
   { column_bg: '#4D394B',
     menu_bg: '#3E313C',
     active_item: '#4C9689',
     active_item_text: '#FFFFFF',
     hover_item: '#3E313C',
     text_color: '#FFFFFF',
     active_presence: '#38978D',
     badge: '#EB4D5C' },
  teamId: 'T4LJMNVAA' }
[08/27/17, 23:28:10:518] info: Store: UPDATE_TEAM_ICONS
{ icons: 
   { image_34: 'https://s3-us-west-2.amazonaws.com/slack-files2/avatars/2017-03-17/156636512934_2ce0746eb0a0861fa917_34.jpg',
     image_44: 'https://s3-us-west-2.amazonaws.com/slack-files2/avatars/2017-03-17/156636512934_2ce0746eb0a0861fa917_44.jpg',
     image_68: 'https://s3-us-west-2.amazonaws.com/slack-files2/avatars/2017-03-17/156636512934_2ce0746eb0a0861fa917_68.jpg',
     image_88: 'https://s3-us-west-2.amazonaws.com/slack-files2/avatars/2017-03-17/156636512934_2ce0746eb0a0861fa917_88.jpg',
     image_102: 'https://s3-us-west-2.amazonaws.com/slack-files2/avatars/2017-03-17/156636512934_2ce0746eb0a0861fa917_102.jpg',
     image_132: 'https://s3-us-west-2.amazonaws.com/slack-files2/avatars/2017-03-17/156636512934_2ce0746eb0a0861fa917_132.jpg',
     image_230: 'https://s3-us-west-2.amazonaws.com/slack-files2/avatars/2017-03-17/156636512934_2ce0746eb0a0861fa917_230.jpg',
     image_original: 'https://s3-us-west-2.amazonaws.com/slack-files2/avatars/2017-03-17/156636512934_2ce0746eb0a0861fa917_original.jpg' },
  teamId: 'T4LJMNVAA' }
[08/27/17, 23:28:11:568] info: Store: UPDATE_TEAM_LOCALE
{ locale: 'en-US', teamId: 'T4LJMNVAA' }
[08/27/17, 23:28:14:488] info: Raw Locale list: ["C","en_US.utf8","POSIX",""]
[08/27/17, 23:28:14:490] info: Filtered Locale list: ["en_US"]
[08/27/17, 23:28:14:492] info: Counts: {"en":["en_US"]}
[08/27/17, 23:28:14:495] info: Setting en
[08/27/17, 23:28:14:502] info: Result: {"en":"en-US"}
[08/27/17, 23:28:14:513] info: Requesting to load en-US, alternatives are ["en-US","en-US","en-US"]
[08/27/17, 23:28:14:515] info: Loading dictionary for language en-US
[08/27/17, 23:28:14:518] info: Returning local copy: /home/alp/.config/Slack/dictionaries/en-US.bdic
[08/27/17, 23:28:14:524] info: Setting current spellchecker to en-US, requested language was en-US
[08/27/17, 23:28:14:528] info: Creating node-spellchecker instance
[08/27/17, 23:28:14:532] info: Actually installing spell check provider to Electron
[08/27/17, 23:28:14:770] info: Loading dictionary for language en-US
[08/27/17, 23:28:14:775] info: Returning local copy: /home/alp/.config/Slack/dictionaries/en-US.bdic
[08/27/17, 23:28:14:780] info: Setting current spellchecker to en-US, requested language was en-US
[08/28/17, 09:17:30:165] info: Store: UPDATE_TEAM_ICONS
{ icons: 
   { image_34: 'https://s3-us-west-2.amazonaws.com/slack-files2/avatars/2017-03-17/156636512934_2ce0746eb0a0861fa917_34.jpg',
     image_44: 'https://s3-us-west-2.amazonaws.com/slack-files2/avatars/2017-03-17/156636512934_2ce0746eb0a0861fa917_44.jpg',
     image_68: 'https://s3-us-west-2.amazonaws.com/slack-files2/avatars/2017-03-17/156636512934_2ce0746eb0a0861fa917_68.jpg',
     image_88: 'https://s3-us-west-2.amazonaws.com/slack-files2/avatars/2017-03-17/156636512934_2ce0746eb0a0861fa917_88.jpg',
     image_102: 'https://s3-us-west-2.amazonaws.com/slack-files2/avatars/2017-03-17/156636512934_2ce0746eb0a0861fa917_102.jpg',
     image_132: 'https://s3-us-west-2.amazonaws.com/slack-files2/avatars/2017-03-17/156636512934_2ce0746eb0a0861fa917_132.jpg',
     image_230: 'https://s3-us-west-2.amazonaws.com/slack-files2/avatars/2017-03-17/156636512934_2ce0746eb0a0861fa917_230.jpg',
     image_original: 'https://s3-us-west-2.amazonaws.com/slack-files2/avatars/2017-03-17/156636512934_2ce0746eb0a0861fa917_original.jpg' },
  teamId: 'T4LJMNVAA' }
[08/28/17, 09:17:34:279] info: Store: UPDATE_TEAM_LOCALE
{ locale: 'en-US', teamId: 'T4LJMNVAA' }
[08/28/17, 19:15:39:102] info: Store: UPDATE_TEAM_ICONS
{ icons: 
   { image_34: 'https://s3-us-west-2.amazonaws.com/slack-files2/avatars/2017-03-17/156636512934_2ce0746eb0a0861fa917_34.jpg',
     image_44: 'https://s3-us-west-2.amazonaws.com/slack-files2/avatars/2017-03-17/156636512934_2ce0746eb0a0861fa917_44.jpg',
     image_68: 'https://s3-us-west-2.amazonaws.com/slack-files2/avatars/2017-03-17/156636512934_2ce0746eb0a0861fa917_68.jpg',
     image_88: 'https://s3-us-west-2.amazonaws.com/slack-files2/avatars/2017-03-17/156636512934_2ce0746eb0a0861fa917_88.jpg',
     image_102: 'https://s3-us-west-2.amazonaws.com/slack-files2/avatars/2017-03-17/156636512934_2ce0746eb0a0861fa917_102.jpg',
     image_132: 'https://s3-us-west-2.amazonaws.com/slack-files2/avatars/2017-03-17/156636512934_2ce0746eb0a0861fa917_132.jpg',
     image_230: 'https://s3-us-west-2.amazonaws.com/slack-files2/avatars/2017-03-17/156636512934_2ce0746eb0a0861fa917_230.jpg',
     image_original: 'https://s3-us-west-2.amazonaws.com/slack-files2/avatars/2017-03-17/156636512934_2ce0746eb0a0861fa917_original.jpg' },
  teamId: 'T4LJMNVAA' }
[08/28/17, 19:15:39:638] info: Store: UPDATE_TEAM_LOCALE
{ locale: 'en-US', teamId: 'T4LJMNVAA' }
[08/29/17, 09:29:53:073] info: ╔═════════════════════════════════════════════════════════════════════════════╗
[08/29/17, 09:29:53:082] info: ║      Slack 2.7.1, linux 4.12.8-2-ARCH on x64 at 08/29/17, 09:29:53:043      ║
[08/29/17, 09:29:53:084] info: ╚═════════════════════════════════════════════════════════════════════════════╝
[08/29/17, 09:29:55:063] info: updateSuspendResume: true
[08/29/17, 09:29:55:070] warn: updateSpellcheckerLanguage: Tried to update language, but spellchecker not initialized
[08/29/17, 09:30:01:585] info: Store: SELECT_CHANNEL C4K83EDMX
[08/29/17, 09:30:01:595] info: Store: UPDATE_TEAM_LOCALE
{ locale: 'en-US', teamId: undefined }
[08/29/17, 09:30:08:128] info: Store: UPDATE_TEAM_THEME
{ theme: 
   { column_bg: '#4D394B',
     menu_bg: '#3E313C',
     active_item: '#4C9689',
     active_item_text: '#FFFFFF',
     hover_item: '#3E313C',
     text_color: '#FFFFFF',
     active_presence: '#38978D',
     badge: '#EB4D5C' },
  teamId: 'T4LJMNVAA' }
[08/29/17, 09:30:08:513] info: Store: UPDATE_TEAM_ICONS
{ icons: 
   { image_34: 'https://s3-us-west-2.amazonaws.com/slack-files2/avatars/2017-03-17/156636512934_2ce0746eb0a0861fa917_34.jpg',
     image_44: 'https://s3-us-west-2.amazonaws.com/slack-files2/avatars/2017-03-17/156636512934_2ce0746eb0a0861fa917_44.jpg',
     image_68: 'https://s3-us-west-2.amazonaws.com/slack-files2/avatars/2017-03-17/156636512934_2ce0746eb0a0861fa917_68.jpg',
     image_88: 'https://s3-us-west-2.amazonaws.com/slack-files2/avatars/2017-03-17/156636512934_2ce0746eb0a0861fa917_88.jpg',
     image_102: 'https://s3-us-west-2.amazonaws.com/slack-files2/avatars/2017-03-17/156636512934_2ce0746eb0a0861fa917_102.jpg',
     image_132: 'https://s3-us-west-2.amazonaws.com/slack-files2/avatars/2017-03-17/156636512934_2ce0746eb0a0861fa917_132.jpg',
     image_230: 'https://s3-us-west-2.amazonaws.com/slack-files2/avatars/2017-03-17/156636512934_2ce0746eb0a0861fa917_230.jpg',
     image_original: 'https://s3-us-west-2.amazonaws.com/slack-files2/avatars/2017-03-17/156636512934_2ce0746eb0a0861fa917_original.jpg' },
  teamId: 'T4LJMNVAA' }
[08/29/17, 09:30:09:362] info: Store: UPDATE_TEAM_LOCALE
{ locale: 'en-US', teamId: 'T4LJMNVAA' }
[08/29/17, 09:30:13:736] info: Raw Locale list: ["C","en_US.utf8","POSIX",""]
[08/29/17, 09:30:13:739] info: Filtered Locale list: ["en_US"]
[08/29/17, 09:30:13:743] info: Counts: {"en":["en_US"]}
[08/29/17, 09:30:13:750] info: Setting en
[08/29/17, 09:30:13:760] info: Result: {"en":"en-US"}
[08/29/17, 09:30:13:781] info: Requesting to load en-US, alternatives are ["en-US","en-US","en-US"]
[08/29/17, 09:30:13:788] info: Loading dictionary for language en-US
[08/29/17, 09:30:13:796] info: Returning local copy: /home/alp/.config/Slack/dictionaries/en-US.bdic
[08/29/17, 09:30:13:868] info: Setting current spellchecker to en-US, requested language was en-US
[08/29/17, 09:30:13:873] info: Creating node-spellchecker instance
[08/29/17, 09:30:13:878] info: Actually installing spell check provider to Electron
[08/29/17, 09:30:15:109] info: Loading dictionary for language en-US
[08/29/17, 09:30:15:113] info: Returning local copy: /home/alp/.config/Slack/dictionaries/en-US.bdic
[08/29/17, 09:30:15:118] info: Setting current spellchecker to en-US, requested language was en-US
[08/30/17, 15:22:29:372] info: ╔═════════════════════════════════════════════════════════════════════════════╗
[08/30/17, 15:22:29:376] info: ║      Slack 2.7.1, linux 4.12.8-2-ARCH on x64 at 08/30/17, 15:22:29:363      ║
[08/30/17, 15:22:29:379] info: ╚═════════════════════════════════════════════════════════════════════════════╝
[08/30/17, 15:22:29:752] info: updateSuspendResume: true
[08/30/17, 15:22:29:753] warn: updateSpellcheckerLanguage: Tried to update language, but spellchecker not initialized
[08/30/17, 15:22:41:978] info: Store: SELECT_CHANNEL C4K83EDMX
[08/30/17, 15:22:41:985] info: Store: UPDATE_TEAM_LOCALE
{ locale: 'en-US', teamId: undefined }
[08/30/17, 15:22:44:981] info: Store: UPDATE_TEAM_ICONS
{ icons: 
   { image_34: 'https://s3-us-west-2.amazonaws.com/slack-files2/avatars/2017-03-17/156636512934_2ce0746eb0a0861fa917_34.jpg',
     image_44: 'https://s3-us-west-2.amazonaws.com/slack-files2/avatars/2017-03-17/156636512934_2ce0746eb0a0861fa917_44.jpg',
     image_68: 'https://s3-us-west-2.amazonaws.com/slack-files2/avatars/2017-03-17/156636512934_2ce0746eb0a0861fa917_68.jpg',
     image_88: 'https://s3-us-west-2.amazonaws.com/slack-files2/avatars/2017-03-17/156636512934_2ce0746eb0a0861fa917_88.jpg',
     image_102: 'https://s3-us-west-2.amazonaws.com/slack-files2/avatars/2017-03-17/156636512934_2ce0746eb0a0861fa917_102.jpg',
     image_132: 'https://s3-us-west-2.amazonaws.com/slack-files2/avatars/2017-03-17/156636512934_2ce0746eb0a0861fa917_132.jpg',
     image_230: 'https://s3-us-west-2.amazonaws.com/slack-files2/avatars/2017-03-17/156636512934_2ce0746eb0a0861fa917_230.jpg',
     image_original: 'https://s3-us-west-2.amazonaws.com/slack-files2/avatars/2017-03-17/156636512934_2ce0746eb0a0861fa917_original.jpg' },
  teamId: 'T4LJMNVAA' }
[08/30/17, 15:22:46:092] info: Store: UPDATE_TEAM_LOCALE
{ locale: 'en-US', teamId: 'T4LJMNVAA' }
[08/30/17, 15:22:46:704] info: Store: UPDATE_TEAM_THEME
{ theme: 
   { column_bg: '#4D394B',
     menu_bg: '#3E313C',
     active_item: '#4C9689',
     active_item_text: '#FFFFFF',
     hover_item: '#3E313C',
     text_color: '#FFFFFF',
     active_presence: '#38978D',
     badge: '#EB4D5C' },
  teamId: 'T4LJMNVAA' }
[08/30/17, 15:22:48:120] info: Raw Locale list: ["C","en_US.utf8","POSIX",""]
[08/30/17, 15:22:48:129] info: Filtered Locale list: ["en_US"]
[08/30/17, 15:22:48:135] info: Counts: {"en":["en_US"]}
[08/30/17, 15:22:48:140] info: Setting en
[08/30/17, 15:22:48:153] info: Result: {"en":"en-US"}
[08/30/17, 15:22:48:162] info: Requesting to load en-US, alternatives are ["en-US","en-US","en-US"]
[08/30/17, 15:22:48:166] info: Loading dictionary for language en-US
[08/30/17, 15:22:48:168] info: Returning local copy: /home/alp/.config/Slack/dictionaries/en-US.bdic
[08/30/17, 15:22:48:310] info: Setting current spellchecker to en-US, requested language was en-US
[08/30/17, 15:22:48:313] info: Creating node-spellchecker instance
[08/30/17, 15:22:48:318] info: Actually installing spell check provider to Electron
[08/30/17, 15:22:48:334] info: Loading dictionary for language en-US
[08/30/17, 15:22:48:337] info: Returning local copy: /home/alp/.config/Slack/dictionaries/en-US.bdic
[08/30/17, 15:22:48:346] info: Setting current spellchecker to en-US, requested language was en-US
[08/30/17, 15:23:28:608] info: Store: SELECT_CHANNEL D4MP6QDB8
[08/30/17, 15:23:29:198] info: Loading dictionary for language en-US
[08/30/17, 15:23:29:199] info: Returning local copy: /home/alp/.config/Slack/dictionaries/en-US.bdic
[08/30/17, 15:23:29:200] info: Setting current spellchecker to en-US, requested language was en-US
[08/30/17, 15:23:33:444] info: Unloading spellchecker
[08/30/17, 15:23:33:554] info: Restoring spellchecker
[08/30/17, 15:23:33:562] info: Loading dictionary for language en-US
[08/30/17, 15:23:33:566] info: Returning local copy: /home/alp/.config/Slack/dictionaries/en-US.bdic
[08/30/17, 15:23:33:588] info: Unloading spellchecker
[08/30/17, 15:23:33:602] info: Setting current spellchecker to en-US, requested language was en-US
[08/30/17, 15:23:33:604] info: Creating node-spellchecker instance
[09/04/17, 09:22:55:549] info: ╔═════════════════════════════════════════════════════════════════════════════╗
[09/04/17, 09:22:55:551] info: ║      Slack 2.7.1, linux 4.12.8-2-ARCH on x64 at 09/04/17, 09:22:55:535      ║
[09/04/17, 09:22:55:553] info: ╚═════════════════════════════════════════════════════════════════════════════╝
[09/04/17, 09:22:56:413] info: updateSuspendResume: true
[09/04/17, 09:22:56:415] warn: updateSpellcheckerLanguage: Tried to update language, but spellchecker not initialized
[09/04/17, 09:23:00:741] info: Store: SELECT_CHANNEL D4MP6QDB8
[09/04/17, 09:23:00:750] info: Store: UPDATE_TEAM_LOCALE
{ locale: 'en-US', teamId: undefined }
[09/04/17, 09:23:02:210] info: Store: UPDATE_TEAM_ICONS
{ icons: 
   { image_34: 'https://s3-us-west-2.amazonaws.com/slack-files2/avatars/2017-03-17/156636512934_2ce0746eb0a0861fa917_34.jpg',
     image_44: 'https://s3-us-west-2.amazonaws.com/slack-files2/avatars/2017-03-17/156636512934_2ce0746eb0a0861fa917_44.jpg',
     image_68: 'https://s3-us-west-2.amazonaws.com/slack-files2/avatars/2017-03-17/156636512934_2ce0746eb0a0861fa917_68.jpg',
     image_88: 'https://s3-us-west-2.amazonaws.com/slack-files2/avatars/2017-03-17/156636512934_2ce0746eb0a0861fa917_88.jpg',
     image_102: 'https://s3-us-west-2.amazonaws.com/slack-files2/avatars/2017-03-17/156636512934_2ce0746eb0a0861fa917_102.jpg',
     image_132: 'https://s3-us-west-2.amazonaws.com/slack-files2/avatars/2017-03-17/156636512934_2ce0746eb0a0861fa917_132.jpg',
     image_230: 'https://s3-us-west-2.amazonaws.com/slack-files2/avatars/2017-03-17/156636512934_2ce0746eb0a0861fa917_230.jpg',
     image_original: 'https://s3-us-west-2.amazonaws.com/slack-files2/avatars/2017-03-17/156636512934_2ce0746eb0a0861fa917_original.jpg' },
  teamId: 'T4LJMNVAA' }
[09/04/17, 09:23:02:320] info: Store: UPDATE_TEAM_LOCALE
{ locale: 'en-US', teamId: 'T4LJMNVAA' }
[09/04/17, 09:23:03:867] info: Store: UPDATE_TEAM_THEME
{ theme: 
   { column_bg: '#4D394B',
     menu_bg: '#3E313C',
     active_item: '#4C9689',
     active_item_text: '#FFFFFF',
     hover_item: '#3E313C',
     text_color: '#FFFFFF',
     active_presence: '#38978D',
     badge: '#EB4D5C' },
  teamId: 'T4LJMNVAA' }
[09/04/17, 09:23:04:227] info: Raw Locale list: ["C","en_US.utf8","POSIX",""]
[09/04/17, 09:23:04:233] info: Filtered Locale list: ["en_US"]
[09/04/17, 09:23:04:244] info: Counts: {"en":["en_US"]}
[09/04/17, 09:23:04:250] info: Setting en
[09/04/17, 09:23:04:255] info: Result: {"en":"en-US"}
[09/04/17, 09:23:04:263] info: Requesting to load en-US, alternatives are ["en-US","en-US","en-US"]
[09/04/17, 09:23:04:271] info: Loading dictionary for language en-US
[09/04/17, 09:23:04:279] info: Returning local copy: /home/alp/.config/Slack/dictionaries/en-US.bdic
[09/04/17, 09:23:04:357] info: Requesting to load en-US, alternatives are ["en-US","en-US","en-US"]
[09/04/17, 09:23:04:360] info: Loading dictionary for language en-US
[09/04/17, 09:23:04:363] info: Returning local copy: /home/alp/.config/Slack/dictionaries/en-US.bdic
[09/04/17, 09:23:04:369] info: Setting current spellchecker to en-US, requested language was en-US
[09/04/17, 09:23:04:372] info: Creating node-spellchecker instance
[09/04/17, 09:23:04:380] info: Actually installing spell check provider to Electron
[09/04/17, 09:23:04:386] info: Setting current spellchecker to en-US, requested language was en-US
[09/04/17, 12:43:59:874] info: ╔═════════════════════════════════════════════════════════════════════════════╗
[09/04/17, 12:43:59:880] info: ║      Slack 2.7.1, linux 4.12.8-2-ARCH on x64 at 09/04/17, 12:43:59:832      ║
[09/04/17, 12:43:59:883] info: ╚═════════════════════════════════════════════════════════════════════════════╝
[09/04/17, 12:44:02:305] info: updateSuspendResume: true
[09/04/17, 12:44:02:309] warn: updateSpellcheckerLanguage: Tried to update language, but spellchecker not initialized
[09/04/17, 12:44:17:052] info: Store: SELECT_CHANNEL D4MP6QDB8
[09/04/17, 12:44:17:129] info: Store: UPDATE_TEAM_LOCALE
{ locale: 'en-US', teamId: undefined }
[09/04/17, 12:44:23:471] info: Store: UPDATE_TEAM_ICONS
{ icons: 
   { image_34: 'https://s3-us-west-2.amazonaws.com/slack-files2/avatars/2017-03-17/156636512934_2ce0746eb0a0861fa917_34.jpg',
     image_44: 'https://s3-us-west-2.amazonaws.com/slack-files2/avatars/2017-03-17/156636512934_2ce0746eb0a0861fa917_44.jpg',
     image_68: 'https://s3-us-west-2.amazonaws.com/slack-files2/avatars/2017-03-17/156636512934_2ce0746eb0a0861fa917_68.jpg',
     image_88: 'https://s3-us-west-2.amazonaws.com/slack-files2/avatars/2017-03-17/156636512934_2ce0746eb0a0861fa917_88.jpg',
     image_102: 'https://s3-us-west-2.amazonaws.com/slack-files2/avatars/2017-03-17/156636512934_2ce0746eb0a0861fa917_102.jpg',
     image_132: 'https://s3-us-west-2.amazonaws.com/slack-files2/avatars/2017-03-17/156636512934_2ce0746eb0a0861fa917_132.jpg',
     image_230: 'https://s3-us-west-2.amazonaws.com/slack-files2/avatars/2017-03-17/156636512934_2ce0746eb0a0861fa917_230.jpg',
     image_original: 'https://s3-us-west-2.amazonaws.com/slack-files2/avatars/2017-03-17/156636512934_2ce0746eb0a0861fa917_original.jpg' },
  teamId: 'T4LJMNVAA' }
[09/04/17, 12:44:24:129] info: Store: UPDATE_TEAM_LOCALE
{ locale: 'en-US', teamId: 'T4LJMNVAA' }
[09/04/17, 12:44:24:683] info: Store: UPDATE_TEAM_THEME
{ theme: 
   { column_bg: '#4D394B',
     menu_bg: '#3E313C',
     active_item: '#4C9689',
     active_item_text: '#FFFFFF',
     hover_item: '#3E313C',
     text_color: '#FFFFFF',
     active_presence: '#38978D',
     badge: '#EB4D5C' },
  teamId: 'T4LJMNVAA' }
[09/04/17, 12:44:32:570] info: Raw Locale list: ["C","en_US.utf8","POSIX",""]
[09/04/17, 12:44:32:584] info: Filtered Locale list: ["en_US"]
[09/04/17, 12:44:32:596] info: Counts: {"en":["en_US"]}
[09/04/17, 12:44:32:608] info: Setting en
[09/04/17, 12:44:32:628] info: Result: {"en":"en-US"}
[09/04/17, 12:44:32:658] info: Requesting to load en-US, alternatives are ["en-US","en-US","en-US"]
[09/04/17, 12:44:32:675] info: Loading dictionary for language en-US
[09/04/17, 12:44:32:679] info: Returning local copy: /home/alp/.config/Slack/dictionaries/en-US.bdic
[09/04/17, 12:44:32:694] info: Setting current spellchecker to en-US, requested language was en-US
[09/04/17, 12:44:32:697] info: Creating node-spellchecker instance
[09/04/17, 12:44:32:704] info: Actually installing spell check provider to Electron
[09/04/17, 12:44:39:238] info: Loading dictionary for language en-US
[09/04/17, 12:44:39:242] info: Returning local copy: /home/alp/.config/Slack/dictionaries/en-US.bdic
[09/04/17, 12:44:39:250] info: Setting current spellchecker to en-US, requested language was en-US
[09/04/17, 19:59:40:317] info: Store: UPDATE_TEAM_ICONS
{ icons: 
   { image_34: 'https://s3-us-west-2.amazonaws.com/slack-files2/avatars/2017-03-17/156636512934_2ce0746eb0a0861fa917_34.jpg',
     image_44: 'https://s3-us-west-2.amazonaws.com/slack-files2/avatars/2017-03-17/156636512934_2ce0746eb0a0861fa917_44.jpg',
     image_68: 'https://s3-us-west-2.amazonaws.com/slack-files2/avatars/2017-03-17/156636512934_2ce0746eb0a0861fa917_68.jpg',
     image_88: 'https://s3-us-west-2.amazonaws.com/slack-files2/avatars/2017-03-17/156636512934_2ce0746eb0a0861fa917_88.jpg',
     image_102: 'https://s3-us-west-2.amazonaws.com/slack-files2/avatars/2017-03-17/156636512934_2ce0746eb0a0861fa917_102.jpg',
     image_132: 'https://s3-us-west-2.amazonaws.com/slack-files2/avatars/2017-03-17/156636512934_2ce0746eb0a0861fa917_132.jpg',
     image_230: 'https://s3-us-west-2.amazonaws.com/slack-files2/avatars/2017-03-17/156636512934_2ce0746eb0a0861fa917_230.jpg',
     image_original: 'https://s3-us-west-2.amazonaws.com/slack-files2/avatars/2017-03-17/156636512934_2ce0746eb0a0861fa917_original.jpg' },
  teamId: 'T4LJMNVAA' }
[09/04/17, 19:59:40:509] info: Store: UPDATE_TEAM_LOCALE
{ locale: 'en-US', teamId: 'T4LJMNVAA' }
