[09/04/17, 09:29:56:886] info: ╔═════════════════════════════════════════════════════════════════════════════╗
[09/04/17, 09:29:56:892] info: ║      Slack 2.7.1, linux 4.12.8-2-ARCH on x64 at 09/04/17, 09:29:56:877      ║
[09/04/17, 09:29:56:896] info: ╚═════════════════════════════════════════════════════════════════════════════╝
[09/04/17, 09:29:57:408] info: updateSuspendResume: true
[09/04/17, 09:29:57:412] warn: updateSpellcheckerLanguage: Tried to update language, but spellchecker not initialized
[09/04/17, 09:29:59:897] info: Store: SELECT_CHANNEL C1E5B7C5V
[09/04/17, 09:29:59:906] info: Store: UPDATE_TEAM_LOCALE
{ locale: 'en-US', teamId: 'T1E5B7AMD' }
[09/04/17, 09:29:59:913] info: Store: UPDATE_TEAM_THEME
{ theme: 
   { column_bg: '#4D394B',
     menu_bg: '#3E313C',
     active_item: '#4C9689',
     active_item_text: '#FFFFFF',
     hover_item: '#3E313C',
     text_color: '#FFFFFF',
     active_presence: '#38978D',
     badge: '#EB4D5C' },
  teamId: 'T1E5B7AMD' }
[09/04/17, 09:30:01:727] info: Store: UPDATE_TEAM_ICONS
{ icons: false, teamId: 'T1E5B7AMD' }
[09/04/17, 09:30:02:063] info: Store: UPDATE_TEAM_LOCALE
{ locale: 'en-US', teamId: 'T1E5B7AMD' }
[09/04/17, 09:30:03:608] info: Raw Locale list: ["C","en_US.utf8","POSIX",""]
[09/04/17, 09:30:03:611] info: Filtered Locale list: ["en_US"]
[09/04/17, 09:30:03:614] info: Counts: {"en":["en_US"]}
[09/04/17, 09:30:03:616] info: Setting en
[09/04/17, 09:30:03:619] info: Result: {"en":"en-US"}
[09/04/17, 09:30:03:623] info: Requesting to load da-DK, alternatives are ["da-DK","da-DK","da-DK"]
[09/04/17, 09:30:03:626] info: Loading dictionary for language da-DK
[09/04/17, 09:30:03:628] info: Actually downloading https://redirector.gvt1.com/edgedl/chrome/dict/da-dk-3-0.bdic
[09/04/17, 09:30:03:949] info: Requesting to load da-DK, alternatives are ["da-DK","da-DK","da-DK"]
[09/04/17, 09:30:03:952] info: Loading dictionary for language da-DK
[09/04/17, 09:30:03:953] info: Actually downloading https://redirector.gvt1.com/edgedl/chrome/dict/da-dk-3-0.bdic
[09/04/17, 09:30:04:985] info: Unloading spellchecker
[09/04/17, 09:30:05:477] info: Setting current spellchecker to da-DK, requested language was da-DK
[09/04/17, 09:30:05:480] info: Creating node-spellchecker instance
[09/04/17, 09:30:05:487] info: Actually installing spell check provider to Electron
[09/04/17, 09:30:05:760] info: Setting current spellchecker to da-DK, requested language was da-DK
[09/04/17, 10:25:15:451] info: Restoring spellchecker
[09/04/17, 10:25:15:455] info: Loading dictionary for language da-DK
[09/04/17, 10:25:15:463] info: Returning local copy: /home/alp/.config/Slack/dictionaries/da-DK.bdic
[09/04/17, 10:25:15:516] info: Setting current spellchecker to da-DK, requested language was da-DK
[09/04/17, 10:25:17:148] info: Unloading spellchecker
[09/04/17, 10:32:42:935] info: Restoring spellchecker
[09/04/17, 10:32:42:943] info: Loading dictionary for language da-DK
[09/04/17, 10:32:42:956] info: Returning local copy: /home/alp/.config/Slack/dictionaries/da-DK.bdic
[09/04/17, 10:32:42:993] info: Setting current spellchecker to da-DK, requested language was da-DK
[09/04/17, 10:32:42:995] info: Creating node-spellchecker instance
[09/04/17, 10:32:59:843] info: Unloading spellchecker
[09/04/17, 10:55:07:566] info: Restoring spellchecker
[09/04/17, 10:55:07:573] info: Loading dictionary for language da-DK
[09/04/17, 10:55:07:576] info: Returning local copy: /home/alp/.config/Slack/dictionaries/da-DK.bdic
[09/04/17, 10:55:07:592] info: Setting current spellchecker to da-DK, requested language was da-DK
[09/04/17, 10:55:07:595] info: Creating node-spellchecker instance
[09/04/17, 10:55:08:026] info: Unloading spellchecker
[09/04/17, 10:55:08:135] info: Restoring spellchecker
[09/04/17, 10:55:08:140] info: Loading dictionary for language da-DK
[09/04/17, 10:55:08:146] info: Returning local copy: /home/alp/.config/Slack/dictionaries/da-DK.bdic
[09/04/17, 10:55:08:176] info: Setting current spellchecker to da-DK, requested language was da-DK
[09/04/17, 10:55:08:178] info: Creating node-spellchecker instance
[09/04/17, 10:55:08:238] info: Unloading spellchecker
