[09/04/17, 09:22:56:587] info: ╔═════════════════════════════════════════════════════════════════════════════╗
[09/04/17, 09:22:56:589] info: ║      Slack 2.7.1, linux 4.12.8-2-ARCH on x64 at 09/04/17, 09:22:56:580      ║
[09/04/17, 09:22:56:590] info: ╚═════════════════════════════════════════════════════════════════════════════╝
[09/04/17, 09:23:04:340] info: Window is unloading, winssb is no longer accessible
[09/04/17, 09:23:04:788] info: ╔═════════════════════════════════════════════════════════════════════════════╗
[09/04/17, 09:23:04:789] info: ║      Slack 2.7.1, linux 4.12.8-2-ARCH on x64 at 09/04/17, 09:23:04:784      ║
[09/04/17, 09:23:04:790] info: ╚═════════════════════════════════════════════════════════════════════════════╝
[09/04/17, 09:23:08:055] info: Window is unloading, winssb is no longer accessible
[09/04/17, 09:23:08:718] info: Window is unloading, winssb is no longer accessible
[09/04/17, 09:23:09:811] info: ╔═════════════════════════════════════════════════════════════════════════════╗
[09/04/17, 09:23:09:813] info: ║      Slack 2.7.1, linux 4.12.8-2-ARCH on x64 at 09/04/17, 09:23:09:805      ║
[09/04/17, 09:23:09:813] info: ╚═════════════════════════════════════════════════════════════════════════════╝
[09/04/17, 09:23:23:749] info: Window is unloading, winssb is no longer accessible
[09/04/17, 09:23:24:818] info: ╔═════════════════════════════════════════════════════════════════════════════╗
[09/04/17, 09:23:24:819] info: ║      Slack 2.7.1, linux 4.12.8-2-ARCH on x64 at 09/04/17, 09:23:24:814      ║
[09/04/17, 09:23:24:820] info: ╚═════════════════════════════════════════════════════════════════════════════╝
[09/04/17, 09:23:32:965] info: Window is unloading, winssb is no longer accessible
[09/04/17, 09:23:34:023] info: ╔═════════════════════════════════════════════════════════════════════════════╗
[09/04/17, 09:23:34:024] info: ║      Slack 2.7.1, linux 4.12.8-2-ARCH on x64 at 09/04/17, 09:23:34:020      ║
[09/04/17, 09:23:34:024] info: ╚═════════════════════════════════════════════════════════════════════════════╝
[09/04/17, 09:23:46:828] info: Window is unloading, winssb is no longer accessible
[09/04/17, 09:23:47:898] info: Window is unloading, winssb is no longer accessible
[09/04/17, 09:23:48:964] info: ╔═════════════════════════════════════════════════════════════════════════════╗
[09/04/17, 09:23:48:965] info: ║      Slack 2.7.1, linux 4.12.8-2-ARCH on x64 at 09/04/17, 09:23:48:957      ║
[09/04/17, 09:23:48:966] info: ╚═════════════════════════════════════════════════════════════════════════════╝
[09/04/17, 09:23:49:260] info: Store: ADD_NEW_TEAM
{ id: 'U6V689V7S',
  name: '[REDACTED]',
  team_id: 'T1608S4F7',
  team_name: '[REDACTED]',
  team_url: '[REDACTED]' }
[09/04/17, 09:23:49:264] info: Store: SET_LOGIN_DIALOG
[09/04/17, 12:43:59:894] info: ╔═════════════════════════════════════════════════════════════════════════════╗
[09/04/17, 12:43:59:901] info: ║      Slack 2.7.1, linux 4.12.8-2-ARCH on x64 at 09/04/17, 12:43:59:870      ║
[09/04/17, 12:43:59:909] info: ╚═════════════════════════════════════════════════════════════════════════════╝
[09/04/17, 12:44:02:305] info: updateSuspendResume: true
[09/04/17, 12:44:02:309] warn: updateSpellcheckerLanguage: Tried to update language, but spellchecker not initialized
[09/04/17, 12:44:14:443] info: Store: SELECT_CHANNEL D6V9QJ6BT
[09/04/17, 12:44:14:464] info: Store: UPDATE_TEAM_LOCALE
{ locale: 'en-US', teamId: undefined }
[09/04/17, 12:44:20:344] info: Store: UPDATE_TEAM_ICONS
{ icons: 
   { image_34: 'https://s3-us-west-2.amazonaws.com/slack-files2/avatars/2016-05-04/40016349809_72ed34fa4e024ff86d08_34.png',
     image_44: 'https://s3-us-west-2.amazonaws.com/slack-files2/avatars/2016-05-04/40016349809_72ed34fa4e024ff86d08_44.png',
     image_68: 'https://s3-us-west-2.amazonaws.com/slack-files2/avatars/2016-05-04/40016349809_72ed34fa4e024ff86d08_68.png',
     image_88: 'https://s3-us-west-2.amazonaws.com/slack-files2/avatars/2016-05-04/40016349809_72ed34fa4e024ff86d08_88.png',
     image_102: 'https://s3-us-west-2.amazonaws.com/slack-files2/avatars/2016-05-04/40016349809_72ed34fa4e024ff86d08_102.png',
     image_132: 'https://s3-us-west-2.amazonaws.com/slack-files2/avatars/2016-05-04/40016349809_72ed34fa4e024ff86d08_132.png',
     image_original: 'https://s3-us-west-2.amazonaws.com/slack-files2/avatars/2016-05-04/40016349809_72ed34fa4e024ff86d08_original.png',
     image_230: 'https://s3-us-west-2.amazonaws.com/slack-files2/avatars/2016-05-04/40016349809_72ed34fa4e024ff86d08_132.png' },
  teamId: 'T1608S4F7' }
[09/04/17, 12:44:21:155] info: Store: UPDATE_TEAM_LOCALE
{ locale: 'en-US', teamId: 'T1608S4F7' }
[09/04/17, 12:44:21:994] info: Store: UPDATE_TEAM_THEME
{ theme: 
   { column_bg: '#4D394B',
     menu_bg: '#3E313C',
     active_item: '#4C9689',
     active_item_text: '#FFFFFF',
     hover_item: '#3E313C',
     text_color: '#FFFFFF',
     active_presence: '#38978D',
     badge: '#EB4D5C' },
  teamId: 'T1608S4F7' }
[09/04/17, 12:44:24:218] info: Couldn't get hint text from messages in channel: Failed to fetch recent messages
[09/04/17, 12:44:39:190] info: Couldn't get hint text from messages in channel: Failed to fetch recent messages
[09/04/17, 13:33:12:628] info: Unloading spellchecker
[09/04/17, 13:54:59:872] info: Unloading spellchecker
[09/04/17, 13:55:00:054] info: Unloading spellchecker
[09/04/17, 19:59:37:692] info: Store: UPDATE_TEAM_ICONS
{ icons: 
   { image_34: 'https://s3-us-west-2.amazonaws.com/slack-files2/avatars/2016-05-04/40016349809_72ed34fa4e024ff86d08_34.png',
     image_44: 'https://s3-us-west-2.amazonaws.com/slack-files2/avatars/2016-05-04/40016349809_72ed34fa4e024ff86d08_44.png',
     image_68: 'https://s3-us-west-2.amazonaws.com/slack-files2/avatars/2016-05-04/40016349809_72ed34fa4e024ff86d08_68.png',
     image_88: 'https://s3-us-west-2.amazonaws.com/slack-files2/avatars/2016-05-04/40016349809_72ed34fa4e024ff86d08_88.png',
     image_102: 'https://s3-us-west-2.amazonaws.com/slack-files2/avatars/2016-05-04/40016349809_72ed34fa4e024ff86d08_102.png',
     image_132: 'https://s3-us-west-2.amazonaws.com/slack-files2/avatars/2016-05-04/40016349809_72ed34fa4e024ff86d08_132.png',
     image_original: 'https://s3-us-west-2.amazonaws.com/slack-files2/avatars/2016-05-04/40016349809_72ed34fa4e024ff86d08_original.png',
     image_230: 'https://s3-us-west-2.amazonaws.com/slack-files2/avatars/2016-05-04/40016349809_72ed34fa4e024ff86d08_132.png' },
  teamId: 'T1608S4F7' }
[09/04/17, 19:59:38:775] info: Store: UPDATE_TEAM_LOCALE
{ locale: 'en-US', teamId: 'T1608S4F7' }
