[08/23/17, 16:09:12:061] info: ╔═════════════════════════════════════════════════════════════════════════════╗
[08/23/17, 16:09:12:063] info: ║      Slack 2.7.1, linux 4.12.8-2-ARCH on x64 at 08/23/17, 16:09:12:047      ║
[08/23/17, 16:09:12:064] info: ╚═════════════════════════════════════════════════════════════════════════════╝
[08/23/17, 16:09:12:484] info: updateSuspendResume: true
[08/23/17, 16:09:12:485] warn: updateSpellcheckerLanguage: Tried to update language, but spellchecker not initialized
[08/23/17, 16:09:22:215] info: Store: SELECT_CHANNEL C23HW8MS5
[08/23/17, 16:09:22:223] info: Store: UPDATE_TEAM_LOCALE
{ locale: 'en-US', teamId: undefined }
[08/23/17, 16:09:24:215] info: Store: UPDATE_TEAM_ICONS
{ icons: false, teamId: 'T23HGJQ92' }
[08/23/17, 16:09:24:815] info: Store: UPDATE_TEAM_LOCALE
{ locale: 'en-US', teamId: 'T23HGJQ92' }
[08/23/17, 16:09:25:344] info: Store: UPDATE_TEAM_THEME
{ theme: 
   { column_bg: '#303E4D',
     menu_bg: '#2C3849',
     active_item: '#6698C8',
     active_item_text: '#FFFFFF',
     hover_item: '#4A5664',
     text_color: '#FFFFFF',
     active_presence: '#94E864',
     badge: '#78AF8F' },
  teamId: 'T23HGJQ92' }
[08/23/17, 16:09:26:871] info: Raw Locale list: ["C","en_US.utf8","POSIX",""]
[08/23/17, 16:09:26:873] info: Filtered Locale list: ["en_US"]
[08/23/17, 16:09:26:875] info: Counts: {"en":["en_US"]}
[08/23/17, 16:09:26:876] info: Setting en
[08/23/17, 16:09:26:878] info: Result: {"en":"en-US"}
[08/23/17, 16:09:26:882] info: Requesting to load en-US, alternatives are ["en-US","en-US","en-US"]
[08/23/17, 16:09:26:885] info: Loading dictionary for language en-US
[08/23/17, 16:09:26:886] info: Returning local copy: /home/alp/.config/Slack/dictionaries/en-US.bdic
[08/23/17, 16:09:27:346] info: Setting current spellchecker to en-US, requested language was en-US
[08/23/17, 16:09:27:347] info: Creating node-spellchecker instance
[08/23/17, 16:09:27:350] info: Actually installing spell check provider to Electron
[08/23/17, 16:09:27:353] info: Loading dictionary for language en-US
[08/23/17, 16:09:27:354] info: Returning local copy: /home/alp/.config/Slack/dictionaries/en-US.bdic
[08/23/17, 16:09:27:359] info: Setting current spellchecker to en-US, requested language was en-US
[08/23/17, 16:36:16:796] info: Store: UPDATE_TEAM_ICONS
{ icons: false, teamId: 'T23HGJQ92' }
[08/23/17, 16:36:17:376] info: Store: UPDATE_TEAM_LOCALE
{ locale: 'en-US', teamId: 'T23HGJQ92' }
[08/23/17, 21:06:23:754] info: Store: UPDATE_TEAM_ICONS
{ icons: false, teamId: 'T23HGJQ92' }
[08/23/17, 21:06:24:251] info: Store: UPDATE_TEAM_LOCALE
{ locale: 'en-US', teamId: 'T23HGJQ92' }
[08/24/17, 09:01:38:284] info: Window is unloading, winssb is no longer accessible
[08/24/17, 09:01:39:461] info: Window is unloading, winssb is no longer accessible
[08/24/17, 09:01:42:646] info: ╔═════════════════════════════════════════════════════════════════════════════╗
[08/24/17, 09:01:42:658] info: ║      Slack 2.7.1, linux 4.12.8-2-ARCH on x64 at 08/24/17, 09:01:42:612      ║
[08/24/17, 09:01:42:664] info: ╚═════════════════════════════════════════════════════════════════════════════╝
[08/24/17, 09:01:43:212] info: updateSuspendResume: true
[08/24/17, 09:01:43:213] warn: updateSpellcheckerLanguage: Tried to update language, but spellchecker not initialized
[08/24/17, 09:01:47:163] info: Store: SELECT_CHANNEL C23HW8MS5
[08/24/17, 09:01:47:170] info: Store: UPDATE_TEAM_LOCALE
{ locale: 'en-US', teamId: undefined }
[08/24/17, 09:01:48:703] info: Store: UPDATE_TEAM_ICONS
{ icons: false, teamId: 'T23HGJQ92' }
[08/24/17, 09:01:49:108] info: Store: UPDATE_TEAM_LOCALE
{ locale: 'en-US', teamId: 'T23HGJQ92' }
[08/24/17, 09:01:49:260] info: Store: UPDATE_TEAM_THEME
{ theme: 
   { column_bg: '#303E4D',
     menu_bg: '#2C3849',
     active_item: '#6698C8',
     active_item_text: '#FFFFFF',
     hover_item: '#4A5664',
     text_color: '#FFFFFF',
     active_presence: '#94E864',
     badge: '#78AF8F' },
  teamId: 'T23HGJQ92' }
[08/24/17, 09:01:49:890] info: Raw Locale list: ["C","en_US.utf8","POSIX",""]
[08/24/17, 09:01:49:891] info: Filtered Locale list: ["en_US"]
[08/24/17, 09:01:49:893] info: Counts: {"en":["en_US"]}
[08/24/17, 09:01:49:894] info: Setting en
[08/24/17, 09:01:49:895] info: Result: {"en":"en-US"}
[08/24/17, 09:01:49:898] info: Requesting to load en-US, alternatives are ["en-US","en-US","en-US"]
[08/24/17, 09:01:49:899] info: Loading dictionary for language en-US
[08/24/17, 09:01:49:901] info: Returning local copy: /home/alp/.config/Slack/dictionaries/en-US.bdic
[08/24/17, 09:01:49:921] info: Setting current spellchecker to en-US, requested language was en-US
[08/24/17, 09:01:49:922] info: Creating node-spellchecker instance
[08/24/17, 09:01:49:924] info: Actually installing spell check provider to Electron
[08/24/17, 09:01:49:933] info: Loading dictionary for language en-US
[08/24/17, 09:01:49:934] info: Returning local copy: /home/alp/.config/Slack/dictionaries/en-US.bdic
[08/24/17, 09:01:49:936] info: Setting current spellchecker to en-US, requested language was en-US
